2019-01-28T10:07:30.153 TRACE default  acc: undefined

2019-01-28T10:07:36.828 ERROR default  session过期，请重新登陆 {"stack":"at api_json (D:\OA\KOA\controller\api.js:114:38)"}

2019-01-28T10:07:36.831 ERROR default  session过期，请重新登陆 {"stack":"at api_json (D:\OA\KOA\controller\api.js:114:38)"}

2019-01-28T10:07:36.833 ERROR default  session过期，请重新登陆 {"stack":"at api_json (D:\OA\KOA\controller\api.js:114:38)"}

2019-01-28T10:07:44.686 TRACE default  api_preLogin接收到前台的参数: { m: 'multi_result',
  SP_NAME: 'SP_USER_LOGIN_BEF_SELECT',
  MEME_LOGIN: '006' }

2019-01-28T10:07:46.315 TRACE default  api_preLogin接收到后台的参数: { result: { RETURN_CODE: 0, RETURN_MESSAGE: '' },
  meme_info: [ { MEME_LOGIN: '006', MEME_NAME: '系统管理员', MEME_KY: 10006 } ],
  group_account: 
   [ { GPGP_NAME: '上海保滏信息技术有限公司',
       GPGP_ID: 'PCT',
       GPGP_KY: 1002,
       DPPS_KY: 6 } ] }

2019-01-28T10:07:51.427 TRACE default  api_login接收前台的参数: { MEME_LOGIN: '006', MEME_PASSWORD: 'Power123', GPGP_KY: 1002 }

2019-01-28T10:07:51.528 TRACE default  api_login接收到的后台的数据： { '@RETURN_VALUE': 0,
  GPGP_KY: 1002,
  MEME_KY: 10006,
  DPDP_KY: 102,
  PSPS_KY: 2222,
  MEME_EMAIL: 'julian.zhu@powerfultone.com',
  RETURN_NAME: '系统管理员',
  RETURN_CODE: 0,
  RETURN_MESSAGE: '登陆成功',
  EHUSER: 6 }

2019-01-28T10:07:51.720 INFO default  记下的session数据: { DPPS_KY: 6,
  MEME_KY: 10006,
  GPGP_KY: 1002,
  DPDP_KY: 102,
  PSPS_KY: 2222,
  LVAL_KY: 25,
  TOTAL_AL_DAY: 10,
  USAGE_AL_DAY: 1,
  APPLY_AL_DAY: 3.5,
  OTOT_KY: 3,
  APPLY_OT_HOUR: 61.599999999999994,
  USAGE_OT_HOUR: 10,
  MEME_LOGIN: '006',
  MEME_NAME: '系统管理员',
  MEME_EMP_ID: '006',
  SYSV_CERT_TYPE: 'C',
  MEME_CERT_ID_NUM: '310102198108133639',
  PSPS_NAME: '部门负责人',
  DPDP_NAME: 'IT技术部',
  GPGP_ID: 'PCT',
  GPGP_NAME: '上海保滏信息技术有限公司' }

2019-01-28T10:07:51.722 TRACE default  api_login传给前台的数据: { RETURN_CODE: 0, RETURN_MESSAGE: '登陆成功', EHUSER: 6 }

2019-01-28T10:07:52.228 TRACE default  api_json接收到前台的参数: { m: 'multi_result', SP_NAME: 'SP_VERIFY_LOAD' }

2019-01-28T10:07:52.233 TRACE default  api_json接收到前台的参数: { m: 'SELECT', SP_NAME: 'SP_DPPS_ALARM_SHOW' }

2019-01-28T10:07:52.234 TRACE default  api_json接收到前台的参数: { SP_NAME: 'SP_VERIFY_LOAD',
  SIMPLE_MODE: 'N',
  m: 'multi_result' }

2019-01-28T10:07:52.467 TRACE default  api_json传给前台数据: { result: { RETURN_CODE: 0, RETURN_MESSAGE: '' },
  meme_info: 
   { DPPS_KY: 6,
     MEME_KY: 10006,
     GPGP_KY: 1002,
     DPDP_KY: 102,
     PSPS_KY: 2222,
     COMMENT: '',
     MEME_LOGIN: '006',
     MEME_NAME: '系统管理员',
     GPGP_NAME: '上海保滏信息技术有限公司',
     PSPS_NAME: '部门负责人',
     DPDP_NAME: 'IT技术部',
     MEME_STS: '01',
     MEME_EMP_ID: '006',
     MEME_EMAIL: 'julian.zhu@powerfultone.com' },
  menu_list: 
   [ { DPPS_KY: 6,
       SYCR_KY: 905,
       SYCR_NAME: '待审核',
       SYCR_LAB_TXT_CH: '待审核',
       SYCR_LINK: 'audited',
       SORT_ORDER: 0,
       SYCR_CLASS: 'icon-daishenhe' },
     { DPPS_KY: 6,
       SYCR_KY: 901,
       SYCR_NAME: '报销管理',
       SYCR_LAB_TXT_CH: '报销管理',
       SYCR_LINK: 'reimburse',
       SORT_ORDER: 5,
       SYCR_CLASS: 'icon-baoxiao1' },
     { DPPS_KY: 6,
       SYCR_KY: 902,
       SYCR_NAME: '外勤管理',
       SYCR_LAB_TXT_CH: '外勤管理',
       SYCR_LINK: 'report',
       SORT_ORDER: 10,
       SYCR_CLASS: 'icon-waiqin' },
     { DPPS_KY: 6,
       SYCR_KY: 903,
       SYCR_NAME: '员工请假',
       SYCR_LAB_TXT_CH: '员工请假',
       SYCR_LINK: 'askForLeave',
       SORT_ORDER: 15,
       SYCR_CLASS: 'icon-qingjia' },
     { DPPS_KY: 6,
       SYCR_KY: 904,
       SYCR_NAME: '加班申请',
       SYCR_LAB_TXT_CH: '加班申请',
       SYCR_LINK: 'overTime',
       SORT_ORDER: 20,
       SYCR_CLASS: 'icon-jiaban' },
     { DPPS_KY: 6,
       SYCR_KY: 906,
       SYCR_NAME: '其他',
       SYCR_LAB_TXT_CH: '其他',
       SYCR_LINK: 'other',
       SORT_ORDER: 25,
       SYCR_CLASS: 'icon-qita' } ],
  hr_notes_catalog: 
   [ { SYSV_KY: 701,
       SYSV_DESC: '出差',
       SYSV_VALUE: 'BSTP',
       SYSV_TYPE: 'SYSV_ATDC_TYPE',
       SYSV_CLIENT_DESC: '\'住宿费({{LIMIT_AC}}元) * 天数({{ATDC_DAY}}天) * 人数({{ATDC_HUMAN_CNT}}人) + 餐补({{LIMIT_TM}}元) * 天数({{ATDC_DAY}}天) * 人数({{ATDC_HUMAN_CNT}}人) =<span class=\\\'sum_fee\\\'>\' + ({{LIMIT_AC}} * {{ATDC_DAY}} * {{ATDC_HUMAN_CNT}} + {{LIMIT_TM}}*{{ATDC_DAY}}*{{ATDC_HUMAN_CNT}} ).toFixed(2) + \'</span>元\';' },
     { SYSV_KY: 702,
       SYSV_DESC: '外勤',
       SYSV_VALUE: 'ETTN',
       SYSV_TYPE: 'SYSV_ATDC_TYPE',
       SYSV_CLIENT_DESC: '\'招待费({{LIMIT_BH}}元) * 人数({{ATDC_HUMAN_CNT}}人) = <span class=\\\'sum_fee\\\'>\' + ({{LIMIT_BH}}*{{ATDC_HUMAN_CNT}}).toFixed(2) + \'</span>元\';' } ],
  hr_notes_area: 
   [ { BSTR_ID: 'A001', BSTR_NAME: 'A类城市', BSTR_DESC: '北京、上海、广州、深圳' },
     { BSTR_ID: 'B001', BSTR_NAME: 'B类城市', BSTR_DESC: '省会及发达地区' },
     { BSTR_ID: 'C001', BSTR_NAME: 'C类城市', BSTR_DESC: '除A、B类城市外其他城市' } ],
  finance_fee_type: 
   [ { FEPP_KY: 100,
       SYSV_FEPP_TYPE: '',
       FEPP_NAME: '销售费用',
       PARENT_FEPP_KY: 0,
       FORMULA: '' },
     { FEPP_KY: 101,
       SYSV_FEPP_TYPE: '',
       FEPP_NAME: '返佣',
       PARENT_FEPP_KY: 0,
       FORMULA: '' },
     { FEPP_KY: 102,
       SYSV_FEPP_TYPE: '',
       FEPP_NAME: '饭贴',
       PARENT_FEPP_KY: 0,
       FORMULA: '' },
     { FEPP_KY: 103,
       SYSV_FEPP_TYPE: '',
       FEPP_NAME: '其他',
       PARENT_FEPP_KY: 0,
       FORMULA: '' },
     { FEPP_KY: 1001,
       SYSV_FEPP_TYPE: 'BH',
       FEPP_NAME: '业务招待费',
       PARENT_FEPP_KY: 100,
       FORMULA: '\'招待费({{LIMIT_BH}}元) * 人数({{ATDC_HUMAN_CNT}}人) = <span class=\\\'sum_fee\\\'>\' + ({{LIMIT_BH}}*{{ATDC_HUMAN_CNT}}).toFixed(2) + \'</span>元\';' },
     { FEPP_KY: 1002,
       SYSV_FEPP_TYPE: '',
       FEPP_NAME: '交通费',
       PARENT_FEPP_KY: 100,
       FORMULA: '' },
     { FEPP_KY: 1003,
       SYSV_FEPP_TYPE: '',
       FEPP_NAME: '市内交通费',
       PARENT_FEPP_KY: 100,
       FORMULA: '' },
     { FEPP_KY: 1004,
       SYSV_FEPP_TYPE: 'AC',
       FEPP_NAME: '住宿费',
       PARENT_FEPP_KY: 100,
       FORMULA: '\'住宿费({{LIMIT_AC}}元) * 天数({{ATDC_DAY}}天) * 人数({{ATDC_HUMAN_CNT}}人) =<span class=\\\'sum_fee\\\'>\' + ({{LIMIT_AC}} * {{ATDC_DAY}} * {{ATDC_HUMAN_CNT}}).toFixed(2) + \'</span>元\';' },
     { FEPP_KY: 1005,
       SYSV_FEPP_TYPE: 'TM',
       FEPP_NAME: '差旅餐补',
       PARENT_FEPP_KY: 100,
       FORMULA: '\'餐补({{LIMIT_TM}}元) * 天数({{ATDC_DAY}}天) * 人数({{ATDC_HUMAN_CNT}}人) =<span class=\\\'sum_fee\\\'>\' + ({{LIMIT_TM}}*{{ATDC_DAY}}*{{ATDC_HUMAN_CNT}}).toFixed(2) + \'</span>元\';' },
     { FEPP_KY: 1006,
       SYSV_FEPP_TYPE: '',
       FEPP_NAME: '通信费',
       PARENT_FEPP_KY: 100,
       FORMULA: '' },
     { FEPP_KY: 1007,
       SYSV_FEPP_TYPE: '',
       FEPP_NAME: '水电费',
       PARENT_FEPP_KY: 100,
       FORMULA: '' },
     { FEPP_KY: 1008,
       SYSV_FEPP_TYPE: '',
       FEPP_NAME: '办公费',
       PARENT_FEPP_KY: 100,
       FORMULA: '' },
     { FEPP_KY: 1009,
       SYSV_FEPP_TYPE: '',
       FEPP_NAME: '办公用品',
       PARENT_FEPP_KY: 100,
       FORMULA: '' },
     { FEPP_KY: 1010,
       SYSV_FEPP_TYPE: '',
       FEPP_NAME: '租赁费',
       PARENT_FEPP_KY: 100,
       FORMULA: '' },
     { FEPP_KY: 1011,
       SYSV_FEPP_TYPE: '',
       FEPP_NAME: '快递费',
       PARENT_FEPP_KY: 100,
       FORMULA: '' },
     { FEPP_KY: 1099,
       SYSV_FEPP_TYPE: '',
       FEPP_NAME: '其他',
       PARENT_FEPP_KY: 100,
       FORMULA: '' },
     { FEPP_KY: 2001,
       SYSV_FEPP_TYPE: 'BH',
       FEPP_NAME: '业务招待费',
       PARENT_FEPP_KY: 101,
       FORMULA: '\'招待费({{LIMIT_BH}}元) * 人数({{ATDC_HUMAN_CNT}}人) = <span class=\\\'sum_fee\\\'>\' + ({{LIMIT_BH}}*{{ATDC_HUMAN_CNT}}).toFixed(2) + \'</span>元\';' },
     { FEPP_KY: 2002,
       SYSV_FEPP_TYPE: '',
       FEPP_NAME: '交通费',
       PARENT_FEPP_KY: 101,
       FORMULA: '' },
     { FEPP_KY: 2003,
       SYSV_FEPP_TYPE: '',
       FEPP_NAME: '市内交通费',
       PARENT_FEPP_KY: 101,
       FORMULA: '' },
     { FEPP_KY: 2004,
       SYSV_FEPP_TYPE: 'AC',
       FEPP_NAME: '住宿费',
       PARENT_FEPP_KY: 101,
       FORMULA: '\'住宿费({{LIMIT_AC}}元) * 天数({{ATDC_DAY}}天) * 人数({{ATDC_HUMAN_CNT}}人) =<span class=\\\'sum_fee\\\'>\' + ({{LIMIT_AC}} * {{ATDC_DAY}} * {{ATDC_HUMAN_CNT}}).toFixed(2) + \'</span>元\';' },
     { FEPP_KY: 2005,
       SYSV_FEPP_TYPE: 'TM',
       FEPP_NAME: '差旅餐补',
       PARENT_FEPP_KY: 101,
       FORMULA: '\'餐补({{LIMIT_TM}}元) * 天数({{ATDC_DAY}}天) * 人数({{ATDC_HUMAN_CNT}}人) =<span class=\\\'sum_fee\\\'>\' + ({{LIMIT_TM}}*{{ATDC_DAY}}*{{ATDC_HUMAN_CNT}}).toFixed(2) + \'</span>元\';' },
     { FEPP_KY: 2006,
       SYSV_FEPP_TYPE: '',
       FEPP_NAME: '通信费',
       PARENT_FEPP_KY: 101,
       FORMULA: '' },
     { FEPP_KY: 2007,
       SYSV_FEPP_TYPE: '',
       FEPP_NAME: '水电费',
       PARENT_FEPP_KY: 101,
       FORMULA: '' },
     { FEPP_KY: 2008,
       SYSV_FEPP_TYPE: '',
       FEPP_NAME: '办公费',
       PARENT_FEPP_KY: 101,
       FORMULA: '' },
     { FEPP_KY: 2009,
       SYSV_FEPP_TYPE: '',
       FEPP_NAME: '办公用品',
       PARENT_FEPP_KY: 101,
       FORMULA: '' },
     { FEPP_KY: 2010,
       SYSV_FEPP_TYPE: '',
       FEPP_NAME: '租赁费',
       PARENT_FEPP_KY: 101,
       FORMULA: '' },
     { FEPP_KY: 2011,
       SYSV_FEPP_TYPE: '',
       FEPP_NAME: '快递费',
       PARENT_FEPP_KY: 101,
       FORMULA: '' },
     { FEPP_KY: 2099,
       SYSV_FEPP_TYPE: '',
       FEPP_NAME: '其他',
       PARENT_FEPP_KY: 101,
       FORMULA: '' },
     { FEPP_KY: 3001,
       SYSV_FEPP_TYPE: 'BH',
       FEPP_NAME: '业务招待费',
       PARENT_FEPP_KY: 102,
       FORMULA: '\'招待费({{LIMIT_BH}}元) * 人数({{ATDC_HUMAN_CNT}}人) = <span class=\\\'sum_fee\\\'>\' + ({{LIMIT_BH}}*{{ATDC_HUMAN_CNT}}).toFixed(2) + \'</span>元\';' },
     { FEPP_KY: 3002,
       SYSV_FEPP_TYPE: '',
       FEPP_NAME: '交通费',
       PARENT_FEPP_KY: 102,
       FORMULA: '' },
     { FEPP_KY: 3003,
       SYSV_FEPP_TYPE: '',
       FEPP_NAME: '市内交通费',
       PARENT_FEPP_KY: 102,
       FORMULA: '' },
     { FEPP_KY: 3004,
       SYSV_FEPP_TYPE: 'AC',
       FEPP_NAME: '住宿费',
       PARENT_FEPP_KY: 102,
       FORMULA: '\'住宿费({{LIMIT_AC}}元) * 天数({{ATDC_DAY}}天) * 人数({{ATDC_HUMAN_CNT}}人) =<span class=\\\'sum_fee\\\'>\' + ({{LIMIT_AC}} * {{ATDC_DAY}} * {{ATDC_HUMAN_CNT}}).toFixed(2) + \'</span>元\';' },
     { FEPP_KY: 3005,
       SYSV_FEPP_TYPE: 'TM',
       FEPP_NAME: '差旅餐补',
       PARENT_FEPP_KY: 102,
       FORMULA: '\'餐补({{LIMIT_TM}}元) * 天数({{ATDC_DAY}}天) * 人数({{ATDC_HUMAN_CNT}}人) =<span class=\\\'sum_fee\\\'>\' + ({{LIMIT_TM}}*{{ATDC_DAY}}*{{ATDC_HUMAN_CNT}}).toFixed(2) + \'</span>元\';' },
     { FEPP_KY: 3006,
       SYSV_FEPP_TYPE: '',
       FEPP_NAME: '通信费',
       PARENT_FEPP_KY: 102,
       FORMULA: '' },
     { FEPP_KY: 3007,
       SYSV_FEPP_TYPE: '',
       FEPP_NAME: '水电费',
       PARENT_FEPP_KY: 102,
       FORMULA: '' },
     { FEPP_KY: 3008,
       SYSV_FEPP_TYPE: '',
       FEPP_NAME: '办公费',
       PARENT_FEPP_KY: 102,
       FORMULA: '' },
     { FEPP_KY: 3009,
       SYSV_FEPP_TYPE: '',
       FEPP_NAME: '办公用品',
       PARENT_FEPP_KY: 102,
       FORMULA: '' },
     { FEPP_KY: 3010,
       SYSV_FEPP_TYPE: '',
       FEPP_NAME: '租赁费',
       PARENT_FEPP_KY: 102,
       FORMULA: '' },
     { FEPP_KY: 3011,
       SYSV_FEPP_TYPE: '',
       FEPP_NAME: '快递费',
       PARENT_FEPP_KY: 102,
       FORMULA: '' },
     { FEPP_KY: 3099,
       SYSV_FEPP_TYPE: '',
       FEPP_NAME: '其他',
       PARENT_FEPP_KY: 102,
       FORMULA: '' },
     { FEPP_KY: 4099,
       SYSV_FEPP_TYPE: '',
       FEPP_NAME: '其他',
       PARENT_FEPP_KY: 103,
       FORMULA: '' } ],
  oa_type: 
   [ { OA_TYPE: 'ATDC', OA_TYPE_NAME: '外勤报备' },
     { OA_TYPE: 'RBRB', OA_TYPE_NAME: '报销管理' },
     { OA_TYPE: 'LVLV', OA_TYPE_NAME: '请假' },
     { OA_TYPE: 'OTBL', OA_TYPE_NAME: '加班申请' } ] }

2019-01-28T10:07:52.519 TRACE default  api_json传给前台数据: [ { WCOUNT: 14, EHUSER: 6 } ]

2019-01-28T10:07:52.574 TRACE default  api_json传给前台数据: { result: { RETURN_CODE: 0, RETURN_MESSAGE: '' },
  meme_info: 
   { DPPS_KY: 6,
     MEME_KY: 10006,
     GPGP_KY: 1002,
     DPDP_KY: 102,
     PSPS_KY: 2222,
     COMMENT: '',
     MEME_LOGIN: '006',
     MEME_NAME: '系统管理员',
     GPGP_NAME: '上海保滏信息技术有限公司',
     PSPS_NAME: '部门负责人',
     DPDP_NAME: 'IT技术部',
     MEME_STS: '01',
     MEME_EMP_ID: '006',
     MEME_EMAIL: 'julian.zhu@powerfultone.com' } }

2019-01-28T10:07:53.714 TRACE default  api_json接收到前台的参数: { m: 'SELECT', SP_NAME: 'SP_DPPS_ALARM_SHOW', TYPE: 'list' }

2019-01-28T10:07:53.786 TRACE default  api_json传给前台数据: [ { OA_LINK: '#reportIndex',
    OA_TYPE_DESC: '外勤待审核数',
    OA_TYPE: 'ATDC',
    WCOUNT: 1,
    EHUSER: 6 },
  { OA_LINK: '#askForLive',
    OA_TYPE_DESC: '员工请假待审核数',
    OA_TYPE: 'LVLV',
    WCOUNT: 3,
    EHUSER: 6 },
  { OA_LINK: '#overTime',
    OA_TYPE_DESC: '加班申请待审核数',
    OA_TYPE: 'OTBL',
    WCOUNT: 3,
    EHUSER: 6 },
  { OA_LINK: '#reimburseMain',
    OA_TYPE_DESC: '报销待审核数',
    OA_TYPE: 'RBRB',
    WCOUNT: 7,
    EHUSER: 6 } ]

2019-01-28T10:07:56.840 TRACE default  api_json接收到前台的参数: { m: 'SELECT', SP_NAME: 'SP_DPPS_ALARM_SHOW', TYPE: 'list' }

2019-01-28T10:07:56.910 TRACE default  api_json传给前台数据: [ { OA_LINK: '#reportIndex',
    OA_TYPE_DESC: '外勤待审核数',
    OA_TYPE: 'ATDC',
    WCOUNT: 1,
    EHUSER: 6 },
  { OA_LINK: '#askForLive',
    OA_TYPE_DESC: '员工请假待审核数',
    OA_TYPE: 'LVLV',
    WCOUNT: 3,
    EHUSER: 6 },
  { OA_LINK: '#overTime',
    OA_TYPE_DESC: '加班申请待审核数',
    OA_TYPE: 'OTBL',
    WCOUNT: 3,
    EHUSER: 6 },
  { OA_LINK: '#reimburseMain',
    OA_TYPE_DESC: '报销待审核数',
    OA_TYPE: 'RBRB',
    WCOUNT: 7,
    EHUSER: 6 } ]

2019-01-28T10:08:03.571 TRACE default  api_json接收到前台的参数: { m: 'multi_result', SP_NAME: 'SP_VERIFY_LOAD' }

2019-01-28T10:08:03.574 TRACE default  api_json接收到前台的参数: { m: 'SELECT', SP_NAME: 'SP_DPPS_ALARM_SHOW' }

2019-01-28T10:08:03.577 TRACE default  api_json接收到前台的参数: { SP_NAME: 'SP_VERIFY_LOAD',
  SIMPLE_MODE: 'N',
  m: 'multi_result' }

2019-01-28T10:08:03.649 TRACE default  api_json传给前台数据: [ { WCOUNT: 14, EHUSER: 6 } ]

2019-01-28T10:08:03.655 TRACE default  api_json传给前台数据: { result: { RETURN_CODE: 0, RETURN_MESSAGE: '' },
  meme_info: 
   { DPPS_KY: 6,
     MEME_KY: 10006,
     GPGP_KY: 1002,
     DPDP_KY: 102,
     PSPS_KY: 2222,
     COMMENT: '',
     MEME_LOGIN: '006',
     MEME_NAME: '系统管理员',
     GPGP_NAME: '上海保滏信息技术有限公司',
     PSPS_NAME: '部门负责人',
     DPDP_NAME: 'IT技术部',
     MEME_STS: '01',
     MEME_EMP_ID: '006',
     MEME_EMAIL: 'julian.zhu@powerfultone.com' },
  menu_list: 
   [ { DPPS_KY: 6,
       SYCR_KY: 905,
       SYCR_NAME: '待审核',
       SYCR_LAB_TXT_CH: '待审核',
       SYCR_LINK: 'audited',
       SORT_ORDER: 0,
       SYCR_CLASS: 'icon-daishenhe' },
     { DPPS_KY: 6,
       SYCR_KY: 901,
       SYCR_NAME: '报销管理',
       SYCR_LAB_TXT_CH: '报销管理',
       SYCR_LINK: 'reimburse',
       SORT_ORDER: 5,
       SYCR_CLASS: 'icon-baoxiao1' },
     { DPPS_KY: 6,
       SYCR_KY: 902,
       SYCR_NAME: '外勤管理',
       SYCR_LAB_TXT_CH: '外勤管理',
       SYCR_LINK: 'report',
       SORT_ORDER: 10,
       SYCR_CLASS: 'icon-waiqin' },
     { DPPS_KY: 6,
       SYCR_KY: 903,
       SYCR_NAME: '员工请假',
       SYCR_LAB_TXT_CH: '员工请假',
       SYCR_LINK: 'askForLeave',
       SORT_ORDER: 15,
       SYCR_CLASS: 'icon-qingjia' },
     { DPPS_KY: 6,
       SYCR_KY: 904,
       SYCR_NAME: '加班申请',
       SYCR_LAB_TXT_CH: '加班申请',
       SYCR_LINK: 'overTime',
       SORT_ORDER: 20,
       SYCR_CLASS: 'icon-jiaban' },
     { DPPS_KY: 6,
       SYCR_KY: 906,
       SYCR_NAME: '其他',
       SYCR_LAB_TXT_CH: '其他',
       SYCR_LINK: 'other',
       SORT_ORDER: 25,
       SYCR_CLASS: 'icon-qita' } ],
  hr_notes_catalog: 
   [ { SYSV_KY: 701,
       SYSV_DESC: '出差',
       SYSV_VALUE: 'BSTP',
       SYSV_TYPE: 'SYSV_ATDC_TYPE',
       SYSV_CLIENT_DESC: '\'住宿费({{LIMIT_AC}}元) * 天数({{ATDC_DAY}}天) * 人数({{ATDC_HUMAN_CNT}}人) + 餐补({{LIMIT_TM}}元) * 天数({{ATDC_DAY}}天) * 人数({{ATDC_HUMAN_CNT}}人) =<span class=\\\'sum_fee\\\'>\' + ({{LIMIT_AC}} * {{ATDC_DAY}} * {{ATDC_HUMAN_CNT}} + {{LIMIT_TM}}*{{ATDC_DAY}}*{{ATDC_HUMAN_CNT}} ).toFixed(2) + \'</span>元\';' },
     { SYSV_KY: 702,
       SYSV_DESC: '外勤',
       SYSV_VALUE: 'ETTN',
       SYSV_TYPE: 'SYSV_ATDC_TYPE',
       SYSV_CLIENT_DESC: '\'招待费({{LIMIT_BH}}元) * 人数({{ATDC_HUMAN_CNT}}人) = <span class=\\\'sum_fee\\\'>\' + ({{LIMIT_BH}}*{{ATDC_HUMAN_CNT}}).toFixed(2) + \'</span>元\';' } ],
  hr_notes_area: 
   [ { BSTR_ID: 'A001', BSTR_NAME: 'A类城市', BSTR_DESC: '北京、上海、广州、深圳' },
     { BSTR_ID: 'B001', BSTR_NAME: 'B类城市', BSTR_DESC: '省会及发达地区' },
     { BSTR_ID: 'C001', BSTR_NAME: 'C类城市', BSTR_DESC: '除A、B类城市外其他城市' } ],
  finance_fee_type: 
   [ { FEPP_KY: 100,
       SYSV_FEPP_TYPE: '',
       FEPP_NAME: '销售费用',
       PARENT_FEPP_KY: 0,
       FORMULA: '' },
     { FEPP_KY: 101,
       SYSV_FEPP_TYPE: '',
       FEPP_NAME: '返佣',
       PARENT_FEPP_KY: 0,
       FORMULA: '' },
     { FEPP_KY: 102,
       SYSV_FEPP_TYPE: '',
       FEPP_NAME: '饭贴',
       PARENT_FEPP_KY: 0,
       FORMULA: '' },
     { FEPP_KY: 103,
       SYSV_FEPP_TYPE: '',
       FEPP_NAME: '其他',
       PARENT_FEPP_KY: 0,
       FORMULA: '' },
     { FEPP_KY: 1001,
       SYSV_FEPP_TYPE: 'BH',
       FEPP_NAME: '业务招待费',
       PARENT_FEPP_KY: 100,
       FORMULA: '\'招待费({{LIMIT_BH}}元) * 人数({{ATDC_HUMAN_CNT}}人) = <span class=\\\'sum_fee\\\'>\' + ({{LIMIT_BH}}*{{ATDC_HUMAN_CNT}}).toFixed(2) + \'</span>元\';' },
     { FEPP_KY: 1002,
       SYSV_FEPP_TYPE: '',
       FEPP_NAME: '交通费',
       PARENT_FEPP_KY: 100,
       FORMULA: '' },
     { FEPP_KY: 1003,
       SYSV_FEPP_TYPE: '',
       FEPP_NAME: '市内交通费',
       PARENT_FEPP_KY: 100,
       FORMULA: '' },
     { FEPP_KY: 1004,
       SYSV_FEPP_TYPE: 'AC',
       FEPP_NAME: '住宿费',
       PARENT_FEPP_KY: 100,
       FORMULA: '\'住宿费({{LIMIT_AC}}元) * 天数({{ATDC_DAY}}天) * 人数({{ATDC_HUMAN_CNT}}人) =<span class=\\\'sum_fee\\\'>\' + ({{LIMIT_AC}} * {{ATDC_DAY}} * {{ATDC_HUMAN_CNT}}).toFixed(2) + \'</span>元\';' },
     { FEPP_KY: 1005,
       SYSV_FEPP_TYPE: 'TM',
       FEPP_NAME: '差旅餐补',
       PARENT_FEPP_KY: 100,
       FORMULA: '\'餐补({{LIMIT_TM}}元) * 天数({{ATDC_DAY}}天) * 人数({{ATDC_HUMAN_CNT}}人) =<span class=\\\'sum_fee\\\'>\' + ({{LIMIT_TM}}*{{ATDC_DAY}}*{{ATDC_HUMAN_CNT}}).toFixed(2) + \'</span>元\';' },
     { FEPP_KY: 1006,
       SYSV_FEPP_TYPE: '',
       FEPP_NAME: '通信费',
       PARENT_FEPP_KY: 100,
       FORMULA: '' },
     { FEPP_KY: 1007,
       SYSV_FEPP_TYPE: '',
       FEPP_NAME: '水电费',
       PARENT_FEPP_KY: 100,
       FORMULA: '' },
     { FEPP_KY: 1008,
       SYSV_FEPP_TYPE: '',
       FEPP_NAME: '办公费',
       PARENT_FEPP_KY: 100,
       FORMULA: '' },
     { FEPP_KY: 1009,
       SYSV_FEPP_TYPE: '',
       FEPP_NAME: '办公用品',
       PARENT_FEPP_KY: 100,
       FORMULA: '' },
     { FEPP_KY: 1010,
       SYSV_FEPP_TYPE: '',
       FEPP_NAME: '租赁费',
       PARENT_FEPP_KY: 100,
       FORMULA: '' },
     { FEPP_KY: 1011,
       SYSV_FEPP_TYPE: '',
       FEPP_NAME: '快递费',
       PARENT_FEPP_KY: 100,
       FORMULA: '' },
     { FEPP_KY: 1099,
       SYSV_FEPP_TYPE: '',
       FEPP_NAME: '其他',
       PARENT_FEPP_KY: 100,
       FORMULA: '' },
     { FEPP_KY: 2001,
       SYSV_FEPP_TYPE: 'BH',
       FEPP_NAME: '业务招待费',
       PARENT_FEPP_KY: 101,
       FORMULA: '\'招待费({{LIMIT_BH}}元) * 人数({{ATDC_HUMAN_CNT}}人) = <span class=\\\'sum_fee\\\'>\' + ({{LIMIT_BH}}*{{ATDC_HUMAN_CNT}}).toFixed(2) + \'</span>元\';' },
     { FEPP_KY: 2002,
       SYSV_FEPP_TYPE: '',
       FEPP_NAME: '交通费',
       PARENT_FEPP_KY: 101,
       FORMULA: '' },
     { FEPP_KY: 2003,
       SYSV_FEPP_TYPE: '',
       FEPP_NAME: '市内交通费',
       PARENT_FEPP_KY: 101,
       FORMULA: '' },
     { FEPP_KY: 2004,
       SYSV_FEPP_TYPE: 'AC',
       FEPP_NAME: '住宿费',
       PARENT_FEPP_KY: 101,
       FORMULA: '\'住宿费({{LIMIT_AC}}元) * 天数({{ATDC_DAY}}天) * 人数({{ATDC_HUMAN_CNT}}人) =<span class=\\\'sum_fee\\\'>\' + ({{LIMIT_AC}} * {{ATDC_DAY}} * {{ATDC_HUMAN_CNT}}).toFixed(2) + \'</span>元\';' },
     { FEPP_KY: 2005,
       SYSV_FEPP_TYPE: 'TM',
       FEPP_NAME: '差旅餐补',
       PARENT_FEPP_KY: 101,
       FORMULA: '\'餐补({{LIMIT_TM}}元) * 天数({{ATDC_DAY}}天) * 人数({{ATDC_HUMAN_CNT}}人) =<span class=\\\'sum_fee\\\'>\' + ({{LIMIT_TM}}*{{ATDC_DAY}}*{{ATDC_HUMAN_CNT}}).toFixed(2) + \'</span>元\';' },
     { FEPP_KY: 2006,
       SYSV_FEPP_TYPE: '',
       FEPP_NAME: '通信费',
       PARENT_FEPP_KY: 101,
       FORMULA: '' },
     { FEPP_KY: 2007,
       SYSV_FEPP_TYPE: '',
       FEPP_NAME: '水电费',
       PARENT_FEPP_KY: 101,
       FORMULA: '' },
     { FEPP_KY: 2008,
       SYSV_FEPP_TYPE: '',
       FEPP_NAME: '办公费',
       PARENT_FEPP_KY: 101,
       FORMULA: '' },
     { FEPP_KY: 2009,
       SYSV_FEPP_TYPE: '',
       FEPP_NAME: '办公用品',
       PARENT_FEPP_KY: 101,
       FORMULA: '' },
     { FEPP_KY: 2010,
       SYSV_FEPP_TYPE: '',
       FEPP_NAME: '租赁费',
       PARENT_FEPP_KY: 101,
       FORMULA: '' },
     { FEPP_KY: 2011,
       SYSV_FEPP_TYPE: '',
       FEPP_NAME: '快递费',
       PARENT_FEPP_KY: 101,
       FORMULA: '' },
     { FEPP_KY: 2099,
       SYSV_FEPP_TYPE: '',
       FEPP_NAME: '其他',
       PARENT_FEPP_KY: 101,
       FORMULA: '' },
     { FEPP_KY: 3001,
       SYSV_FEPP_TYPE: 'BH',
       FEPP_NAME: '业务招待费',
       PARENT_FEPP_KY: 102,
       FORMULA: '\'招待费({{LIMIT_BH}}元) * 人数({{ATDC_HUMAN_CNT}}人) = <span class=\\\'sum_fee\\\'>\' + ({{LIMIT_BH}}*{{ATDC_HUMAN_CNT}}).toFixed(2) + \'</span>元\';' },
     { FEPP_KY: 3002,
       SYSV_FEPP_TYPE: '',
       FEPP_NAME: '交通费',
       PARENT_FEPP_KY: 102,
       FORMULA: '' },
     { FEPP_KY: 3003,
       SYSV_FEPP_TYPE: '',
       FEPP_NAME: '市内交通费',
       PARENT_FEPP_KY: 102,
       FORMULA: '' },
     { FEPP_KY: 3004,
       SYSV_FEPP_TYPE: 'AC',
       FEPP_NAME: '住宿费',
       PARENT_FEPP_KY: 102,
       FORMULA: '\'住宿费({{LIMIT_AC}}元) * 天数({{ATDC_DAY}}天) * 人数({{ATDC_HUMAN_CNT}}人) =<span class=\\\'sum_fee\\\'>\' + ({{LIMIT_AC}} * {{ATDC_DAY}} * {{ATDC_HUMAN_CNT}}).toFixed(2) + \'</span>元\';' },
     { FEPP_KY: 3005,
       SYSV_FEPP_TYPE: 'TM',
       FEPP_NAME: '差旅餐补',
       PARENT_FEPP_KY: 102,
       FORMULA: '\'餐补({{LIMIT_TM}}元) * 天数({{ATDC_DAY}}天) * 人数({{ATDC_HUMAN_CNT}}人) =<span class=\\\'sum_fee\\\'>\' + ({{LIMIT_TM}}*{{ATDC_DAY}}*{{ATDC_HUMAN_CNT}}).toFixed(2) + \'</span>元\';' },
     { FEPP_KY: 3006,
       SYSV_FEPP_TYPE: '',
       FEPP_NAME: '通信费',
       PARENT_FEPP_KY: 102,
       FORMULA: '' },
     { FEPP_KY: 3007,
       SYSV_FEPP_TYPE: '',
       FEPP_NAME: '水电费',
       PARENT_FEPP_KY: 102,
       FORMULA: '' },
     { FEPP_KY: 3008,
       SYSV_FEPP_TYPE: '',
       FEPP_NAME: '办公费',
       PARENT_FEPP_KY: 102,
       FORMULA: '' },
     { FEPP_KY: 3009,
       SYSV_FEPP_TYPE: '',
       FEPP_NAME: '办公用品',
       PARENT_FEPP_KY: 102,
       FORMULA: '' },
     { FEPP_KY: 3010,
       SYSV_FEPP_TYPE: '',
       FEPP_NAME: '租赁费',
       PARENT_FEPP_KY: 102,
       FORMULA: '' },
     { FEPP_KY: 3011,
       SYSV_FEPP_TYPE: '',
       FEPP_NAME: '快递费',
       PARENT_FEPP_KY: 102,
       FORMULA: '' },
     { FEPP_KY: 3099,
       SYSV_FEPP_TYPE: '',
       FEPP_NAME: '其他',
       PARENT_FEPP_KY: 102,
       FORMULA: '' },
     { FEPP_KY: 4099,
       SYSV_FEPP_TYPE: '',
       FEPP_NAME: '其他',
       PARENT_FEPP_KY: 103,
       FORMULA: '' } ],
  oa_type: 
   [ { OA_TYPE: 'ATDC', OA_TYPE_NAME: '外勤报备' },
     { OA_TYPE: 'RBRB', OA_TYPE_NAME: '报销管理' },
     { OA_TYPE: 'LVLV', OA_TYPE_NAME: '请假' },
     { OA_TYPE: 'OTBL', OA_TYPE_NAME: '加班申请' } ] }

2019-01-28T10:08:03.703 TRACE default  api_json传给前台数据: { result: { RETURN_CODE: 0, RETURN_MESSAGE: '' },
  meme_info: 
   { DPPS_KY: 6,
     MEME_KY: 10006,
     GPGP_KY: 1002,
     DPDP_KY: 102,
     PSPS_KY: 2222,
     COMMENT: '',
     MEME_LOGIN: '006',
     MEME_NAME: '系统管理员',
     GPGP_NAME: '上海保滏信息技术有限公司',
     PSPS_NAME: '部门负责人',
     DPDP_NAME: 'IT技术部',
     MEME_STS: '01',
     MEME_EMP_ID: '006',
     MEME_EMAIL: 'julian.zhu@powerfultone.com' } }

2019-01-28T10:08:05.757 TRACE default  api_json接收到前台的参数: { m: 'SELECT', SP_NAME: 'SP_DPPS_ALARM_SHOW' }

2019-01-28T10:08:05.762 TRACE default  api_json接收到前台的参数: { SP_NAME: 'SP_VERIFY_LOAD',
  SIMPLE_MODE: 'N',
  m: 'multi_result' }

2019-01-28T10:08:05.764 TRACE default  api_json接收到前台的参数: { SP_NAME: 'SP_RBRB_PRE_LOAD', m: 'multi_result', RBRB_KY: 0 }

2019-01-28T10:08:05.767 TRACE default  api_json接收到前台的参数: { m: 'SELECT',
  SP_NAME: 'TB_BSTR_COST_DROPDOWN_LIST',
  DPPS_KY: 6 }

2019-01-28T10:08:06.867 TRACE default  api_json传给前台数据: [ { WCOUNT: 14, EHUSER: 6 } ]

2019-01-28T10:08:06.940 TRACE default  api_json传给前台数据: { result: { RETURN_CODE: 0, RETURN_MESSAGE: '' },
  meme_info: 
   { DPPS_KY: 6,
     MEME_KY: 10006,
     GPGP_KY: 1002,
     DPDP_KY: 102,
     PSPS_KY: 2222,
     COMMENT: '',
     MEME_LOGIN: '006',
     MEME_NAME: '系统管理员',
     GPGP_NAME: '上海保滏信息技术有限公司',
     PSPS_NAME: '部门负责人',
     DPDP_NAME: 'IT技术部',
     MEME_STS: '01',
     MEME_EMP_ID: '006',
     MEME_EMAIL: 'julian.zhu@powerfultone.com' } }

2019-01-28T10:08:06.944 TRACE default  api_json传给前台数据: { result: { RETURN_CODE: 0, RETURN_MESSAGE: '' },
  bill_id: { RBRB_ID: 'RB201901280001' },
  rbrb_info: {},
  rbrb_images: [],
  rbrb_auditing: [] }

2019-01-28T10:08:07.020 TRACE default  api_json传给前台数据: [ { BSTR_ID: 'A001',
    BSTR_NAME: 'A类城市',
    PSPS_KY: 2222,
    PSPS_NAME: '部门负责人',
    LIMIT_AC: '600.00',
    AC_COMMENT: '住宿标准',
    LIMIT_TM: '120.00',
    TM_COMMENT: '差旅餐补',
    LIMIT_BH: '200.00',
    BH_COMMENT: '业务招待费' },
  { BSTR_ID: 'B001',
    BSTR_NAME: 'B类城市',
    PSPS_KY: 2222,
    PSPS_NAME: '部门负责人',
    LIMIT_AC: '500.00',
    AC_COMMENT: '住宿标准',
    LIMIT_TM: '100.00',
    TM_COMMENT: '差旅餐补',
    LIMIT_BH: '150.00',
    BH_COMMENT: '业务招待费' },
  { BSTR_ID: 'C001',
    BSTR_NAME: 'C类城市',
    PSPS_KY: 2222,
    PSPS_NAME: '部门负责人',
    LIMIT_AC: '400.00',
    AC_COMMENT: '住宿标准',
    LIMIT_TM: '80.00',
    TM_COMMENT: '差旅餐补',
    LIMIT_BH: '100.00',
    BH_COMMENT: '业务招待费' } ]

2019-01-28T10:08:11.023 TRACE default  api_json接收到前台的参数: { m: 'multi_result', SP_NAME: 'SP_VERIFY_LOAD' }

2019-01-28T10:08:11.028 TRACE default  api_json接收到前台的参数: { m: 'SELECT', SP_NAME: 'SP_DPPS_ALARM_SHOW' }

2019-01-28T10:08:11.033 TRACE default  api_json接收到前台的参数: { SP_NAME: 'SP_VERIFY_LOAD',
  SIMPLE_MODE: 'N',
  m: 'multi_result' }

2019-01-28T10:08:11.061 TRACE default  api_json传给前台数据: [ { WCOUNT: 14, EHUSER: 6 } ]

2019-01-28T10:08:11.116 TRACE default  api_json传给前台数据: { result: { RETURN_CODE: 0, RETURN_MESSAGE: '' },
  meme_info: 
   { DPPS_KY: 6,
     MEME_KY: 10006,
     GPGP_KY: 1002,
     DPDP_KY: 102,
     PSPS_KY: 2222,
     COMMENT: '',
     MEME_LOGIN: '006',
     MEME_NAME: '系统管理员',
     GPGP_NAME: '上海保滏信息技术有限公司',
     PSPS_NAME: '部门负责人',
     DPDP_NAME: 'IT技术部',
     MEME_STS: '01',
     MEME_EMP_ID: '006',
     MEME_EMAIL: 'julian.zhu@powerfultone.com' } }

2019-01-28T10:08:11.117 TRACE default  api_json传给前台数据: { result: { RETURN_CODE: 0, RETURN_MESSAGE: '' },
  meme_info: 
   { DPPS_KY: 6,
     MEME_KY: 10006,
     GPGP_KY: 1002,
     DPDP_KY: 102,
     PSPS_KY: 2222,
     COMMENT: '',
     MEME_LOGIN: '006',
     MEME_NAME: '系统管理员',
     GPGP_NAME: '上海保滏信息技术有限公司',
     PSPS_NAME: '部门负责人',
     DPDP_NAME: 'IT技术部',
     MEME_STS: '01',
     MEME_EMP_ID: '006',
     MEME_EMAIL: 'julian.zhu@powerfultone.com' },
  menu_list: 
   [ { DPPS_KY: 6,
       SYCR_KY: 905,
       SYCR_NAME: '待审核',
       SYCR_LAB_TXT_CH: '待审核',
       SYCR_LINK: 'audited',
       SORT_ORDER: 0,
       SYCR_CLASS: 'icon-daishenhe' },
     { DPPS_KY: 6,
       SYCR_KY: 901,
       SYCR_NAME: '报销管理',
       SYCR_LAB_TXT_CH: '报销管理',
       SYCR_LINK: 'reimburse',
       SORT_ORDER: 5,
       SYCR_CLASS: 'icon-baoxiao1' },
     { DPPS_KY: 6,
       SYCR_KY: 902,
       SYCR_NAME: '外勤管理',
       SYCR_LAB_TXT_CH: '外勤管理',
       SYCR_LINK: 'report',
       SORT_ORDER: 10,
       SYCR_CLASS: 'icon-waiqin' },
     { DPPS_KY: 6,
       SYCR_KY: 903,
       SYCR_NAME: '员工请假',
       SYCR_LAB_TXT_CH: '员工请假',
       SYCR_LINK: 'askForLeave',
       SORT_ORDER: 15,
       SYCR_CLASS: 'icon-qingjia' },
     { DPPS_KY: 6,
       SYCR_KY: 904,
       SYCR_NAME: '加班申请',
       SYCR_LAB_TXT_CH: '加班申请',
       SYCR_LINK: 'overTime',
       SORT_ORDER: 20,
       SYCR_CLASS: 'icon-jiaban' },
     { DPPS_KY: 6,
       SYCR_KY: 906,
       SYCR_NAME: '其他',
       SYCR_LAB_TXT_CH: '其他',
       SYCR_LINK: 'other',
       SORT_ORDER: 25,
       SYCR_CLASS: 'icon-qita' } ],
  hr_notes_catalog: 
   [ { SYSV_KY: 701,
       SYSV_DESC: '出差',
       SYSV_VALUE: 'BSTP',
       SYSV_TYPE: 'SYSV_ATDC_TYPE',
       SYSV_CLIENT_DESC: '\'住宿费({{LIMIT_AC}}元) * 天数({{ATDC_DAY}}天) * 人数({{ATDC_HUMAN_CNT}}人) + 餐补({{LIMIT_TM}}元) * 天数({{ATDC_DAY}}天) * 人数({{ATDC_HUMAN_CNT}}人) =<span class=\\\'sum_fee\\\'>\' + ({{LIMIT_AC}} * {{ATDC_DAY}} * {{ATDC_HUMAN_CNT}} + {{LIMIT_TM}}*{{ATDC_DAY}}*{{ATDC_HUMAN_CNT}} ).toFixed(2) + \'</span>元\';' },
     { SYSV_KY: 702,
       SYSV_DESC: '外勤',
       SYSV_VALUE: 'ETTN',
       SYSV_TYPE: 'SYSV_ATDC_TYPE',
       SYSV_CLIENT_DESC: '\'招待费({{LIMIT_BH}}元) * 人数({{ATDC_HUMAN_CNT}}人) = <span class=\\\'sum_fee\\\'>\' + ({{LIMIT_BH}}*{{ATDC_HUMAN_CNT}}).toFixed(2) + \'</span>元\';' } ],
  hr_notes_area: 
   [ { BSTR_ID: 'A001', BSTR_NAME: 'A类城市', BSTR_DESC: '北京、上海、广州、深圳' },
     { BSTR_ID: 'B001', BSTR_NAME: 'B类城市', BSTR_DESC: '省会及发达地区' },
     { BSTR_ID: 'C001', BSTR_NAME: 'C类城市', BSTR_DESC: '除A、B类城市外其他城市' } ],
  finance_fee_type: 
   [ { FEPP_KY: 100,
       SYSV_FEPP_TYPE: '',
       FEPP_NAME: '销售费用',
       PARENT_FEPP_KY: 0,
       FORMULA: '' },
     { FEPP_KY: 101,
       SYSV_FEPP_TYPE: '',
       FEPP_NAME: '返佣',
       PARENT_FEPP_KY: 0,
       FORMULA: '' },
     { FEPP_KY: 102,
       SYSV_FEPP_TYPE: '',
       FEPP_NAME: '饭贴',
       PARENT_FEPP_KY: 0,
       FORMULA: '' },
     { FEPP_KY: 103,
       SYSV_FEPP_TYPE: '',
       FEPP_NAME: '其他',
       PARENT_FEPP_KY: 0,
       FORMULA: '' },
     { FEPP_KY: 1001,
       SYSV_FEPP_TYPE: 'BH',
       FEPP_NAME: '业务招待费',
       PARENT_FEPP_KY: 100,
       FORMULA: '\'招待费({{LIMIT_BH}}元) * 人数({{ATDC_HUMAN_CNT}}人) = <span class=\\\'sum_fee\\\'>\' + ({{LIMIT_BH}}*{{ATDC_HUMAN_CNT}}).toFixed(2) + \'</span>元\';' },
     { FEPP_KY: 1002,
       SYSV_FEPP_TYPE: '',
       FEPP_NAME: '交通费',
       PARENT_FEPP_KY: 100,
       FORMULA: '' },
     { FEPP_KY: 1003,
       SYSV_FEPP_TYPE: '',
       FEPP_NAME: '市内交通费',
       PARENT_FEPP_KY: 100,
       FORMULA: '' },
     { FEPP_KY: 1004,
       SYSV_FEPP_TYPE: 'AC',
       FEPP_NAME: '住宿费',
       PARENT_FEPP_KY: 100,
       FORMULA: '\'住宿费({{LIMIT_AC}}元) * 天数({{ATDC_DAY}}天) * 人数({{ATDC_HUMAN_CNT}}人) =<span class=\\\'sum_fee\\\'>\' + ({{LIMIT_AC}} * {{ATDC_DAY}} * {{ATDC_HUMAN_CNT}}).toFixed(2) + \'</span>元\';' },
     { FEPP_KY: 1005,
       SYSV_FEPP_TYPE: 'TM',
       FEPP_NAME: '差旅餐补',
       PARENT_FEPP_KY: 100,
       FORMULA: '\'餐补({{LIMIT_TM}}元) * 天数({{ATDC_DAY}}天) * 人数({{ATDC_HUMAN_CNT}}人) =<span class=\\\'sum_fee\\\'>\' + ({{LIMIT_TM}}*{{ATDC_DAY}}*{{ATDC_HUMAN_CNT}}).toFixed(2) + \'</span>元\';' },
     { FEPP_KY: 1006,
       SYSV_FEPP_TYPE: '',
       FEPP_NAME: '通信费',
       PARENT_FEPP_KY: 100,
       FORMULA: '' },
     { FEPP_KY: 1007,
       SYSV_FEPP_TYPE: '',
       FEPP_NAME: '水电费',
       PARENT_FEPP_KY: 100,
       FORMULA: '' },
     { FEPP_KY: 1008,
       SYSV_FEPP_TYPE: '',
       FEPP_NAME: '办公费',
       PARENT_FEPP_KY: 100,
       FORMULA: '' },
     { FEPP_KY: 1009,
       SYSV_FEPP_TYPE: '',
       FEPP_NAME: '办公用品',
       PARENT_FEPP_KY: 100,
       FORMULA: '' },
     { FEPP_KY: 1010,
       SYSV_FEPP_TYPE: '',
       FEPP_NAME: '租赁费',
       PARENT_FEPP_KY: 100,
       FORMULA: '' },
     { FEPP_KY: 1011,
       SYSV_FEPP_TYPE: '',
       FEPP_NAME: '快递费',
       PARENT_FEPP_KY: 100,
       FORMULA: '' },
     { FEPP_KY: 1099,
       SYSV_FEPP_TYPE: '',
       FEPP_NAME: '其他',
       PARENT_FEPP_KY: 100,
       FORMULA: '' },
     { FEPP_KY: 2001,
       SYSV_FEPP_TYPE: 'BH',
       FEPP_NAME: '业务招待费',
       PARENT_FEPP_KY: 101,
       FORMULA: '\'招待费({{LIMIT_BH}}元) * 人数({{ATDC_HUMAN_CNT}}人) = <span class=\\\'sum_fee\\\'>\' + ({{LIMIT_BH}}*{{ATDC_HUMAN_CNT}}).toFixed(2) + \'</span>元\';' },
     { FEPP_KY: 2002,
       SYSV_FEPP_TYPE: '',
       FEPP_NAME: '交通费',
       PARENT_FEPP_KY: 101,
       FORMULA: '' },
     { FEPP_KY: 2003,
       SYSV_FEPP_TYPE: '',
       FEPP_NAME: '市内交通费',
       PARENT_FEPP_KY: 101,
       FORMULA: '' },
     { FEPP_KY: 2004,
       SYSV_FEPP_TYPE: 'AC',
       FEPP_NAME: '住宿费',
       PARENT_FEPP_KY: 101,
       FORMULA: '\'住宿费({{LIMIT_AC}}元) * 天数({{ATDC_DAY}}天) * 人数({{ATDC_HUMAN_CNT}}人) =<span class=\\\'sum_fee\\\'>\' + ({{LIMIT_AC}} * {{ATDC_DAY}} * {{ATDC_HUMAN_CNT}}).toFixed(2) + \'</span>元\';' },
     { FEPP_KY: 2005,
       SYSV_FEPP_TYPE: 'TM',
       FEPP_NAME: '差旅餐补',
       PARENT_FEPP_KY: 101,
       FORMULA: '\'餐补({{LIMIT_TM}}元) * 天数({{ATDC_DAY}}天) * 人数({{ATDC_HUMAN_CNT}}人) =<span class=\\\'sum_fee\\\'>\' + ({{LIMIT_TM}}*{{ATDC_DAY}}*{{ATDC_HUMAN_CNT}}).toFixed(2) + \'</span>元\';' },
     { FEPP_KY: 2006,
       SYSV_FEPP_TYPE: '',
       FEPP_NAME: '通信费',
       PARENT_FEPP_KY: 101,
       FORMULA: '' },
     { FEPP_KY: 2007,
       SYSV_FEPP_TYPE: '',
       FEPP_NAME: '水电费',
       PARENT_FEPP_KY: 101,
       FORMULA: '' },
     { FEPP_KY: 2008,
       SYSV_FEPP_TYPE: '',
       FEPP_NAME: '办公费',
       PARENT_FEPP_KY: 101,
       FORMULA: '' },
     { FEPP_KY: 2009,
       SYSV_FEPP_TYPE: '',
       FEPP_NAME: '办公用品',
       PARENT_FEPP_KY: 101,
       FORMULA: '' },
     { FEPP_KY: 2010,
       SYSV_FEPP_TYPE: '',
       FEPP_NAME: '租赁费',
       PARENT_FEPP_KY: 101,
       FORMULA: '' },
     { FEPP_KY: 2011,
       SYSV_FEPP_TYPE: '',
       FEPP_NAME: '快递费',
       PARENT_FEPP_KY: 101,
       FORMULA: '' },
     { FEPP_KY: 2099,
       SYSV_FEPP_TYPE: '',
       FEPP_NAME: '其他',
       PARENT_FEPP_KY: 101,
       FORMULA: '' },
     { FEPP_KY: 3001,
       SYSV_FEPP_TYPE: 'BH',
       FEPP_NAME: '业务招待费',
       PARENT_FEPP_KY: 102,
       FORMULA: '\'招待费({{LIMIT_BH}}元) * 人数({{ATDC_HUMAN_CNT}}人) = <span class=\\\'sum_fee\\\'>\' + ({{LIMIT_BH}}*{{ATDC_HUMAN_CNT}}).toFixed(2) + \'</span>元\';' },
     { FEPP_KY: 3002,
       SYSV_FEPP_TYPE: '',
       FEPP_NAME: '交通费',
       PARENT_FEPP_KY: 102,
       FORMULA: '' },
     { FEPP_KY: 3003,
       SYSV_FEPP_TYPE: '',
       FEPP_NAME: '市内交通费',
       PARENT_FEPP_KY: 102,
       FORMULA: '' },
     { FEPP_KY: 3004,
       SYSV_FEPP_TYPE: 'AC',
       FEPP_NAME: '住宿费',
       PARENT_FEPP_KY: 102,
       FORMULA: '\'住宿费({{LIMIT_AC}}元) * 天数({{ATDC_DAY}}天) * 人数({{ATDC_HUMAN_CNT}}人) =<span class=\\\'sum_fee\\\'>\' + ({{LIMIT_AC}} * {{ATDC_DAY}} * {{ATDC_HUMAN_CNT}}).toFixed(2) + \'</span>元\';' },
     { FEPP_KY: 3005,
       SYSV_FEPP_TYPE: 'TM',
       FEPP_NAME: '差旅餐补',
       PARENT_FEPP_KY: 102,
       FORMULA: '\'餐补({{LIMIT_TM}}元) * 天数({{ATDC_DAY}}天) * 人数({{ATDC_HUMAN_CNT}}人) =<span class=\\\'sum_fee\\\'>\' + ({{LIMIT_TM}}*{{ATDC_DAY}}*{{ATDC_HUMAN_CNT}}).toFixed(2) + \'</span>元\';' },
     { FEPP_KY: 3006,
       SYSV_FEPP_TYPE: '',
       FEPP_NAME: '通信费',
       PARENT_FEPP_KY: 102,
       FORMULA: '' },
     { FEPP_KY: 3007,
       SYSV_FEPP_TYPE: '',
       FEPP_NAME: '水电费',
       PARENT_FEPP_KY: 102,
       FORMULA: '' },
     { FEPP_KY: 3008,
       SYSV_FEPP_TYPE: '',
       FEPP_NAME: '办公费',
       PARENT_FEPP_KY: 102,
       FORMULA: '' },
     { FEPP_KY: 3009,
       SYSV_FEPP_TYPE: '',
       FEPP_NAME: '办公用品',
       PARENT_FEPP_KY: 102,
       FORMULA: '' },
     { FEPP_KY: 3010,
       SYSV_FEPP_TYPE: '',
       FEPP_NAME: '租赁费',
       PARENT_FEPP_KY: 102,
       FORMULA: '' },
     { FEPP_KY: 3011,
       SYSV_FEPP_TYPE: '',
       FEPP_NAME: '快递费',
       PARENT_FEPP_KY: 102,
       FORMULA: '' },
     { FEPP_KY: 3099,
       SYSV_FEPP_TYPE: '',
       FEPP_NAME: '其他',
       PARENT_FEPP_KY: 102,
       FORMULA: '' },
     { FEPP_KY: 4099,
       SYSV_FEPP_TYPE: '',
       FEPP_NAME: '其他',
       PARENT_FEPP_KY: 103,
       FORMULA: '' } ],
  oa_type: 
   [ { OA_TYPE: 'ATDC', OA_TYPE_NAME: '外勤报备' },
     { OA_TYPE: 'RBRB', OA_TYPE_NAME: '报销管理' },
     { OA_TYPE: 'LVLV', OA_TYPE_NAME: '请假' },
     { OA_TYPE: 'OTBL', OA_TYPE_NAME: '加班申请' } ] }

2019-01-28T10:09:16.276 TRACE default  api_json接收到前台的参数: { m: 'multi_result', SP_NAME: 'SP_VERIFY_LOAD' }

2019-01-28T10:09:16.280 TRACE default  api_json接收到前台的参数: { m: 'SELECT', SP_NAME: 'SP_DPPS_ALARM_SHOW' }

2019-01-28T10:09:16.283 TRACE default  api_json接收到前台的参数: { SP_NAME: 'SP_VERIFY_LOAD',
  SIMPLE_MODE: 'N',
  m: 'multi_result' }

2019-01-28T10:09:16.379 TRACE default  api_json传给前台数据: { result: { RETURN_CODE: 0, RETURN_MESSAGE: '' },
  meme_info: 
   { DPPS_KY: 6,
     MEME_KY: 10006,
     GPGP_KY: 1002,
     DPDP_KY: 102,
     PSPS_KY: 2222,
     COMMENT: '',
     MEME_LOGIN: '006',
     MEME_NAME: '系统管理员',
     GPGP_NAME: '上海保滏信息技术有限公司',
     PSPS_NAME: '部门负责人',
     DPDP_NAME: 'IT技术部',
     MEME_STS: '01',
     MEME_EMP_ID: '006',
     MEME_EMAIL: 'julian.zhu@powerfultone.com' },
  menu_list: 
   [ { DPPS_KY: 6,
       SYCR_KY: 905,
       SYCR_NAME: '待审核',
       SYCR_LAB_TXT_CH: '待审核',
       SYCR_LINK: 'audited',
       SORT_ORDER: 0,
       SYCR_CLASS: 'icon-daishenhe' },
     { DPPS_KY: 6,
       SYCR_KY: 901,
       SYCR_NAME: '报销管理',
       SYCR_LAB_TXT_CH: '报销管理',
       SYCR_LINK: 'reimburse',
       SORT_ORDER: 5,
       SYCR_CLASS: 'icon-baoxiao1' },
     { DPPS_KY: 6,
       SYCR_KY: 902,
       SYCR_NAME: '外勤管理',
       SYCR_LAB_TXT_CH: '外勤管理',
       SYCR_LINK: 'report',
       SORT_ORDER: 10,
       SYCR_CLASS: 'icon-waiqin' },
     { DPPS_KY: 6,
       SYCR_KY: 903,
       SYCR_NAME: '员工请假',
       SYCR_LAB_TXT_CH: '员工请假',
       SYCR_LINK: 'askForLeave',
       SORT_ORDER: 15,
       SYCR_CLASS: 'icon-qingjia' },
     { DPPS_KY: 6,
       SYCR_KY: 904,
       SYCR_NAME: '加班申请',
       SYCR_LAB_TXT_CH: '加班申请',
       SYCR_LINK: 'overTime',
       SORT_ORDER: 20,
       SYCR_CLASS: 'icon-jiaban' },
     { DPPS_KY: 6,
       SYCR_KY: 906,
       SYCR_NAME: '其他',
       SYCR_LAB_TXT_CH: '其他',
       SYCR_LINK: 'other',
       SORT_ORDER: 25,
       SYCR_CLASS: 'icon-qita' } ],
  hr_notes_catalog: 
   [ { SYSV_KY: 701,
       SYSV_DESC: '出差',
       SYSV_VALUE: 'BSTP',
       SYSV_TYPE: 'SYSV_ATDC_TYPE',
       SYSV_CLIENT_DESC: '\'住宿费({{LIMIT_AC}}元) * 天数({{ATDC_DAY}}天) * 人数({{ATDC_HUMAN_CNT}}人) + 餐补({{LIMIT_TM}}元) * 天数({{ATDC_DAY}}天) * 人数({{ATDC_HUMAN_CNT}}人) =<span class=\\\'sum_fee\\\'>\' + ({{LIMIT_AC}} * {{ATDC_DAY}} * {{ATDC_HUMAN_CNT}} + {{LIMIT_TM}}*{{ATDC_DAY}}*{{ATDC_HUMAN_CNT}} ).toFixed(2) + \'</span>元\';' },
     { SYSV_KY: 702,
       SYSV_DESC: '外勤',
       SYSV_VALUE: 'ETTN',
       SYSV_TYPE: 'SYSV_ATDC_TYPE',
       SYSV_CLIENT_DESC: '\'招待费({{LIMIT_BH}}元) * 人数({{ATDC_HUMAN_CNT}}人) = <span class=\\\'sum_fee\\\'>\' + ({{LIMIT_BH}}*{{ATDC_HUMAN_CNT}}).toFixed(2) + \'</span>元\';' } ],
  hr_notes_area: 
   [ { BSTR_ID: 'A001', BSTR_NAME: 'A类城市', BSTR_DESC: '北京、上海、广州、深圳' },
     { BSTR_ID: 'B001', BSTR_NAME: 'B类城市', BSTR_DESC: '省会及发达地区' },
     { BSTR_ID: 'C001', BSTR_NAME: 'C类城市', BSTR_DESC: '除A、B类城市外其他城市' } ],
  finance_fee_type: 
   [ { FEPP_KY: 100,
       SYSV_FEPP_TYPE: '',
       FEPP_NAME: '销售费用',
       PARENT_FEPP_KY: 0,
       FORMULA: '' },
     { FEPP_KY: 101,
       SYSV_FEPP_TYPE: '',
       FEPP_NAME: '返佣',
       PARENT_FEPP_KY: 0,
       FORMULA: '' },
     { FEPP_KY: 102,
       SYSV_FEPP_TYPE: '',
       FEPP_NAME: '饭贴',
       PARENT_FEPP_KY: 0,
       FORMULA: '' },
     { FEPP_KY: 103,
       SYSV_FEPP_TYPE: '',
       FEPP_NAME: '其他',
       PARENT_FEPP_KY: 0,
       FORMULA: '' },
     { FEPP_KY: 1001,
       SYSV_FEPP_TYPE: 'BH',
       FEPP_NAME: '业务招待费',
       PARENT_FEPP_KY: 100,
       FORMULA: '\'招待费({{LIMIT_BH}}元) * 人数({{ATDC_HUMAN_CNT}}人) = <span class=\\\'sum_fee\\\'>\' + ({{LIMIT_BH}}*{{ATDC_HUMAN_CNT}}).toFixed(2) + \'</span>元\';' },
     { FEPP_KY: 1002,
       SYSV_FEPP_TYPE: '',
       FEPP_NAME: '交通费',
       PARENT_FEPP_KY: 100,
       FORMULA: '' },
     { FEPP_KY: 1003,
       SYSV_FEPP_TYPE: '',
       FEPP_NAME: '市内交通费',
       PARENT_FEPP_KY: 100,
       FORMULA: '' },
     { FEPP_KY: 1004,
       SYSV_FEPP_TYPE: 'AC',
       FEPP_NAME: '住宿费',
       PARENT_FEPP_KY: 100,
       FORMULA: '\'住宿费({{LIMIT_AC}}元) * 天数({{ATDC_DAY}}天) * 人数({{ATDC_HUMAN_CNT}}人) =<span class=\\\'sum_fee\\\'>\' + ({{LIMIT_AC}} * {{ATDC_DAY}} * {{ATDC_HUMAN_CNT}}).toFixed(2) + \'</span>元\';' },
     { FEPP_KY: 1005,
       SYSV_FEPP_TYPE: 'TM',
       FEPP_NAME: '差旅餐补',
       PARENT_FEPP_KY: 100,
       FORMULA: '\'餐补({{LIMIT_TM}}元) * 天数({{ATDC_DAY}}天) * 人数({{ATDC_HUMAN_CNT}}人) =<span class=\\\'sum_fee\\\'>\' + ({{LIMIT_TM}}*{{ATDC_DAY}}*{{ATDC_HUMAN_CNT}}).toFixed(2) + \'</span>元\';' },
     { FEPP_KY: 1006,
       SYSV_FEPP_TYPE: '',
       FEPP_NAME: '通信费',
       PARENT_FEPP_KY: 100,
       FORMULA: '' },
     { FEPP_KY: 1007,
       SYSV_FEPP_TYPE: '',
       FEPP_NAME: '水电费',
       PARENT_FEPP_KY: 100,
       FORMULA: '' },
     { FEPP_KY: 1008,
       SYSV_FEPP_TYPE: '',
       FEPP_NAME: '办公费',
       PARENT_FEPP_KY: 100,
       FORMULA: '' },
     { FEPP_KY: 1009,
       SYSV_FEPP_TYPE: '',
       FEPP_NAME: '办公用品',
       PARENT_FEPP_KY: 100,
       FORMULA: '' },
     { FEPP_KY: 1010,
       SYSV_FEPP_TYPE: '',
       FEPP_NAME: '租赁费',
       PARENT_FEPP_KY: 100,
       FORMULA: '' },
     { FEPP_KY: 1011,
       SYSV_FEPP_TYPE: '',
       FEPP_NAME: '快递费',
       PARENT_FEPP_KY: 100,
       FORMULA: '' },
     { FEPP_KY: 1099,
       SYSV_FEPP_TYPE: '',
       FEPP_NAME: '其他',
       PARENT_FEPP_KY: 100,
       FORMULA: '' },
     { FEPP_KY: 2001,
       SYSV_FEPP_TYPE: 'BH',
       FEPP_NAME: '业务招待费',
       PARENT_FEPP_KY: 101,
       FORMULA: '\'招待费({{LIMIT_BH}}元) * 人数({{ATDC_HUMAN_CNT}}人) = <span class=\\\'sum_fee\\\'>\' + ({{LIMIT_BH}}*{{ATDC_HUMAN_CNT}}).toFixed(2) + \'</span>元\';' },
     { FEPP_KY: 2002,
       SYSV_FEPP_TYPE: '',
       FEPP_NAME: '交通费',
       PARENT_FEPP_KY: 101,
       FORMULA: '' },
     { FEPP_KY: 2003,
       SYSV_FEPP_TYPE: '',
       FEPP_NAME: '市内交通费',
       PARENT_FEPP_KY: 101,
       FORMULA: '' },
     { FEPP_KY: 2004,
       SYSV_FEPP_TYPE: 'AC',
       FEPP_NAME: '住宿费',
       PARENT_FEPP_KY: 101,
       FORMULA: '\'住宿费({{LIMIT_AC}}元) * 天数({{ATDC_DAY}}天) * 人数({{ATDC_HUMAN_CNT}}人) =<span class=\\\'sum_fee\\\'>\' + ({{LIMIT_AC}} * {{ATDC_DAY}} * {{ATDC_HUMAN_CNT}}).toFixed(2) + \'</span>元\';' },
     { FEPP_KY: 2005,
       SYSV_FEPP_TYPE: 'TM',
       FEPP_NAME: '差旅餐补',
       PARENT_FEPP_KY: 101,
       FORMULA: '\'餐补({{LIMIT_TM}}元) * 天数({{ATDC_DAY}}天) * 人数({{ATDC_HUMAN_CNT}}人) =<span class=\\\'sum_fee\\\'>\' + ({{LIMIT_TM}}*{{ATDC_DAY}}*{{ATDC_HUMAN_CNT}}).toFixed(2) + \'</span>元\';' },
     { FEPP_KY: 2006,
       SYSV_FEPP_TYPE: '',
       FEPP_NAME: '通信费',
       PARENT_FEPP_KY: 101,
       FORMULA: '' },
     { FEPP_KY: 2007,
       SYSV_FEPP_TYPE: '',
       FEPP_NAME: '水电费',
       PARENT_FEPP_KY: 101,
       FORMULA: '' },
     { FEPP_KY: 2008,
       SYSV_FEPP_TYPE: '',
       FEPP_NAME: '办公费',
       PARENT_FEPP_KY: 101,
       FORMULA: '' },
     { FEPP_KY: 2009,
       SYSV_FEPP_TYPE: '',
       FEPP_NAME: '办公用品',
       PARENT_FEPP_KY: 101,
       FORMULA: '' },
     { FEPP_KY: 2010,
       SYSV_FEPP_TYPE: '',
       FEPP_NAME: '租赁费',
       PARENT_FEPP_KY: 101,
       FORMULA: '' },
     { FEPP_KY: 2011,
       SYSV_FEPP_TYPE: '',
       FEPP_NAME: '快递费',
       PARENT_FEPP_KY: 101,
       FORMULA: '' },
     { FEPP_KY: 2099,
       SYSV_FEPP_TYPE: '',
       FEPP_NAME: '其他',
       PARENT_FEPP_KY: 101,
       FORMULA: '' },
     { FEPP_KY: 3001,
       SYSV_FEPP_TYPE: 'BH',
       FEPP_NAME: '业务招待费',
       PARENT_FEPP_KY: 102,
       FORMULA: '\'招待费({{LIMIT_BH}}元) * 人数({{ATDC_HUMAN_CNT}}人) = <span class=\\\'sum_fee\\\'>\' + ({{LIMIT_BH}}*{{ATDC_HUMAN_CNT}}).toFixed(2) + \'</span>元\';' },
     { FEPP_KY: 3002,
       SYSV_FEPP_TYPE: '',
       FEPP_NAME: '交通费',
       PARENT_FEPP_KY: 102,
       FORMULA: '' },
     { FEPP_KY: 3003,
       SYSV_FEPP_TYPE: '',
       FEPP_NAME: '市内交通费',
       PARENT_FEPP_KY: 102,
       FORMULA: '' },
     { FEPP_KY: 3004,
       SYSV_FEPP_TYPE: 'AC',
       FEPP_NAME: '住宿费',
       PARENT_FEPP_KY: 102,
       FORMULA: '\'住宿费({{LIMIT_AC}}元) * 天数({{ATDC_DAY}}天) * 人数({{ATDC_HUMAN_CNT}}人) =<span class=\\\'sum_fee\\\'>\' + ({{LIMIT_AC}} * {{ATDC_DAY}} * {{ATDC_HUMAN_CNT}}).toFixed(2) + \'</span>元\';' },
     { FEPP_KY: 3005,
       SYSV_FEPP_TYPE: 'TM',
       FEPP_NAME: '差旅餐补',
       PARENT_FEPP_KY: 102,
       FORMULA: '\'餐补({{LIMIT_TM}}元) * 天数({{ATDC_DAY}}天) * 人数({{ATDC_HUMAN_CNT}}人) =<span class=\\\'sum_fee\\\'>\' + ({{LIMIT_TM}}*{{ATDC_DAY}}*{{ATDC_HUMAN_CNT}}).toFixed(2) + \'</span>元\';' },
     { FEPP_KY: 3006,
       SYSV_FEPP_TYPE: '',
       FEPP_NAME: '通信费',
       PARENT_FEPP_KY: 102,
       FORMULA: '' },
     { FEPP_KY: 3007,
       SYSV_FEPP_TYPE: '',
       FEPP_NAME: '水电费',
       PARENT_FEPP_KY: 102,
       FORMULA: '' },
     { FEPP_KY: 3008,
       SYSV_FEPP_TYPE: '',
       FEPP_NAME: '办公费',
       PARENT_FEPP_KY: 102,
       FORMULA: '' },
     { FEPP_KY: 3009,
       SYSV_FEPP_TYPE: '',
       FEPP_NAME: '办公用品',
       PARENT_FEPP_KY: 102,
       FORMULA: '' },
     { FEPP_KY: 3010,
       SYSV_FEPP_TYPE: '',
       FEPP_NAME: '租赁费',
       PARENT_FEPP_KY: 102,
       FORMULA: '' },
     { FEPP_KY: 3011,
       SYSV_FEPP_TYPE: '',
       FEPP_NAME: '快递费',
       PARENT_FEPP_KY: 102,
       FORMULA: '' },
     { FEPP_KY: 3099,
       SYSV_FEPP_TYPE: '',
       FEPP_NAME: '其他',
       PARENT_FEPP_KY: 102,
       FORMULA: '' },
     { FEPP_KY: 4099,
       SYSV_FEPP_TYPE: '',
       FEPP_NAME: '其他',
       PARENT_FEPP_KY: 103,
       FORMULA: '' } ],
  oa_type: 
   [ { OA_TYPE: 'ATDC', OA_TYPE_NAME: '外勤报备' },
     { OA_TYPE: 'RBRB', OA_TYPE_NAME: '报销管理' },
     { OA_TYPE: 'LVLV', OA_TYPE_NAME: '请假' },
     { OA_TYPE: 'OTBL', OA_TYPE_NAME: '加班申请' } ] }

2019-01-28T10:09:16.424 TRACE default  api_json传给前台数据: [ { WCOUNT: 14, EHUSER: 6 } ]

2019-01-28T10:09:16.480 TRACE default  api_json传给前台数据: { result: { RETURN_CODE: 0, RETURN_MESSAGE: '' },
  meme_info: 
   { DPPS_KY: 6,
     MEME_KY: 10006,
     GPGP_KY: 1002,
     DPDP_KY: 102,
     PSPS_KY: 2222,
     COMMENT: '',
     MEME_LOGIN: '006',
     MEME_NAME: '系统管理员',
     GPGP_NAME: '上海保滏信息技术有限公司',
     PSPS_NAME: '部门负责人',
     DPDP_NAME: 'IT技术部',
     MEME_STS: '01',
     MEME_EMP_ID: '006',
     MEME_EMAIL: 'julian.zhu@powerfultone.com' } }

2019-01-28T10:10:00.122 TRACE default  api_json接收到前台的参数: { m: 'SELECT', SP_NAME: 'SP_DPPS_ALARM_SHOW', TYPE: 'list' }

2019-01-28T10:10:00.191 TRACE default  api_json传给前台数据: [ { OA_LINK: '#reportIndex',
    OA_TYPE_DESC: '外勤待审核数',
    OA_TYPE: 'ATDC',
    WCOUNT: 1,
    EHUSER: 6 },
  { OA_LINK: '#askForLive',
    OA_TYPE_DESC: '员工请假待审核数',
    OA_TYPE: 'LVLV',
    WCOUNT: 3,
    EHUSER: 6 },
  { OA_LINK: '#overTime',
    OA_TYPE_DESC: '加班申请待审核数',
    OA_TYPE: 'OTBL',
    WCOUNT: 3,
    EHUSER: 6 },
  { OA_LINK: '#reimburseMain',
    OA_TYPE_DESC: '报销待审核数',
    OA_TYPE: 'RBRB',
    WCOUNT: 7,
    EHUSER: 6 } ]

2019-01-28T10:13:12.011 TRACE default  api_json接收到前台的参数: { m: 'multi_result', SP_NAME: 'SP_VERIFY_LOAD' }

2019-01-28T10:13:12.014 TRACE default  api_json接收到前台的参数: { m: 'SELECT', SP_NAME: 'SP_DPPS_ALARM_SHOW' }

2019-01-28T10:13:12.017 TRACE default  api_json接收到前台的参数: { SP_NAME: 'SP_VERIFY_LOAD',
  SIMPLE_MODE: 'N',
  m: 'multi_result' }

2019-01-28T10:13:12.050 TRACE default  api_json传给前台数据: { result: { RETURN_CODE: 0, RETURN_MESSAGE: '' },
  meme_info: 
   { DPPS_KY: 6,
     MEME_KY: 10006,
     GPGP_KY: 1002,
     DPDP_KY: 102,
     PSPS_KY: 2222,
     COMMENT: '',
     MEME_LOGIN: '006',
     MEME_NAME: '系统管理员',
     GPGP_NAME: '上海保滏信息技术有限公司',
     PSPS_NAME: '部门负责人',
     DPDP_NAME: 'IT技术部',
     MEME_STS: '01',
     MEME_EMP_ID: '006',
     MEME_EMAIL: 'julian.zhu@powerfultone.com' },
  menu_list: 
   [ { DPPS_KY: 6,
       SYCR_KY: 905,
       SYCR_NAME: '待审核',
       SYCR_LAB_TXT_CH: '待审核',
       SYCR_LINK: 'audited',
       SORT_ORDER: 0,
       SYCR_CLASS: 'icon-daishenhe' },
     { DPPS_KY: 6,
       SYCR_KY: 901,
       SYCR_NAME: '报销管理',
       SYCR_LAB_TXT_CH: '报销管理',
       SYCR_LINK: 'reimburse',
       SORT_ORDER: 5,
       SYCR_CLASS: 'icon-baoxiao1' },
     { DPPS_KY: 6,
       SYCR_KY: 902,
       SYCR_NAME: '外勤管理',
       SYCR_LAB_TXT_CH: '外勤管理',
       SYCR_LINK: 'report',
       SORT_ORDER: 10,
       SYCR_CLASS: 'icon-waiqin' },
     { DPPS_KY: 6,
       SYCR_KY: 903,
       SYCR_NAME: '员工请假',
       SYCR_LAB_TXT_CH: '员工请假',
       SYCR_LINK: 'askForLeave',
       SORT_ORDER: 15,
       SYCR_CLASS: 'icon-qingjia' },
     { DPPS_KY: 6,
       SYCR_KY: 904,
       SYCR_NAME: '加班申请',
       SYCR_LAB_TXT_CH: '加班申请',
       SYCR_LINK: 'overTime',
       SORT_ORDER: 20,
       SYCR_CLASS: 'icon-jiaban' },
     { DPPS_KY: 6,
       SYCR_KY: 906,
       SYCR_NAME: '其他',
       SYCR_LAB_TXT_CH: '其他',
       SYCR_LINK: 'other',
       SORT_ORDER: 25,
       SYCR_CLASS: 'icon-qita' } ],
  hr_notes_catalog: 
   [ { SYSV_KY: 701,
       SYSV_DESC: '出差',
       SYSV_VALUE: 'BSTP',
       SYSV_TYPE: 'SYSV_ATDC_TYPE',
       SYSV_CLIENT_DESC: '\'住宿费({{LIMIT_AC}}元) * 天数({{ATDC_DAY}}天) * 人数({{ATDC_HUMAN_CNT}}人) + 餐补({{LIMIT_TM}}元) * 天数({{ATDC_DAY}}天) * 人数({{ATDC_HUMAN_CNT}}人) =<span class=\\\'sum_fee\\\'>\' + ({{LIMIT_AC}} * {{ATDC_DAY}} * {{ATDC_HUMAN_CNT}} + {{LIMIT_TM}}*{{ATDC_DAY}}*{{ATDC_HUMAN_CNT}} ).toFixed(2) + \'</span>元\';' },
     { SYSV_KY: 702,
       SYSV_DESC: '外勤',
       SYSV_VALUE: 'ETTN',
       SYSV_TYPE: 'SYSV_ATDC_TYPE',
       SYSV_CLIENT_DESC: '\'招待费({{LIMIT_BH}}元) * 人数({{ATDC_HUMAN_CNT}}人) = <span class=\\\'sum_fee\\\'>\' + ({{LIMIT_BH}}*{{ATDC_HUMAN_CNT}}).toFixed(2) + \'</span>元\';' } ],
  hr_notes_area: 
   [ { BSTR_ID: 'A001', BSTR_NAME: 'A类城市', BSTR_DESC: '北京、上海、广州、深圳' },
     { BSTR_ID: 'B001', BSTR_NAME: 'B类城市', BSTR_DESC: '省会及发达地区' },
     { BSTR_ID: 'C001', BSTR_NAME: 'C类城市', BSTR_DESC: '除A、B类城市外其他城市' } ],
  finance_fee_type: 
   [ { FEPP_KY: 100,
       SYSV_FEPP_TYPE: '',
       FEPP_NAME: '销售费用',
       PARENT_FEPP_KY: 0,
       FORMULA: '' },
     { FEPP_KY: 101,
       SYSV_FEPP_TYPE: '',
       FEPP_NAME: '返佣',
       PARENT_FEPP_KY: 0,
       FORMULA: '' },
     { FEPP_KY: 102,
       SYSV_FEPP_TYPE: '',
       FEPP_NAME: '饭贴',
       PARENT_FEPP_KY: 0,
       FORMULA: '' },
     { FEPP_KY: 103,
       SYSV_FEPP_TYPE: '',
       FEPP_NAME: '其他',
       PARENT_FEPP_KY: 0,
       FORMULA: '' },
     { FEPP_KY: 1001,
       SYSV_FEPP_TYPE: 'BH',
       FEPP_NAME: '业务招待费',
       PARENT_FEPP_KY: 100,
       FORMULA: '\'招待费({{LIMIT_BH}}元) * 人数({{ATDC_HUMAN_CNT}}人) = <span class=\\\'sum_fee\\\'>\' + ({{LIMIT_BH}}*{{ATDC_HUMAN_CNT}}).toFixed(2) + \'</span>元\';' },
     { FEPP_KY: 1002,
       SYSV_FEPP_TYPE: '',
       FEPP_NAME: '交通费',
       PARENT_FEPP_KY: 100,
       FORMULA: '' },
     { FEPP_KY: 1003,
       SYSV_FEPP_TYPE: '',
       FEPP_NAME: '市内交通费',
       PARENT_FEPP_KY: 100,
       FORMULA: '' },
     { FEPP_KY: 1004,
       SYSV_FEPP_TYPE: 'AC',
       FEPP_NAME: '住宿费',
       PARENT_FEPP_KY: 100,
       FORMULA: '\'住宿费({{LIMIT_AC}}元) * 天数({{ATDC_DAY}}天) * 人数({{ATDC_HUMAN_CNT}}人) =<span class=\\\'sum_fee\\\'>\' + ({{LIMIT_AC}} * {{ATDC_DAY}} * {{ATDC_HUMAN_CNT}}).toFixed(2) + \'</span>元\';' },
     { FEPP_KY: 1005,
       SYSV_FEPP_TYPE: 'TM',
       FEPP_NAME: '差旅餐补',
       PARENT_FEPP_KY: 100,
       FORMULA: '\'餐补({{LIMIT_TM}}元) * 天数({{ATDC_DAY}}天) * 人数({{ATDC_HUMAN_CNT}}人) =<span class=\\\'sum_fee\\\'>\' + ({{LIMIT_TM}}*{{ATDC_DAY}}*{{ATDC_HUMAN_CNT}}).toFixed(2) + \'</span>元\';' },
     { FEPP_KY: 1006,
       SYSV_FEPP_TYPE: '',
       FEPP_NAME: '通信费',
       PARENT_FEPP_KY: 100,
       FORMULA: '' },
     { FEPP_KY: 1007,
       SYSV_FEPP_TYPE: '',
       FEPP_NAME: '水电费',
       PARENT_FEPP_KY: 100,
       FORMULA: '' },
     { FEPP_KY: 1008,
       SYSV_FEPP_TYPE: '',
       FEPP_NAME: '办公费',
       PARENT_FEPP_KY: 100,
       FORMULA: '' },
     { FEPP_KY: 1009,
       SYSV_FEPP_TYPE: '',
       FEPP_NAME: '办公用品',
       PARENT_FEPP_KY: 100,
       FORMULA: '' },
     { FEPP_KY: 1010,
       SYSV_FEPP_TYPE: '',
       FEPP_NAME: '租赁费',
       PARENT_FEPP_KY: 100,
       FORMULA: '' },
     { FEPP_KY: 1011,
       SYSV_FEPP_TYPE: '',
       FEPP_NAME: '快递费',
       PARENT_FEPP_KY: 100,
       FORMULA: '' },
     { FEPP_KY: 1099,
       SYSV_FEPP_TYPE: '',
       FEPP_NAME: '其他',
       PARENT_FEPP_KY: 100,
       FORMULA: '' },
     { FEPP_KY: 2001,
       SYSV_FEPP_TYPE: 'BH',
       FEPP_NAME: '业务招待费',
       PARENT_FEPP_KY: 101,
       FORMULA: '\'招待费({{LIMIT_BH}}元) * 人数({{ATDC_HUMAN_CNT}}人) = <span class=\\\'sum_fee\\\'>\' + ({{LIMIT_BH}}*{{ATDC_HUMAN_CNT}}).toFixed(2) + \'</span>元\';' },
     { FEPP_KY: 2002,
       SYSV_FEPP_TYPE: '',
       FEPP_NAME: '交通费',
       PARENT_FEPP_KY: 101,
       FORMULA: '' },
     { FEPP_KY: 2003,
       SYSV_FEPP_TYPE: '',
       FEPP_NAME: '市内交通费',
       PARENT_FEPP_KY: 101,
       FORMULA: '' },
     { FEPP_KY: 2004,
       SYSV_FEPP_TYPE: 'AC',
       FEPP_NAME: '住宿费',
       PARENT_FEPP_KY: 101,
       FORMULA: '\'住宿费({{LIMIT_AC}}元) * 天数({{ATDC_DAY}}天) * 人数({{ATDC_HUMAN_CNT}}人) =<span class=\\\'sum_fee\\\'>\' + ({{LIMIT_AC}} * {{ATDC_DAY}} * {{ATDC_HUMAN_CNT}}).toFixed(2) + \'</span>元\';' },
     { FEPP_KY: 2005,
       SYSV_FEPP_TYPE: 'TM',
       FEPP_NAME: '差旅餐补',
       PARENT_FEPP_KY: 101,
       FORMULA: '\'餐补({{LIMIT_TM}}元) * 天数({{ATDC_DAY}}天) * 人数({{ATDC_HUMAN_CNT}}人) =<span class=\\\'sum_fee\\\'>\' + ({{LIMIT_TM}}*{{ATDC_DAY}}*{{ATDC_HUMAN_CNT}}).toFixed(2) + \'</span>元\';' },
     { FEPP_KY: 2006,
       SYSV_FEPP_TYPE: '',
       FEPP_NAME: '通信费',
       PARENT_FEPP_KY: 101,
       FORMULA: '' },
     { FEPP_KY: 2007,
       SYSV_FEPP_TYPE: '',
       FEPP_NAME: '水电费',
       PARENT_FEPP_KY: 101,
       FORMULA: '' },
     { FEPP_KY: 2008,
       SYSV_FEPP_TYPE: '',
       FEPP_NAME: '办公费',
       PARENT_FEPP_KY: 101,
       FORMULA: '' },
     { FEPP_KY: 2009,
       SYSV_FEPP_TYPE: '',
       FEPP_NAME: '办公用品',
       PARENT_FEPP_KY: 101,
       FORMULA: '' },
     { FEPP_KY: 2010,
       SYSV_FEPP_TYPE: '',
       FEPP_NAME: '租赁费',
       PARENT_FEPP_KY: 101,
       FORMULA: '' },
     { FEPP_KY: 2011,
       SYSV_FEPP_TYPE: '',
       FEPP_NAME: '快递费',
       PARENT_FEPP_KY: 101,
       FORMULA: '' },
     { FEPP_KY: 2099,
       SYSV_FEPP_TYPE: '',
       FEPP_NAME: '其他',
       PARENT_FEPP_KY: 101,
       FORMULA: '' },
     { FEPP_KY: 3001,
       SYSV_FEPP_TYPE: 'BH',
       FEPP_NAME: '业务招待费',
       PARENT_FEPP_KY: 102,
       FORMULA: '\'招待费({{LIMIT_BH}}元) * 人数({{ATDC_HUMAN_CNT}}人) = <span class=\\\'sum_fee\\\'>\' + ({{LIMIT_BH}}*{{ATDC_HUMAN_CNT}}).toFixed(2) + \'</span>元\';' },
     { FEPP_KY: 3002,
       SYSV_FEPP_TYPE: '',
       FEPP_NAME: '交通费',
       PARENT_FEPP_KY: 102,
       FORMULA: '' },
     { FEPP_KY: 3003,
       SYSV_FEPP_TYPE: '',
       FEPP_NAME: '市内交通费',
       PARENT_FEPP_KY: 102,
       FORMULA: '' },
     { FEPP_KY: 3004,
       SYSV_FEPP_TYPE: 'AC',
       FEPP_NAME: '住宿费',
       PARENT_FEPP_KY: 102,
       FORMULA: '\'住宿费({{LIMIT_AC}}元) * 天数({{ATDC_DAY}}天) * 人数({{ATDC_HUMAN_CNT}}人) =<span class=\\\'sum_fee\\\'>\' + ({{LIMIT_AC}} * {{ATDC_DAY}} * {{ATDC_HUMAN_CNT}}).toFixed(2) + \'</span>元\';' },
     { FEPP_KY: 3005,
       SYSV_FEPP_TYPE: 'TM',
       FEPP_NAME: '差旅餐补',
       PARENT_FEPP_KY: 102,
       FORMULA: '\'餐补({{LIMIT_TM}}元) * 天数({{ATDC_DAY}}天) * 人数({{ATDC_HUMAN_CNT}}人) =<span class=\\\'sum_fee\\\'>\' + ({{LIMIT_TM}}*{{ATDC_DAY}}*{{ATDC_HUMAN_CNT}}).toFixed(2) + \'</span>元\';' },
     { FEPP_KY: 3006,
       SYSV_FEPP_TYPE: '',
       FEPP_NAME: '通信费',
       PARENT_FEPP_KY: 102,
       FORMULA: '' },
     { FEPP_KY: 3007,
       SYSV_FEPP_TYPE: '',
       FEPP_NAME: '水电费',
       PARENT_FEPP_KY: 102,
       FORMULA: '' },
     { FEPP_KY: 3008,
       SYSV_FEPP_TYPE: '',
       FEPP_NAME: '办公费',
       PARENT_FEPP_KY: 102,
       FORMULA: '' },
     { FEPP_KY: 3009,
       SYSV_FEPP_TYPE: '',
       FEPP_NAME: '办公用品',
       PARENT_FEPP_KY: 102,
       FORMULA: '' },
     { FEPP_KY: 3010,
       SYSV_FEPP_TYPE: '',
       FEPP_NAME: '租赁费',
       PARENT_FEPP_KY: 102,
       FORMULA: '' },
     { FEPP_KY: 3011,
       SYSV_FEPP_TYPE: '',
       FEPP_NAME: '快递费',
       PARENT_FEPP_KY: 102,
       FORMULA: '' },
     { FEPP_KY: 3099,
       SYSV_FEPP_TYPE: '',
       FEPP_NAME: '其他',
       PARENT_FEPP_KY: 102,
       FORMULA: '' },
     { FEPP_KY: 4099,
       SYSV_FEPP_TYPE: '',
       FEPP_NAME: '其他',
       PARENT_FEPP_KY: 103,
       FORMULA: '' } ],
  oa_type: 
   [ { OA_TYPE: 'ATDC', OA_TYPE_NAME: '外勤报备' },
     { OA_TYPE: 'RBRB', OA_TYPE_NAME: '报销管理' },
     { OA_TYPE: 'LVLV', OA_TYPE_NAME: '请假' },
     { OA_TYPE: 'OTBL', OA_TYPE_NAME: '加班申请' } ] }

2019-01-28T10:13:12.090 TRACE default  api_json传给前台数据: { result: { RETURN_CODE: 0, RETURN_MESSAGE: '' },
  meme_info: 
   { DPPS_KY: 6,
     MEME_KY: 10006,
     GPGP_KY: 1002,
     DPDP_KY: 102,
     PSPS_KY: 2222,
     COMMENT: '',
     MEME_LOGIN: '006',
     MEME_NAME: '系统管理员',
     GPGP_NAME: '上海保滏信息技术有限公司',
     PSPS_NAME: '部门负责人',
     DPDP_NAME: 'IT技术部',
     MEME_STS: '01',
     MEME_EMP_ID: '006',
     MEME_EMAIL: 'julian.zhu@powerfultone.com' } }

2019-01-28T10:13:12.095 TRACE default  api_json传给前台数据: [ { WCOUNT: 14, EHUSER: 6 } ]

2019-01-28T10:14:16.863 TRACE default  api_json接收到前台的参数: { m: 'multi_result', SP_NAME: 'SP_VERIFY_LOAD' }

2019-01-28T10:14:16.868 TRACE default  api_json接收到前台的参数: { m: 'SELECT', SP_NAME: 'SP_DPPS_ALARM_SHOW' }

2019-01-28T10:14:16.870 TRACE default  api_json接收到前台的参数: { SP_NAME: 'SP_VERIFY_LOAD',
  SIMPLE_MODE: 'N',
  m: 'multi_result' }

2019-01-28T10:14:16.893 TRACE default  api_json传给前台数据: [ { WCOUNT: 14, EHUSER: 6 } ]

2019-01-28T10:14:16.903 TRACE default  api_json传给前台数据: { result: { RETURN_CODE: 0, RETURN_MESSAGE: '' },
  meme_info: 
   { DPPS_KY: 6,
     MEME_KY: 10006,
     GPGP_KY: 1002,
     DPDP_KY: 102,
     PSPS_KY: 2222,
     COMMENT: '',
     MEME_LOGIN: '006',
     MEME_NAME: '系统管理员',
     GPGP_NAME: '上海保滏信息技术有限公司',
     PSPS_NAME: '部门负责人',
     DPDP_NAME: 'IT技术部',
     MEME_STS: '01',
     MEME_EMP_ID: '006',
     MEME_EMAIL: 'julian.zhu@powerfultone.com' },
  menu_list: 
   [ { DPPS_KY: 6,
       SYCR_KY: 905,
       SYCR_NAME: '待审核',
       SYCR_LAB_TXT_CH: '待审核',
       SYCR_LINK: 'audited',
       SORT_ORDER: 0,
       SYCR_CLASS: 'icon-daishenhe' },
     { DPPS_KY: 6,
       SYCR_KY: 901,
       SYCR_NAME: '报销管理',
       SYCR_LAB_TXT_CH: '报销管理',
       SYCR_LINK: 'reimburse',
       SORT_ORDER: 5,
       SYCR_CLASS: 'icon-baoxiao1' },
     { DPPS_KY: 6,
       SYCR_KY: 902,
       SYCR_NAME: '外勤管理',
       SYCR_LAB_TXT_CH: '外勤管理',
       SYCR_LINK: 'report',
       SORT_ORDER: 10,
       SYCR_CLASS: 'icon-waiqin' },
     { DPPS_KY: 6,
       SYCR_KY: 903,
       SYCR_NAME: '员工请假',
       SYCR_LAB_TXT_CH: '员工请假',
       SYCR_LINK: 'askForLeave',
       SORT_ORDER: 15,
       SYCR_CLASS: 'icon-qingjia' },
     { DPPS_KY: 6,
       SYCR_KY: 904,
       SYCR_NAME: '加班申请',
       SYCR_LAB_TXT_CH: '加班申请',
       SYCR_LINK: 'overTime',
       SORT_ORDER: 20,
       SYCR_CLASS: 'icon-jiaban' },
     { DPPS_KY: 6,
       SYCR_KY: 906,
       SYCR_NAME: '其他',
       SYCR_LAB_TXT_CH: '其他',
       SYCR_LINK: 'other',
       SORT_ORDER: 25,
       SYCR_CLASS: 'icon-qita' } ],
  hr_notes_catalog: 
   [ { SYSV_KY: 701,
       SYSV_DESC: '出差',
       SYSV_VALUE: 'BSTP',
       SYSV_TYPE: 'SYSV_ATDC_TYPE',
       SYSV_CLIENT_DESC: '\'住宿费({{LIMIT_AC}}元) * 天数({{ATDC_DAY}}天) * 人数({{ATDC_HUMAN_CNT}}人) + 餐补({{LIMIT_TM}}元) * 天数({{ATDC_DAY}}天) * 人数({{ATDC_HUMAN_CNT}}人) =<span class=\\\'sum_fee\\\'>\' + ({{LIMIT_AC}} * {{ATDC_DAY}} * {{ATDC_HUMAN_CNT}} + {{LIMIT_TM}}*{{ATDC_DAY}}*{{ATDC_HUMAN_CNT}} ).toFixed(2) + \'</span>元\';' },
     { SYSV_KY: 702,
       SYSV_DESC: '外勤',
       SYSV_VALUE: 'ETTN',
       SYSV_TYPE: 'SYSV_ATDC_TYPE',
       SYSV_CLIENT_DESC: '\'招待费({{LIMIT_BH}}元) * 人数({{ATDC_HUMAN_CNT}}人) = <span class=\\\'sum_fee\\\'>\' + ({{LIMIT_BH}}*{{ATDC_HUMAN_CNT}}).toFixed(2) + \'</span>元\';' } ],
  hr_notes_area: 
   [ { BSTR_ID: 'A001', BSTR_NAME: 'A类城市', BSTR_DESC: '北京、上海、广州、深圳' },
     { BSTR_ID: 'B001', BSTR_NAME: 'B类城市', BSTR_DESC: '省会及发达地区' },
     { BSTR_ID: 'C001', BSTR_NAME: 'C类城市', BSTR_DESC: '除A、B类城市外其他城市' } ],
  finance_fee_type: 
   [ { FEPP_KY: 100,
       SYSV_FEPP_TYPE: '',
       FEPP_NAME: '销售费用',
       PARENT_FEPP_KY: 0,
       FORMULA: '' },
     { FEPP_KY: 101,
       SYSV_FEPP_TYPE: '',
       FEPP_NAME: '返佣',
       PARENT_FEPP_KY: 0,
       FORMULA: '' },
     { FEPP_KY: 102,
       SYSV_FEPP_TYPE: '',
       FEPP_NAME: '饭贴',
       PARENT_FEPP_KY: 0,
       FORMULA: '' },
     { FEPP_KY: 103,
       SYSV_FEPP_TYPE: '',
       FEPP_NAME: '其他',
       PARENT_FEPP_KY: 0,
       FORMULA: '' },
     { FEPP_KY: 1001,
       SYSV_FEPP_TYPE: 'BH',
       FEPP_NAME: '业务招待费',
       PARENT_FEPP_KY: 100,
       FORMULA: '\'招待费({{LIMIT_BH}}元) * 人数({{ATDC_HUMAN_CNT}}人) = <span class=\\\'sum_fee\\\'>\' + ({{LIMIT_BH}}*{{ATDC_HUMAN_CNT}}).toFixed(2) + \'</span>元\';' },
     { FEPP_KY: 1002,
       SYSV_FEPP_TYPE: '',
       FEPP_NAME: '交通费',
       PARENT_FEPP_KY: 100,
       FORMULA: '' },
     { FEPP_KY: 1003,
       SYSV_FEPP_TYPE: '',
       FEPP_NAME: '市内交通费',
       PARENT_FEPP_KY: 100,
       FORMULA: '' },
     { FEPP_KY: 1004,
       SYSV_FEPP_TYPE: 'AC',
       FEPP_NAME: '住宿费',
       PARENT_FEPP_KY: 100,
       FORMULA: '\'住宿费({{LIMIT_AC}}元) * 天数({{ATDC_DAY}}天) * 人数({{ATDC_HUMAN_CNT}}人) =<span class=\\\'sum_fee\\\'>\' + ({{LIMIT_AC}} * {{ATDC_DAY}} * {{ATDC_HUMAN_CNT}}).toFixed(2) + \'</span>元\';' },
     { FEPP_KY: 1005,
       SYSV_FEPP_TYPE: 'TM',
       FEPP_NAME: '差旅餐补',
       PARENT_FEPP_KY: 100,
       FORMULA: '\'餐补({{LIMIT_TM}}元) * 天数({{ATDC_DAY}}天) * 人数({{ATDC_HUMAN_CNT}}人) =<span class=\\\'sum_fee\\\'>\' + ({{LIMIT_TM}}*{{ATDC_DAY}}*{{ATDC_HUMAN_CNT}}).toFixed(2) + \'</span>元\';' },
     { FEPP_KY: 1006,
       SYSV_FEPP_TYPE: '',
       FEPP_NAME: '通信费',
       PARENT_FEPP_KY: 100,
       FORMULA: '' },
     { FEPP_KY: 1007,
       SYSV_FEPP_TYPE: '',
       FEPP_NAME: '水电费',
       PARENT_FEPP_KY: 100,
       FORMULA: '' },
     { FEPP_KY: 1008,
       SYSV_FEPP_TYPE: '',
       FEPP_NAME: '办公费',
       PARENT_FEPP_KY: 100,
       FORMULA: '' },
     { FEPP_KY: 1009,
       SYSV_FEPP_TYPE: '',
       FEPP_NAME: '办公用品',
       PARENT_FEPP_KY: 100,
       FORMULA: '' },
     { FEPP_KY: 1010,
       SYSV_FEPP_TYPE: '',
       FEPP_NAME: '租赁费',
       PARENT_FEPP_KY: 100,
       FORMULA: '' },
     { FEPP_KY: 1011,
       SYSV_FEPP_TYPE: '',
       FEPP_NAME: '快递费',
       PARENT_FEPP_KY: 100,
       FORMULA: '' },
     { FEPP_KY: 1099,
       SYSV_FEPP_TYPE: '',
       FEPP_NAME: '其他',
       PARENT_FEPP_KY: 100,
       FORMULA: '' },
     { FEPP_KY: 2001,
       SYSV_FEPP_TYPE: 'BH',
       FEPP_NAME: '业务招待费',
       PARENT_FEPP_KY: 101,
       FORMULA: '\'招待费({{LIMIT_BH}}元) * 人数({{ATDC_HUMAN_CNT}}人) = <span class=\\\'sum_fee\\\'>\' + ({{LIMIT_BH}}*{{ATDC_HUMAN_CNT}}).toFixed(2) + \'</span>元\';' },
     { FEPP_KY: 2002,
       SYSV_FEPP_TYPE: '',
       FEPP_NAME: '交通费',
       PARENT_FEPP_KY: 101,
       FORMULA: '' },
     { FEPP_KY: 2003,
       SYSV_FEPP_TYPE: '',
       FEPP_NAME: '市内交通费',
       PARENT_FEPP_KY: 101,
       FORMULA: '' },
     { FEPP_KY: 2004,
       SYSV_FEPP_TYPE: 'AC',
       FEPP_NAME: '住宿费',
       PARENT_FEPP_KY: 101,
       FORMULA: '\'住宿费({{LIMIT_AC}}元) * 天数({{ATDC_DAY}}天) * 人数({{ATDC_HUMAN_CNT}}人) =<span class=\\\'sum_fee\\\'>\' + ({{LIMIT_AC}} * {{ATDC_DAY}} * {{ATDC_HUMAN_CNT}}).toFixed(2) + \'</span>元\';' },
     { FEPP_KY: 2005,
       SYSV_FEPP_TYPE: 'TM',
       FEPP_NAME: '差旅餐补',
       PARENT_FEPP_KY: 101,
       FORMULA: '\'餐补({{LIMIT_TM}}元) * 天数({{ATDC_DAY}}天) * 人数({{ATDC_HUMAN_CNT}}人) =<span class=\\\'sum_fee\\\'>\' + ({{LIMIT_TM}}*{{ATDC_DAY}}*{{ATDC_HUMAN_CNT}}).toFixed(2) + \'</span>元\';' },
     { FEPP_KY: 2006,
       SYSV_FEPP_TYPE: '',
       FEPP_NAME: '通信费',
       PARENT_FEPP_KY: 101,
       FORMULA: '' },
     { FEPP_KY: 2007,
       SYSV_FEPP_TYPE: '',
       FEPP_NAME: '水电费',
       PARENT_FEPP_KY: 101,
       FORMULA: '' },
     { FEPP_KY: 2008,
       SYSV_FEPP_TYPE: '',
       FEPP_NAME: '办公费',
       PARENT_FEPP_KY: 101,
       FORMULA: '' },
     { FEPP_KY: 2009,
       SYSV_FEPP_TYPE: '',
       FEPP_NAME: '办公用品',
       PARENT_FEPP_KY: 101,
       FORMULA: '' },
     { FEPP_KY: 2010,
       SYSV_FEPP_TYPE: '',
       FEPP_NAME: '租赁费',
       PARENT_FEPP_KY: 101,
       FORMULA: '' },
     { FEPP_KY: 2011,
       SYSV_FEPP_TYPE: '',
       FEPP_NAME: '快递费',
       PARENT_FEPP_KY: 101,
       FORMULA: '' },
     { FEPP_KY: 2099,
       SYSV_FEPP_TYPE: '',
       FEPP_NAME: '其他',
       PARENT_FEPP_KY: 101,
       FORMULA: '' },
     { FEPP_KY: 3001,
       SYSV_FEPP_TYPE: 'BH',
       FEPP_NAME: '业务招待费',
       PARENT_FEPP_KY: 102,
       FORMULA: '\'招待费({{LIMIT_BH}}元) * 人数({{ATDC_HUMAN_CNT}}人) = <span class=\\\'sum_fee\\\'>\' + ({{LIMIT_BH}}*{{ATDC_HUMAN_CNT}}).toFixed(2) + \'</span>元\';' },
     { FEPP_KY: 3002,
       SYSV_FEPP_TYPE: '',
       FEPP_NAME: '交通费',
       PARENT_FEPP_KY: 102,
       FORMULA: '' },
     { FEPP_KY: 3003,
       SYSV_FEPP_TYPE: '',
       FEPP_NAME: '市内交通费',
       PARENT_FEPP_KY: 102,
       FORMULA: '' },
     { FEPP_KY: 3004,
       SYSV_FEPP_TYPE: 'AC',
       FEPP_NAME: '住宿费',
       PARENT_FEPP_KY: 102,
       FORMULA: '\'住宿费({{LIMIT_AC}}元) * 天数({{ATDC_DAY}}天) * 人数({{ATDC_HUMAN_CNT}}人) =<span class=\\\'sum_fee\\\'>\' + ({{LIMIT_AC}} * {{ATDC_DAY}} * {{ATDC_HUMAN_CNT}}).toFixed(2) + \'</span>元\';' },
     { FEPP_KY: 3005,
       SYSV_FEPP_TYPE: 'TM',
       FEPP_NAME: '差旅餐补',
       PARENT_FEPP_KY: 102,
       FORMULA: '\'餐补({{LIMIT_TM}}元) * 天数({{ATDC_DAY}}天) * 人数({{ATDC_HUMAN_CNT}}人) =<span class=\\\'sum_fee\\\'>\' + ({{LIMIT_TM}}*{{ATDC_DAY}}*{{ATDC_HUMAN_CNT}}).toFixed(2) + \'</span>元\';' },
     { FEPP_KY: 3006,
       SYSV_FEPP_TYPE: '',
       FEPP_NAME: '通信费',
       PARENT_FEPP_KY: 102,
       FORMULA: '' },
     { FEPP_KY: 3007,
       SYSV_FEPP_TYPE: '',
       FEPP_NAME: '水电费',
       PARENT_FEPP_KY: 102,
       FORMULA: '' },
     { FEPP_KY: 3008,
       SYSV_FEPP_TYPE: '',
       FEPP_NAME: '办公费',
       PARENT_FEPP_KY: 102,
       FORMULA: '' },
     { FEPP_KY: 3009,
       SYSV_FEPP_TYPE: '',
       FEPP_NAME: '办公用品',
       PARENT_FEPP_KY: 102,
       FORMULA: '' },
     { FEPP_KY: 3010,
       SYSV_FEPP_TYPE: '',
       FEPP_NAME: '租赁费',
       PARENT_FEPP_KY: 102,
       FORMULA: '' },
     { FEPP_KY: 3011,
       SYSV_FEPP_TYPE: '',
       FEPP_NAME: '快递费',
       PARENT_FEPP_KY: 102,
       FORMULA: '' },
     { FEPP_KY: 3099,
       SYSV_FEPP_TYPE: '',
       FEPP_NAME: '其他',
       PARENT_FEPP_KY: 102,
       FORMULA: '' },
     { FEPP_KY: 4099,
       SYSV_FEPP_TYPE: '',
       FEPP_NAME: '其他',
       PARENT_FEPP_KY: 103,
       FORMULA: '' } ],
  oa_type: 
   [ { OA_TYPE: 'ATDC', OA_TYPE_NAME: '外勤报备' },
     { OA_TYPE: 'RBRB', OA_TYPE_NAME: '报销管理' },
     { OA_TYPE: 'LVLV', OA_TYPE_NAME: '请假' },
     { OA_TYPE: 'OTBL', OA_TYPE_NAME: '加班申请' } ] }

2019-01-28T10:14:16.962 TRACE default  api_json传给前台数据: { result: { RETURN_CODE: 0, RETURN_MESSAGE: '' },
  meme_info: 
   { DPPS_KY: 6,
     MEME_KY: 10006,
     GPGP_KY: 1002,
     DPDP_KY: 102,
     PSPS_KY: 2222,
     COMMENT: '',
     MEME_LOGIN: '006',
     MEME_NAME: '系统管理员',
     GPGP_NAME: '上海保滏信息技术有限公司',
     PSPS_NAME: '部门负责人',
     DPDP_NAME: 'IT技术部',
     MEME_STS: '01',
     MEME_EMP_ID: '006',
     MEME_EMAIL: 'julian.zhu@powerfultone.com' } }

2019-01-28T10:14:20.600 TRACE default  api_json接收到前台的参数: { m: 'multi_result', SP_NAME: 'SP_VERIFY_LOAD' }

2019-01-28T10:14:20.604 TRACE default  api_json接收到前台的参数: { m: 'SELECT', SP_NAME: 'SP_DPPS_ALARM_SHOW' }

2019-01-28T10:14:20.608 TRACE default  api_json接收到前台的参数: { SP_NAME: 'SP_VERIFY_LOAD',
  SIMPLE_MODE: 'N',
  m: 'multi_result' }

2019-01-28T10:14:20.680 TRACE default  api_json传给前台数据: { result: { RETURN_CODE: 0, RETURN_MESSAGE: '' },
  meme_info: 
   { DPPS_KY: 6,
     MEME_KY: 10006,
     GPGP_KY: 1002,
     DPDP_KY: 102,
     PSPS_KY: 2222,
     COMMENT: '',
     MEME_LOGIN: '006',
     MEME_NAME: '系统管理员',
     GPGP_NAME: '上海保滏信息技术有限公司',
     PSPS_NAME: '部门负责人',
     DPDP_NAME: 'IT技术部',
     MEME_STS: '01',
     MEME_EMP_ID: '006',
     MEME_EMAIL: 'julian.zhu@powerfultone.com' } }

2019-01-28T10:14:20.684 TRACE default  api_json传给前台数据: [ { WCOUNT: 14, EHUSER: 6 } ]

2019-01-28T10:14:20.687 TRACE default  api_json传给前台数据: { result: { RETURN_CODE: 0, RETURN_MESSAGE: '' },
  meme_info: 
   { DPPS_KY: 6,
     MEME_KY: 10006,
     GPGP_KY: 1002,
     DPDP_KY: 102,
     PSPS_KY: 2222,
     COMMENT: '',
     MEME_LOGIN: '006',
     MEME_NAME: '系统管理员',
     GPGP_NAME: '上海保滏信息技术有限公司',
     PSPS_NAME: '部门负责人',
     DPDP_NAME: 'IT技术部',
     MEME_STS: '01',
     MEME_EMP_ID: '006',
     MEME_EMAIL: 'julian.zhu@powerfultone.com' },
  menu_list: 
   [ { DPPS_KY: 6,
       SYCR_KY: 905,
       SYCR_NAME: '待审核',
       SYCR_LAB_TXT_CH: '待审核',
       SYCR_LINK: 'audited',
       SORT_ORDER: 0,
       SYCR_CLASS: 'icon-daishenhe' },
     { DPPS_KY: 6,
       SYCR_KY: 901,
       SYCR_NAME: '报销管理',
       SYCR_LAB_TXT_CH: '报销管理',
       SYCR_LINK: 'reimburse',
       SORT_ORDER: 5,
       SYCR_CLASS: 'icon-baoxiao1' },
     { DPPS_KY: 6,
       SYCR_KY: 902,
       SYCR_NAME: '外勤管理',
       SYCR_LAB_TXT_CH: '外勤管理',
       SYCR_LINK: 'report',
       SORT_ORDER: 10,
       SYCR_CLASS: 'icon-waiqin' },
     { DPPS_KY: 6,
       SYCR_KY: 903,
       SYCR_NAME: '员工请假',
       SYCR_LAB_TXT_CH: '员工请假',
       SYCR_LINK: 'askForLeave',
       SORT_ORDER: 15,
       SYCR_CLASS: 'icon-qingjia' },
     { DPPS_KY: 6,
       SYCR_KY: 904,
       SYCR_NAME: '加班申请',
       SYCR_LAB_TXT_CH: '加班申请',
       SYCR_LINK: 'overTime',
       SORT_ORDER: 20,
       SYCR_CLASS: 'icon-jiaban' },
     { DPPS_KY: 6,
       SYCR_KY: 906,
       SYCR_NAME: '其他',
       SYCR_LAB_TXT_CH: '其他',
       SYCR_LINK: 'other',
       SORT_ORDER: 25,
       SYCR_CLASS: 'icon-qita' } ],
  hr_notes_catalog: 
   [ { SYSV_KY: 701,
       SYSV_DESC: '出差',
       SYSV_VALUE: 'BSTP',
       SYSV_TYPE: 'SYSV_ATDC_TYPE',
       SYSV_CLIENT_DESC: '\'住宿费({{LIMIT_AC}}元) * 天数({{ATDC_DAY}}天) * 人数({{ATDC_HUMAN_CNT}}人) + 餐补({{LIMIT_TM}}元) * 天数({{ATDC_DAY}}天) * 人数({{ATDC_HUMAN_CNT}}人) =<span class=\\\'sum_fee\\\'>\' + ({{LIMIT_AC}} * {{ATDC_DAY}} * {{ATDC_HUMAN_CNT}} + {{LIMIT_TM}}*{{ATDC_DAY}}*{{ATDC_HUMAN_CNT}} ).toFixed(2) + \'</span>元\';' },
     { SYSV_KY: 702,
       SYSV_DESC: '外勤',
       SYSV_VALUE: 'ETTN',
       SYSV_TYPE: 'SYSV_ATDC_TYPE',
       SYSV_CLIENT_DESC: '\'招待费({{LIMIT_BH}}元) * 人数({{ATDC_HUMAN_CNT}}人) = <span class=\\\'sum_fee\\\'>\' + ({{LIMIT_BH}}*{{ATDC_HUMAN_CNT}}).toFixed(2) + \'</span>元\';' } ],
  hr_notes_area: 
   [ { BSTR_ID: 'A001', BSTR_NAME: 'A类城市', BSTR_DESC: '北京、上海、广州、深圳' },
     { BSTR_ID: 'B001', BSTR_NAME: 'B类城市', BSTR_DESC: '省会及发达地区' },
     { BSTR_ID: 'C001', BSTR_NAME: 'C类城市', BSTR_DESC: '除A、B类城市外其他城市' } ],
  finance_fee_type: 
   [ { FEPP_KY: 100,
       SYSV_FEPP_TYPE: '',
       FEPP_NAME: '销售费用',
       PARENT_FEPP_KY: 0,
       FORMULA: '' },
     { FEPP_KY: 101,
       SYSV_FEPP_TYPE: '',
       FEPP_NAME: '返佣',
       PARENT_FEPP_KY: 0,
       FORMULA: '' },
     { FEPP_KY: 102,
       SYSV_FEPP_TYPE: '',
       FEPP_NAME: '饭贴',
       PARENT_FEPP_KY: 0,
       FORMULA: '' },
     { FEPP_KY: 103,
       SYSV_FEPP_TYPE: '',
       FEPP_NAME: '其他',
       PARENT_FEPP_KY: 0,
       FORMULA: '' },
     { FEPP_KY: 1001,
       SYSV_FEPP_TYPE: 'BH',
       FEPP_NAME: '业务招待费',
       PARENT_FEPP_KY: 100,
       FORMULA: '\'招待费({{LIMIT_BH}}元) * 人数({{ATDC_HUMAN_CNT}}人) = <span class=\\\'sum_fee\\\'>\' + ({{LIMIT_BH}}*{{ATDC_HUMAN_CNT}}).toFixed(2) + \'</span>元\';' },
     { FEPP_KY: 1002,
       SYSV_FEPP_TYPE: '',
       FEPP_NAME: '交通费',
       PARENT_FEPP_KY: 100,
       FORMULA: '' },
     { FEPP_KY: 1003,
       SYSV_FEPP_TYPE: '',
       FEPP_NAME: '市内交通费',
       PARENT_FEPP_KY: 100,
       FORMULA: '' },
     { FEPP_KY: 1004,
       SYSV_FEPP_TYPE: 'AC',
       FEPP_NAME: '住宿费',
       PARENT_FEPP_KY: 100,
       FORMULA: '\'住宿费({{LIMIT_AC}}元) * 天数({{ATDC_DAY}}天) * 人数({{ATDC_HUMAN_CNT}}人) =<span class=\\\'sum_fee\\\'>\' + ({{LIMIT_AC}} * {{ATDC_DAY}} * {{ATDC_HUMAN_CNT}}).toFixed(2) + \'</span>元\';' },
     { FEPP_KY: 1005,
       SYSV_FEPP_TYPE: 'TM',
       FEPP_NAME: '差旅餐补',
       PARENT_FEPP_KY: 100,
       FORMULA: '\'餐补({{LIMIT_TM}}元) * 天数({{ATDC_DAY}}天) * 人数({{ATDC_HUMAN_CNT}}人) =<span class=\\\'sum_fee\\\'>\' + ({{LIMIT_TM}}*{{ATDC_DAY}}*{{ATDC_HUMAN_CNT}}).toFixed(2) + \'</span>元\';' },
     { FEPP_KY: 1006,
       SYSV_FEPP_TYPE: '',
       FEPP_NAME: '通信费',
       PARENT_FEPP_KY: 100,
       FORMULA: '' },
     { FEPP_KY: 1007,
       SYSV_FEPP_TYPE: '',
       FEPP_NAME: '水电费',
       PARENT_FEPP_KY: 100,
       FORMULA: '' },
     { FEPP_KY: 1008,
       SYSV_FEPP_TYPE: '',
       FEPP_NAME: '办公费',
       PARENT_FEPP_KY: 100,
       FORMULA: '' },
     { FEPP_KY: 1009,
       SYSV_FEPP_TYPE: '',
       FEPP_NAME: '办公用品',
       PARENT_FEPP_KY: 100,
       FORMULA: '' },
     { FEPP_KY: 1010,
       SYSV_FEPP_TYPE: '',
       FEPP_NAME: '租赁费',
       PARENT_FEPP_KY: 100,
       FORMULA: '' },
     { FEPP_KY: 1011,
       SYSV_FEPP_TYPE: '',
       FEPP_NAME: '快递费',
       PARENT_FEPP_KY: 100,
       FORMULA: '' },
     { FEPP_KY: 1099,
       SYSV_FEPP_TYPE: '',
       FEPP_NAME: '其他',
       PARENT_FEPP_KY: 100,
       FORMULA: '' },
     { FEPP_KY: 2001,
       SYSV_FEPP_TYPE: 'BH',
       FEPP_NAME: '业务招待费',
       PARENT_FEPP_KY: 101,
       FORMULA: '\'招待费({{LIMIT_BH}}元) * 人数({{ATDC_HUMAN_CNT}}人) = <span class=\\\'sum_fee\\\'>\' + ({{LIMIT_BH}}*{{ATDC_HUMAN_CNT}}).toFixed(2) + \'</span>元\';' },
     { FEPP_KY: 2002,
       SYSV_FEPP_TYPE: '',
       FEPP_NAME: '交通费',
       PARENT_FEPP_KY: 101,
       FORMULA: '' },
     { FEPP_KY: 2003,
       SYSV_FEPP_TYPE: '',
       FEPP_NAME: '市内交通费',
       PARENT_FEPP_KY: 101,
       FORMULA: '' },
     { FEPP_KY: 2004,
       SYSV_FEPP_TYPE: 'AC',
       FEPP_NAME: '住宿费',
       PARENT_FEPP_KY: 101,
       FORMULA: '\'住宿费({{LIMIT_AC}}元) * 天数({{ATDC_DAY}}天) * 人数({{ATDC_HUMAN_CNT}}人) =<span class=\\\'sum_fee\\\'>\' + ({{LIMIT_AC}} * {{ATDC_DAY}} * {{ATDC_HUMAN_CNT}}).toFixed(2) + \'</span>元\';' },
     { FEPP_KY: 2005,
       SYSV_FEPP_TYPE: 'TM',
       FEPP_NAME: '差旅餐补',
       PARENT_FEPP_KY: 101,
       FORMULA: '\'餐补({{LIMIT_TM}}元) * 天数({{ATDC_DAY}}天) * 人数({{ATDC_HUMAN_CNT}}人) =<span class=\\\'sum_fee\\\'>\' + ({{LIMIT_TM}}*{{ATDC_DAY}}*{{ATDC_HUMAN_CNT}}).toFixed(2) + \'</span>元\';' },
     { FEPP_KY: 2006,
       SYSV_FEPP_TYPE: '',
       FEPP_NAME: '通信费',
       PARENT_FEPP_KY: 101,
       FORMULA: '' },
     { FEPP_KY: 2007,
       SYSV_FEPP_TYPE: '',
       FEPP_NAME: '水电费',
       PARENT_FEPP_KY: 101,
       FORMULA: '' },
     { FEPP_KY: 2008,
       SYSV_FEPP_TYPE: '',
       FEPP_NAME: '办公费',
       PARENT_FEPP_KY: 101,
       FORMULA: '' },
     { FEPP_KY: 2009,
       SYSV_FEPP_TYPE: '',
       FEPP_NAME: '办公用品',
       PARENT_FEPP_KY: 101,
       FORMULA: '' },
     { FEPP_KY: 2010,
       SYSV_FEPP_TYPE: '',
       FEPP_NAME: '租赁费',
       PARENT_FEPP_KY: 101,
       FORMULA: '' },
     { FEPP_KY: 2011,
       SYSV_FEPP_TYPE: '',
       FEPP_NAME: '快递费',
       PARENT_FEPP_KY: 101,
       FORMULA: '' },
     { FEPP_KY: 2099,
       SYSV_FEPP_TYPE: '',
       FEPP_NAME: '其他',
       PARENT_FEPP_KY: 101,
       FORMULA: '' },
     { FEPP_KY: 3001,
       SYSV_FEPP_TYPE: 'BH',
       FEPP_NAME: '业务招待费',
       PARENT_FEPP_KY: 102,
       FORMULA: '\'招待费({{LIMIT_BH}}元) * 人数({{ATDC_HUMAN_CNT}}人) = <span class=\\\'sum_fee\\\'>\' + ({{LIMIT_BH}}*{{ATDC_HUMAN_CNT}}).toFixed(2) + \'</span>元\';' },
     { FEPP_KY: 3002,
       SYSV_FEPP_TYPE: '',
       FEPP_NAME: '交通费',
       PARENT_FEPP_KY: 102,
       FORMULA: '' },
     { FEPP_KY: 3003,
       SYSV_FEPP_TYPE: '',
       FEPP_NAME: '市内交通费',
       PARENT_FEPP_KY: 102,
       FORMULA: '' },
     { FEPP_KY: 3004,
       SYSV_FEPP_TYPE: 'AC',
       FEPP_NAME: '住宿费',
       PARENT_FEPP_KY: 102,
       FORMULA: '\'住宿费({{LIMIT_AC}}元) * 天数({{ATDC_DAY}}天) * 人数({{ATDC_HUMAN_CNT}}人) =<span class=\\\'sum_fee\\\'>\' + ({{LIMIT_AC}} * {{ATDC_DAY}} * {{ATDC_HUMAN_CNT}}).toFixed(2) + \'</span>元\';' },
     { FEPP_KY: 3005,
       SYSV_FEPP_TYPE: 'TM',
       FEPP_NAME: '差旅餐补',
       PARENT_FEPP_KY: 102,
       FORMULA: '\'餐补({{LIMIT_TM}}元) * 天数({{ATDC_DAY}}天) * 人数({{ATDC_HUMAN_CNT}}人) =<span class=\\\'sum_fee\\\'>\' + ({{LIMIT_TM}}*{{ATDC_DAY}}*{{ATDC_HUMAN_CNT}}).toFixed(2) + \'</span>元\';' },
     { FEPP_KY: 3006,
       SYSV_FEPP_TYPE: '',
       FEPP_NAME: '通信费',
       PARENT_FEPP_KY: 102,
       FORMULA: '' },
     { FEPP_KY: 3007,
       SYSV_FEPP_TYPE: '',
       FEPP_NAME: '水电费',
       PARENT_FEPP_KY: 102,
       FORMULA: '' },
     { FEPP_KY: 3008,
       SYSV_FEPP_TYPE: '',
       FEPP_NAME: '办公费',
       PARENT_FEPP_KY: 102,
       FORMULA: '' },
     { FEPP_KY: 3009,
       SYSV_FEPP_TYPE: '',
       FEPP_NAME: '办公用品',
       PARENT_FEPP_KY: 102,
       FORMULA: '' },
     { FEPP_KY: 3010,
       SYSV_FEPP_TYPE: '',
       FEPP_NAME: '租赁费',
       PARENT_FEPP_KY: 102,
       FORMULA: '' },
     { FEPP_KY: 3011,
       SYSV_FEPP_TYPE: '',
       FEPP_NAME: '快递费',
       PARENT_FEPP_KY: 102,
       FORMULA: '' },
     { FEPP_KY: 3099,
       SYSV_FEPP_TYPE: '',
       FEPP_NAME: '其他',
       PARENT_FEPP_KY: 102,
       FORMULA: '' },
     { FEPP_KY: 4099,
       SYSV_FEPP_TYPE: '',
       FEPP_NAME: '其他',
       PARENT_FEPP_KY: 103,
       FORMULA: '' } ],
  oa_type: 
   [ { OA_TYPE: 'ATDC', OA_TYPE_NAME: '外勤报备' },
     { OA_TYPE: 'RBRB', OA_TYPE_NAME: '报销管理' },
     { OA_TYPE: 'LVLV', OA_TYPE_NAME: '请假' },
     { OA_TYPE: 'OTBL', OA_TYPE_NAME: '加班申请' } ] }

2019-01-28T10:14:36.218 TRACE default  api_json接收到前台的参数: { m: 'SELECT', SP_NAME: 'SP_DPPS_ALARM_SHOW' }

2019-01-28T10:14:36.233 TRACE default  api_json接收到前台的参数: { SP_NAME: 'SP_VERIFY_LOAD',
  SIMPLE_MODE: 'N',
  m: 'multi_result' }

2019-01-28T10:14:36.236 TRACE default  api_json接收到前台的参数: { SP_NAME: 'SP_RBRB_PRE_LOAD', m: 'multi_result', RBRB_KY: 0 }

2019-01-28T10:14:36.244 TRACE default  api_json接收到前台的参数: { m: 'SELECT',
  SP_NAME: 'TB_BSTR_COST_DROPDOWN_LIST',
  DPPS_KY: 6 }

2019-01-28T10:14:36.266 TRACE default  api_json传给前台数据: [ { WCOUNT: 14, EHUSER: 6 } ]

2019-01-28T10:14:36.268 TRACE default  api_json传给前台数据: { result: { RETURN_CODE: 0, RETURN_MESSAGE: '' },
  meme_info: 
   { DPPS_KY: 6,
     MEME_KY: 10006,
     GPGP_KY: 1002,
     DPDP_KY: 102,
     PSPS_KY: 2222,
     COMMENT: '',
     MEME_LOGIN: '006',
     MEME_NAME: '系统管理员',
     GPGP_NAME: '上海保滏信息技术有限公司',
     PSPS_NAME: '部门负责人',
     DPDP_NAME: 'IT技术部',
     MEME_STS: '01',
     MEME_EMP_ID: '006',
     MEME_EMAIL: 'julian.zhu@powerfultone.com' } }

2019-01-28T10:14:36.277 TRACE default  api_json传给前台数据: { result: { RETURN_CODE: 0, RETURN_MESSAGE: '' },
  bill_id: { RBRB_ID: 'RB201901280001' },
  rbrb_info: {},
  rbrb_images: [],
  rbrb_auditing: [] }

2019-01-28T10:14:36.328 TRACE default  api_json传给前台数据: [ { BSTR_ID: 'A001',
    BSTR_NAME: 'A类城市',
    PSPS_KY: 2222,
    PSPS_NAME: '部门负责人',
    LIMIT_AC: '600.00',
    AC_COMMENT: '住宿标准',
    LIMIT_TM: '120.00',
    TM_COMMENT: '差旅餐补',
    LIMIT_BH: '200.00',
    BH_COMMENT: '业务招待费' },
  { BSTR_ID: 'B001',
    BSTR_NAME: 'B类城市',
    PSPS_KY: 2222,
    PSPS_NAME: '部门负责人',
    LIMIT_AC: '500.00',
    AC_COMMENT: '住宿标准',
    LIMIT_TM: '100.00',
    TM_COMMENT: '差旅餐补',
    LIMIT_BH: '150.00',
    BH_COMMENT: '业务招待费' },
  { BSTR_ID: 'C001',
    BSTR_NAME: 'C类城市',
    PSPS_KY: 2222,
    PSPS_NAME: '部门负责人',
    LIMIT_AC: '400.00',
    AC_COMMENT: '住宿标准',
    LIMIT_TM: '80.00',
    TM_COMMENT: '差旅餐补',
    LIMIT_BH: '100.00',
    BH_COMMENT: '业务招待费' } ]

2019-01-28T10:21:31.233 TRACE default  api_json接收到前台的参数: { m: 'SELECT', SP_NAME: 'SP_DPPS_ALARM_SHOW' }

2019-01-28T10:21:31.238 TRACE default  api_json接收到前台的参数: { SP_NAME: 'SP_VERIFY_LOAD',
  SIMPLE_MODE: 'N',
  m: 'multi_result' }

2019-01-28T10:21:31.240 TRACE default  api_json接收到前台的参数: { SP_NAME: 'SP_RBRB_PRE_LOAD', m: 'multi_result', RBRB_KY: 0 }

2019-01-28T10:21:31.243 TRACE default  api_json接收到前台的参数: { m: 'SELECT',
  SP_NAME: 'TB_BSTR_COST_DROPDOWN_LIST',
  DPPS_KY: 6 }

2019-01-28T10:21:31.264 TRACE default  api_json传给前台数据: [ { WCOUNT: 14, EHUSER: 6 } ]

2019-01-28T10:21:31.268 TRACE default  api_json传给前台数据: { result: { RETURN_CODE: 0, RETURN_MESSAGE: '' },
  meme_info: 
   { DPPS_KY: 6,
     MEME_KY: 10006,
     GPGP_KY: 1002,
     DPDP_KY: 102,
     PSPS_KY: 2222,
     COMMENT: '',
     MEME_LOGIN: '006',
     MEME_NAME: '系统管理员',
     GPGP_NAME: '上海保滏信息技术有限公司',
     PSPS_NAME: '部门负责人',
     DPDP_NAME: 'IT技术部',
     MEME_STS: '01',
     MEME_EMP_ID: '006',
     MEME_EMAIL: 'julian.zhu@powerfultone.com' } }

2019-01-28T10:21:31.271 TRACE default  api_json传给前台数据: { result: { RETURN_CODE: 0, RETURN_MESSAGE: '' },
  bill_id: { RBRB_ID: 'RB201901280001' },
  rbrb_info: {},
  rbrb_images: [],
  rbrb_auditing: [] }

2019-01-28T10:21:31.324 TRACE default  api_json传给前台数据: [ { BSTR_ID: 'A001',
    BSTR_NAME: 'A类城市',
    PSPS_KY: 2222,
    PSPS_NAME: '部门负责人',
    LIMIT_AC: '600.00',
    AC_COMMENT: '住宿标准',
    LIMIT_TM: '120.00',
    TM_COMMENT: '差旅餐补',
    LIMIT_BH: '200.00',
    BH_COMMENT: '业务招待费' },
  { BSTR_ID: 'B001',
    BSTR_NAME: 'B类城市',
    PSPS_KY: 2222,
    PSPS_NAME: '部门负责人',
    LIMIT_AC: '500.00',
    AC_COMMENT: '住宿标准',
    LIMIT_TM: '100.00',
    TM_COMMENT: '差旅餐补',
    LIMIT_BH: '150.00',
    BH_COMMENT: '业务招待费' },
  { BSTR_ID: 'C001',
    BSTR_NAME: 'C类城市',
    PSPS_KY: 2222,
    PSPS_NAME: '部门负责人',
    LIMIT_AC: '400.00',
    AC_COMMENT: '住宿标准',
    LIMIT_TM: '80.00',
    TM_COMMENT: '差旅餐补',
    LIMIT_BH: '100.00',
    BH_COMMENT: '业务招待费' } ]

2019-01-28T16:31:16.614 TRACE default  api_preLogin接收到前台的参数: { m: 'multi_result',
  SP_NAME: 'SP_USER_LOGIN_BEF_SELECT',
  MEME_LOGIN: '006' }

2019-01-28T16:31:16.792 TRACE default  api_preLogin接收到后台的参数: { result: { RETURN_CODE: 0, RETURN_MESSAGE: '' },
  meme_info: [ { MEME_LOGIN: '006', MEME_NAME: '系统管理员', MEME_KY: 10006 } ],
  group_account: 
   [ { GPGP_NAME: '上海保滏信息技术有限公司',
       GPGP_ID: 'PCT',
       GPGP_KY: 1002,
       DPPS_KY: 6 } ] }

2019-01-28T16:36:23.881 TRACE default  api_preLogin接收到前台的参数: { m: 'multi_result',
  SP_NAME: 'SP_USER_LOGIN_BEF_SELECT',
  MEME_LOGIN: '006' }

2019-01-28T16:36:23.961 TRACE default  api_preLogin接收到后台的参数: { result: { RETURN_CODE: 0, RETURN_MESSAGE: '' },
  meme_info: [ { MEME_LOGIN: '006', MEME_NAME: '系统管理员', MEME_KY: 10006 } ],
  group_account: 
   [ { GPGP_NAME: '上海保滏信息技术有限公司',
       GPGP_ID: 'PCT',
       GPGP_KY: 1002,
       DPPS_KY: 6 } ] }

2019-01-28T16:37:32.311 TRACE default  api_preLogin接收到前台的参数: { m: 'multi_result',
  SP_NAME: 'SP_USER_LOGIN_BEF_SELECT',
  MEME_LOGIN: '006' }

2019-01-28T16:37:32.381 TRACE default  api_preLogin接收到后台的参数: { result: { RETURN_CODE: 0, RETURN_MESSAGE: '' },
  meme_info: [ { MEME_LOGIN: '006', MEME_NAME: '系统管理员', MEME_KY: 10006 } ],
  group_account: 
   [ { GPGP_NAME: '上海保滏信息技术有限公司',
       GPGP_ID: 'PCT',
       GPGP_KY: 1002,
       DPPS_KY: 6 } ] }

2019-01-28T16:37:45.051 TRACE default  api_preLogin接收到前台的参数: { m: 'multi_result',
  SP_NAME: 'SP_USER_LOGIN_BEF_SELECT',
  MEME_LOGIN: '006' }

2019-01-28T16:37:45.123 TRACE default  api_preLogin接收到后台的参数: { result: { RETURN_CODE: 0, RETURN_MESSAGE: '' },
  meme_info: [ { MEME_LOGIN: '006', MEME_NAME: '系统管理员', MEME_KY: 10006 } ],
  group_account: 
   [ { GPGP_NAME: '上海保滏信息技术有限公司',
       GPGP_ID: 'PCT',
       GPGP_KY: 1002,
       DPPS_KY: 6 } ] }

2019-01-28T16:38:08.496 TRACE default  api_preLogin接收到前台的参数: { m: 'multi_result',
  SP_NAME: 'SP_USER_LOGIN_BEF_SELECT',
  MEME_LOGIN: '006' }

2019-01-28T16:38:08.568 TRACE default  api_preLogin接收到后台的参数: { result: { RETURN_CODE: 0, RETURN_MESSAGE: '' },
  meme_info: [ { MEME_LOGIN: '006', MEME_NAME: '系统管理员', MEME_KY: 10006 } ],
  group_account: 
   [ { GPGP_NAME: '上海保滏信息技术有限公司',
       GPGP_ID: 'PCT',
       GPGP_KY: 1002,
       DPPS_KY: 6 } ] }

2019-01-28T16:38:14.978 TRACE default  api_preLogin接收到前台的参数: { m: 'multi_result',
  SP_NAME: 'SP_USER_LOGIN_BEF_SELECT',
  MEME_LOGIN: '002' }

2019-01-28T16:38:15.054 TRACE default  api_preLogin接收到后台的参数: { result: { RETURN_CODE: 0, RETURN_MESSAGE: '' },
  meme_info: [ { MEME_LOGIN: '002', MEME_NAME: '刘峰', MEME_KY: 10002 } ],
  group_account: 
   [ { GPGP_NAME: '上海保服通信息技术有限公司',
       GPGP_ID: 'PFT',
       GPGP_KY: 1001,
       DPPS_KY: 2 },
     { GPGP_NAME: '上海保滏信息技术有限公司',
       GPGP_ID: 'PCT',
       GPGP_KY: 1002,
       DPPS_KY: 37 },
     { GPGP_NAME: '宁波保服通诚健康管理有限公司',
       GPGP_ID: 'PFTC',
       GPGP_KY: 1003,
       DPPS_KY: 38 },
     { GPGP_NAME: '长沙优保汇健康管理有限公司',
       GPGP_ID: 'YBH',
       GPGP_KY: 1004,
       DPPS_KY: 39 } ] }

2019-01-28T16:40:03.807 TRACE default  api_preLogin接收到前台的参数: { m: 'multi_result',
  SP_NAME: 'SP_USER_LOGIN_BEF_SELECT',
  MEME_LOGIN: '006' }

2019-01-28T16:40:03.882 TRACE default  api_preLogin接收到后台的参数: { result: { RETURN_CODE: 0, RETURN_MESSAGE: '' },
  meme_info: [ { MEME_LOGIN: '006', MEME_NAME: '系统管理员', MEME_KY: 10006 } ],
  group_account: 
   [ { GPGP_NAME: '上海保滏信息技术有限公司',
       GPGP_ID: 'PCT',
       GPGP_KY: 1002,
       DPPS_KY: 6 } ] }

2019-01-28T16:44:37.054 TRACE default  api_preLogin接收到前台的参数: { m: 'multi_result',
  SP_NAME: 'SP_USER_LOGIN_BEF_SELECT',
  MEME_LOGIN: '002' }

2019-01-28T16:44:37.180 TRACE default  api_preLogin接收到后台的参数: { result: { RETURN_CODE: 0, RETURN_MESSAGE: '' },
  meme_info: [ { MEME_LOGIN: '002', MEME_NAME: '刘峰', MEME_KY: 10002 } ],
  group_account: 
   [ { GPGP_NAME: '上海保服通信息技术有限公司',
       GPGP_ID: 'PFT',
       GPGP_KY: 1001,
       DPPS_KY: 2 },
     { GPGP_NAME: '上海保滏信息技术有限公司',
       GPGP_ID: 'PCT',
       GPGP_KY: 1002,
       DPPS_KY: 37 },
     { GPGP_NAME: '宁波保服通诚健康管理有限公司',
       GPGP_ID: 'PFTC',
       GPGP_KY: 1003,
       DPPS_KY: 38 },
     { GPGP_NAME: '长沙优保汇健康管理有限公司',
       GPGP_ID: 'YBH',
       GPGP_KY: 1004,
       DPPS_KY: 39 } ] }

2019-01-28T16:44:44.234 TRACE default  api_preLogin接收到前台的参数: { m: 'multi_result',
  SP_NAME: 'SP_USER_LOGIN_BEF_SELECT',
  MEME_LOGIN: '086' }

2019-01-28T16:44:44.303 TRACE default  api_preLogin接收到后台的参数: { result: { RETURN_CODE: 99, RETURN_MESSAGE: '用户信息不存在或已撤销！' },
  meme_info: [],
  group_account: [] }

2019-01-28T16:46:36.258 TRACE default  api_preLogin接收到前台的参数: { m: 'multi_result',
  SP_NAME: 'SP_USER_LOGIN_BEF_SELECT',
  MEME_LOGIN: '023' }

2019-01-28T16:46:36.280 TRACE default  api_preLogin接收到后台的参数: { result: { RETURN_CODE: 99, RETURN_MESSAGE: '用户信息不存在或已撤销！' },
  meme_info: [],
  group_account: [] }

2019-01-28T16:46:42.668 TRACE default  api_preLogin接收到前台的参数: { m: 'multi_result',
  SP_NAME: 'SP_USER_LOGIN_BEF_SELECT',
  MEME_LOGIN: '' }

2019-01-28T16:46:42.739 TRACE default  api_preLogin接收到后台的参数: { result: { RETURN_CODE: 99, RETURN_MESSAGE: '用户信息不存在或已撤销！' },
  meme_info: [],
  group_account: [] }

2019-01-28T16:48:29.921 TRACE default  api_preLogin接收到前台的参数: { m: 'multi_result',
  SP_NAME: 'SP_USER_LOGIN_BEF_SELECT',
  MEME_LOGIN: '006' }

2019-01-28T16:48:29.988 TRACE default  api_preLogin接收到后台的参数: { result: { RETURN_CODE: 0, RETURN_MESSAGE: '' },
  meme_info: [ { MEME_LOGIN: '006', MEME_NAME: '系统管理员', MEME_KY: 10006 } ],
  group_account: 
   [ { GPGP_NAME: '上海保滏信息技术有限公司',
       GPGP_ID: 'PCT',
       GPGP_KY: 1002,
       DPPS_KY: 6 } ] }

2019-01-28T16:48:34.580 TRACE default  api_preLogin接收到前台的参数: { m: 'multi_result',
  SP_NAME: 'SP_USER_LOGIN_BEF_SELECT',
  MEME_LOGIN: '023' }

2019-01-28T16:48:34.651 TRACE default  api_preLogin接收到后台的参数: { result: { RETURN_CODE: 99, RETURN_MESSAGE: '用户信息不存在或已撤销！' },
  meme_info: [],
  group_account: [] }

2019-01-28T16:49:26.988 TRACE default  api_preLogin接收到前台的参数: { m: 'multi_result',
  SP_NAME: 'SP_USER_LOGIN_BEF_SELECT',
  MEME_LOGIN: '006' }

2019-01-28T16:49:27.066 TRACE default  api_preLogin接收到后台的参数: { result: { RETURN_CODE: 0, RETURN_MESSAGE: '' },
  meme_info: [ { MEME_LOGIN: '006', MEME_NAME: '系统管理员', MEME_KY: 10006 } ],
  group_account: 
   [ { GPGP_NAME: '上海保滏信息技术有限公司',
       GPGP_ID: 'PCT',
       GPGP_KY: 1002,
       DPPS_KY: 6 } ] }

2019-01-28T16:49:30.545 TRACE default  api_preLogin接收到前台的参数: { m: 'multi_result',
  SP_NAME: 'SP_USER_LOGIN_BEF_SELECT',
  MEME_LOGIN: '100' }

2019-01-28T16:49:30.618 TRACE default  api_preLogin接收到后台的参数: { result: { RETURN_CODE: 99, RETURN_MESSAGE: '用户信息不存在或已撤销！' },
  meme_info: [],
  group_account: [] }

2019-01-28T16:49:42.872 TRACE default  api_preLogin接收到前台的参数: { m: 'multi_result',
  SP_NAME: 'SP_USER_LOGIN_BEF_SELECT',
  MEME_LOGIN: '006' }

2019-01-28T16:49:42.948 TRACE default  api_preLogin接收到后台的参数: { result: { RETURN_CODE: 0, RETURN_MESSAGE: '' },
  meme_info: [ { MEME_LOGIN: '006', MEME_NAME: '系统管理员', MEME_KY: 10006 } ],
  group_account: 
   [ { GPGP_NAME: '上海保滏信息技术有限公司',
       GPGP_ID: 'PCT',
       GPGP_KY: 1002,
       DPPS_KY: 6 } ] }

2019-01-28T16:50:38.510 TRACE default  api_preLogin接收到前台的参数: { m: 'multi_result',
  SP_NAME: 'SP_USER_LOGIN_BEF_SELECT',
  MEME_LOGIN: '006' }

2019-01-28T16:50:38.579 TRACE default  api_preLogin接收到后台的参数: { result: { RETURN_CODE: 0, RETURN_MESSAGE: '' },
  meme_info: [ { MEME_LOGIN: '006', MEME_NAME: '系统管理员', MEME_KY: 10006 } ],
  group_account: 
   [ { GPGP_NAME: '上海保滏信息技术有限公司',
       GPGP_ID: 'PCT',
       GPGP_KY: 1002,
       DPPS_KY: 6 } ] }

2019-01-28T16:50:45.378 TRACE default  api_preLogin接收到前台的参数: { m: 'multi_result',
  SP_NAME: 'SP_USER_LOGIN_BEF_SELECT',
  MEME_LOGIN: '051' }

2019-01-28T16:50:45.449 TRACE default  api_preLogin接收到后台的参数: { result: { RETURN_CODE: 99, RETURN_MESSAGE: '用户信息不存在或已撤销！' },
  meme_info: [],
  group_account: [] }

2019-01-28T17:10:53.379 TRACE default  api_preLogin接收到前台的参数: { m: 'multi_result',
  SP_NAME: 'SP_USER_LOGIN_BEF_SELECT',
  MEME_LOGIN: '006' }

2019-01-28T17:10:53.451 TRACE default  api_preLogin接收到后台的参数: { result: { RETURN_CODE: 0, RETURN_MESSAGE: '' },
  meme_info: [ { MEME_LOGIN: '006', MEME_NAME: '系统管理员', MEME_KY: 10006 } ],
  group_account: 
   [ { GPGP_NAME: '上海保滏信息技术有限公司',
       GPGP_ID: 'PCT',
       GPGP_KY: 1002,
       DPPS_KY: 6 } ] }

2019-01-28T17:15:46.920 TRACE default  api_preLogin接收到前台的参数: { m: 'multi_result',
  SP_NAME: 'SP_USER_LOGIN_BEF_SELECT',
  MEME_LOGIN: '006' }

2019-01-28T17:15:47.025 TRACE default  api_preLogin接收到后台的参数: { result: { RETURN_CODE: 0, RETURN_MESSAGE: '' },
  meme_info: [ { MEME_LOGIN: '006', MEME_NAME: '系统管理员', MEME_KY: 10006 } ],
  group_account: 
   [ { GPGP_NAME: '上海保滏信息技术有限公司',
       GPGP_ID: 'PCT',
       GPGP_KY: 1002,
       DPPS_KY: 6 } ] }

2019-01-28T17:15:51.329 TRACE default  api_login接收前台的参数: { MEME_LOGIN: '006', MEME_PASSWORD: 'Power123', GPGP_KY: 1002 }

2019-01-28T17:15:51.402 TRACE default  api_login接收到的后台的数据： { '@RETURN_VALUE': 0,
  GPGP_KY: 1002,
  MEME_KY: 10006,
  DPDP_KY: 102,
  PSPS_KY: 2222,
  MEME_EMAIL: 'julian.zhu@powerfultone.com',
  RETURN_NAME: '系统管理员',
  RETURN_CODE: 0,
  RETURN_MESSAGE: '登陆成功',
  EHUSER: 6 }

2019-01-28T17:15:51.471 INFO default  记下的session数据: { DPPS_KY: 6,
  MEME_KY: 10006,
  GPGP_KY: 1002,
  DPDP_KY: 102,
  PSPS_KY: 2222,
  LVAL_KY: 25,
  TOTAL_AL_DAY: 10,
  USAGE_AL_DAY: 1,
  APPLY_AL_DAY: 3.5,
  OTOT_KY: 3,
  APPLY_OT_HOUR: 61.599999999999994,
  USAGE_OT_HOUR: 10,
  MEME_LOGIN: '006',
  MEME_NAME: '系统管理员',
  MEME_EMP_ID: '006',
  SYSV_CERT_TYPE: 'C',
  MEME_CERT_ID_NUM: '310102198108133639',
  PSPS_NAME: '部门负责人',
  DPDP_NAME: 'IT技术部',
  GPGP_ID: 'PCT',
  GPGP_NAME: '上海保滏信息技术有限公司' }

2019-01-28T17:15:51.472 TRACE default  api_login传给前台的数据: { RETURN_CODE: 0, RETURN_MESSAGE: '登陆成功', EHUSER: 6 }

2019-01-28T17:16:16.406 TRACE default  api_preLogin接收到前台的参数: { m: 'multi_result',
  SP_NAME: 'SP_USER_LOGIN_BEF_SELECT',
  MEME_LOGIN: '006' }

2019-01-28T17:16:16.477 TRACE default  api_preLogin接收到后台的参数: { result: { RETURN_CODE: 0, RETURN_MESSAGE: '' },
  meme_info: [ { MEME_LOGIN: '006', MEME_NAME: '系统管理员', MEME_KY: 10006 } ],
  group_account: 
   [ { GPGP_NAME: '上海保滏信息技术有限公司',
       GPGP_ID: 'PCT',
       GPGP_KY: 1002,
       DPPS_KY: 6 } ] }

2019-01-28T17:16:21.088 TRACE default  api_login接收前台的参数: { MEME_LOGIN: '006', MEME_PASSWORD: 'Power123', GPGP_KY: 1002 }

2019-01-28T17:16:21.162 TRACE default  api_login接收到的后台的数据： { '@RETURN_VALUE': 0,
  GPGP_KY: 1002,
  MEME_KY: 10006,
  DPDP_KY: 102,
  PSPS_KY: 2222,
  MEME_EMAIL: 'julian.zhu@powerfultone.com',
  RETURN_NAME: '系统管理员',
  RETURN_CODE: 0,
  RETURN_MESSAGE: '登陆成功',
  EHUSER: 6 }

2019-01-28T17:16:21.230 INFO default  记下的session数据: { DPPS_KY: 6,
  MEME_KY: 10006,
  GPGP_KY: 1002,
  DPDP_KY: 102,
  PSPS_KY: 2222,
  LVAL_KY: 25,
  TOTAL_AL_DAY: 10,
  USAGE_AL_DAY: 1,
  APPLY_AL_DAY: 3.5,
  OTOT_KY: 3,
  APPLY_OT_HOUR: 61.599999999999994,
  USAGE_OT_HOUR: 10,
  MEME_LOGIN: '006',
  MEME_NAME: '系统管理员',
  MEME_EMP_ID: '006',
  SYSV_CERT_TYPE: 'C',
  MEME_CERT_ID_NUM: '310102198108133639',
  PSPS_NAME: '部门负责人',
  DPDP_NAME: 'IT技术部',
  GPGP_ID: 'PCT',
  GPGP_NAME: '上海保滏信息技术有限公司' }

2019-01-28T17:16:21.232 TRACE default  api_login传给前台的数据: { RETURN_CODE: 0, RETURN_MESSAGE: '登陆成功', EHUSER: 6 }

