2019-03-21T10:05:50.193 TRACE default  api_preLogin接收到前台的参数: { m: 'multi_result',
  SP_NAME: 'SP_USER_LOGIN_BEF_SELECT',
  MEME_LOGIN: '006' }

2019-03-21T10:05:50.317 TRACE default  api_preLogin接收到后台的参数: { result: { RETURN_CODE: 0, RETURN_MESSAGE: '' },
  meme_info: [ { MEME_LOGIN: '006', MEME_NAME: '系统管理员', MEME_KY: 10006 } ],
  group_account: 
   [ { GPGP_NAME: '上海保滏信息技术有限公司',
       GPGP_ID: 'PCT',
       GPGP_KY: 1002,
       DPPS_KY: 6 } ] }

2019-03-21T10:05:57.436 TRACE default  api_login接收前台的参数: { MEME_LOGIN: '006', MEME_PASSWORD: 'Power123', GPGP_KY: '1002' }

2019-03-21T10:05:57.558 TRACE default  api_login接收到的后台的数据： { '@RETURN_VALUE': 0,
  GPGP_KY: 1002,
  MEME_KY: 10006,
  DPDP_KY: 102,
  PSPS_KY: 2222,
  MEME_EMAIL: 'julian.zhu@powerfultone.com',
  RETURN_NAME: '系统管理员',
  RETURN_CODE: 0,
  RETURN_MESSAGE: '登陆成功',
  EHUSER: 6 }

2019-03-21T10:05:57.585 INFO default  记下的session数据: { DPPS_KY: 6,
  MEME_KY: 10006,
  GPGP_KY: 1002,
  DPDP_KY: 102,
  PSPS_KY: 2222,
  LVAL_KY: 25,
  TOTAL_AL_DAY: 10,
  USAGE_AL_DAY: 1,
  APPLY_AL_DAY: 6,
  OTOT_KY: 3,
  APPLY_OT_HOUR: 67.6,
  USAGE_OT_HOUR: 14,
  MEME_LOGIN: '006',
  MEME_NAME: '系统管理员',
  MEME_EMP_ID: '006',
  SYSV_CERT_TYPE: 'C',
  MEME_CERT_ID_NUM: '310102198108133639',
  PSPS_NAME: '部门负责人',
  DPDP_NAME: 'IT技术部',
  GPGP_ID: 'PCT',
  GPGP_NAME: '上海保滏信息技术有限公司' }

2019-03-21T10:05:57.589 TRACE default  api_login传给前台的数据: { RETURN_CODE: 0, RETURN_MESSAGE: '登陆成功', EHUSER: 6 }

2019-03-21T10:05:57.995 TRACE default  api_json接收到前台的参数: { m: 'SELECT', SP_NAME: 'SP_DPPS_ALARM_SHOW' }

2019-03-21T10:05:58.011 TRACE default  api_json接收到前台的参数: { m: 'multi_result', SP_NAME: 'SP_VERIFY_LOAD' }

2019-03-21T10:05:58.081 TRACE default  api_json传给前台数据: [ { WCOUNT: 18, EHUSER: 6 } ]

2019-03-21T10:05:58.097 TRACE default  api_json接收到前台的参数: { m: 'SELECT', SP_NAME: 'SP_DPPS_ALARM_SHOW', TYPE: 'list' }

2019-03-21T10:05:58.109 TRACE default  api_json传给前台数据: { result: { RETURN_CODE: 0, RETURN_MESSAGE: '' },
  meme_info: 
   { DPPS_KY: 6,
     MEME_KY: 10006,
     GPGP_KY: 1002,
     DPDP_KY: 102,
     PSPS_KY: 2222,
     COMMENT: '',
     MEME_LOGIN: '006',
     MEME_NAME: '系统管理员',
     GPGP_NAME: '上海保滏信息技术有限公司',
     PSPS_NAME: '部门负责人',
     DPDP_NAME: 'IT技术部',
     MEME_STS: '01',
     MEME_EMP_ID: '006',
     MEME_EMAIL: 'julian.zhu@powerfultone.com' },
  menu_list: 
   [ { DPPS_KY: 6,
       SYCR_KY: 905,
       SYCR_NAME: '待审核',
       SYCR_LAB_TXT_CH: '待审核',
       SYCR_LINK: 'audited',
       SORT_ORDER: 0,
       SYCR_CLASS: 'icon-daishenhe' },
     { DPPS_KY: 6,
       SYCR_KY: 901,
       SYCR_NAME: '报销管理',
       SYCR_LAB_TXT_CH: '报销管理',
       SYCR_LINK: 'reimburse',
       SORT_ORDER: 5,
       SYCR_CLASS: 'icon-baoxiao1' },
     { DPPS_KY: 6,
       SYCR_KY: 902,
       SYCR_NAME: '外勤管理',
       SYCR_LAB_TXT_CH: '外勤管理',
       SYCR_LINK: 'report',
       SORT_ORDER: 10,
       SYCR_CLASS: 'icon-waiqin' },
     { DPPS_KY: 6,
       SYCR_KY: 903,
       SYCR_NAME: '员工请假',
       SYCR_LAB_TXT_CH: '员工请假',
       SYCR_LINK: 'askForLeave',
       SORT_ORDER: 15,
       SYCR_CLASS: 'icon-qingjia' },
     { DPPS_KY: 6,
       SYCR_KY: 904,
       SYCR_NAME: '加班申请',
       SYCR_LAB_TXT_CH: '加班申请',
       SYCR_LINK: 'overTime',
       SORT_ORDER: 20,
       SYCR_CLASS: 'icon-jiaban' },
     { DPPS_KY: 6,
       SYCR_KY: 906,
       SYCR_NAME: '其他',
       SYCR_LAB_TXT_CH: '其他',
       SYCR_LINK: 'other',
       SORT_ORDER: 25,
       SYCR_CLASS: 'icon-qita' } ],
  hr_notes_catalog: 
   [ { SYSV_KY: 701,
       SYSV_DESC: '出差',
       SYSV_VALUE: 'BSTP',
       SYSV_TYPE: 'SYSV_ATDC_TYPE',
       SYSV_CLIENT_DESC: '\'住宿费({{LIMIT_AC}}元) * 天数({{ATDC_DAY}}天) * 人数({{ATDC_HUMAN_CNT}}人) + 餐补({{LIMIT_TM}}元) * 天数({{ATDC_DAY}}天) * 人数({{ATDC_HUMAN_CNT}}人) =<span class=\\\'sum_fee\\\'>\' + ({{LIMIT_AC}} * {{ATDC_DAY}} * {{ATDC_HUMAN_CNT}} + {{LIMIT_TM}}*{{ATDC_DAY}}*{{ATDC_HUMAN_CNT}} ).toFixed(2) + \'</span>元\';' },
     { SYSV_KY: 702,
       SYSV_DESC: '外勤',
       SYSV_VALUE: 'ETTN',
       SYSV_TYPE: 'SYSV_ATDC_TYPE',
       SYSV_CLIENT_DESC: '\'招待费({{LIMIT_BH}}元) * 人数({{ATDC_HUMAN_CNT}}人) = <span class=\\\'sum_fee\\\'>\' + ({{LIMIT_BH}}*{{ATDC_HUMAN_CNT}}).toFixed(2) + \'</span>元\';' } ],
  hr_notes_area: 
   [ { BSTR_ID: 'A001', BSTR_NAME: 'A类城市', BSTR_DESC: '北京、上海、广州、深圳' },
     { BSTR_ID: 'B001', BSTR_NAME: 'B类城市', BSTR_DESC: '省会及发达地区' },
     { BSTR_ID: 'C001', BSTR_NAME: 'C类城市', BSTR_DESC: '除A、B类城市外其他城市' } ],
  finance_fee_type: 
   [ { FEPP_KY: 100,
       SYSV_FEPP_TYPE: '',
       FEPP_NAME: '销售费用',
       PARENT_FEPP_KY: 0,
       FORMULA: '' },
     { FEPP_KY: 101,
       SYSV_FEPP_TYPE: '',
       FEPP_NAME: '返佣',
       PARENT_FEPP_KY: 0,
       FORMULA: '' },
     { FEPP_KY: 102,
       SYSV_FEPP_TYPE: '',
       FEPP_NAME: '饭贴',
       PARENT_FEPP_KY: 0,
       FORMULA: '' },
     { FEPP_KY: 103,
       SYSV_FEPP_TYPE: '',
       FEPP_NAME: '其他',
       PARENT_FEPP_KY: 0,
       FORMULA: '' },
     { FEPP_KY: 1001,
       SYSV_FEPP_TYPE: 'BH',
       FEPP_NAME: '业务招待费',
       PARENT_FEPP_KY: 100,
       FORMULA: '\'招待费({{LIMIT_BH}}元) * 人数({{ATDC_HUMAN_CNT}}人) = <span class=\\\'sum_fee\\\'>\' + ({{LIMIT_BH}}*{{ATDC_HUMAN_CNT}}).toFixed(2) + \'</span>元\';' },
     { FEPP_KY: 1002,
       SYSV_FEPP_TYPE: '',
       FEPP_NAME: '交通费',
       PARENT_FEPP_KY: 100,
       FORMULA: '' },
     { FEPP_KY: 1003,
       SYSV_FEPP_TYPE: '',
       FEPP_NAME: '市内交通费',
       PARENT_FEPP_KY: 100,
       FORMULA: '' },
     { FEPP_KY: 1004,
       SYSV_FEPP_TYPE: 'AC',
       FEPP_NAME: '住宿费',
       PARENT_FEPP_KY: 100,
       FORMULA: '\'住宿费({{LIMIT_AC}}元) * 天数({{ATDC_DAY}}天) * 人数({{ATDC_HUMAN_CNT}}人) =<span class=\\\'sum_fee\\\'>\' + ({{LIMIT_AC}} * {{ATDC_DAY}} * {{ATDC_HUMAN_CNT}}).toFixed(2) + \'</span>元\';' },
     { FEPP_KY: 1005,
       SYSV_FEPP_TYPE: 'TM',
       FEPP_NAME: '差旅餐补',
       PARENT_FEPP_KY: 100,
       FORMULA: '\'餐补({{LIMIT_TM}}元) * 天数({{ATDC_DAY}}天) * 人数({{ATDC_HUMAN_CNT}}人) =<span class=\\\'sum_fee\\\'>\' + ({{LIMIT_TM}}*{{ATDC_DAY}}*{{ATDC_HUMAN_CNT}}).toFixed(2) + \'</span>元\';' },
     { FEPP_KY: 1006,
       SYSV_FEPP_TYPE: '',
       FEPP_NAME: '通信费',
       PARENT_FEPP_KY: 100,
       FORMULA: '' },
     { FEPP_KY: 1007,
       SYSV_FEPP_TYPE: '',
       FEPP_NAME: '水电费',
       PARENT_FEPP_KY: 100,
       FORMULA: '' },
     { FEPP_KY: 1008,
       SYSV_FEPP_TYPE: '',
       FEPP_NAME: '办公费',
       PARENT_FEPP_KY: 100,
       FORMULA: '' },
     { FEPP_KY: 1009,
       SYSV_FEPP_TYPE: '',
       FEPP_NAME: '办公用品',
       PARENT_FEPP_KY: 100,
       FORMULA: '' },
     { FEPP_KY: 1010,
       SYSV_FEPP_TYPE: '',
       FEPP_NAME: '租赁费',
       PARENT_FEPP_KY: 100,
       FORMULA: '' },
     { FEPP_KY: 1011,
       SYSV_FEPP_TYPE: '',
       FEPP_NAME: '快递费',
       PARENT_FEPP_KY: 100,
       FORMULA: '' },
     { FEPP_KY: 1099,
       SYSV_FEPP_TYPE: '',
       FEPP_NAME: '其他',
       PARENT_FEPP_KY: 100,
       FORMULA: '' },
     { FEPP_KY: 2001,
       SYSV_FEPP_TYPE: 'BH',
       FEPP_NAME: '业务招待费',
       PARENT_FEPP_KY: 101,
       FORMULA: '\'招待费({{LIMIT_BH}}元) * 人数({{ATDC_HUMAN_CNT}}人) = <span class=\\\'sum_fee\\\'>\' + ({{LIMIT_BH}}*{{ATDC_HUMAN_CNT}}).toFixed(2) + \'</span>元\';' },
     { FEPP_KY: 2002,
       SYSV_FEPP_TYPE: '',
       FEPP_NAME: '交通费',
       PARENT_FEPP_KY: 101,
       FORMULA: '' },
     { FEPP_KY: 2003,
       SYSV_FEPP_TYPE: '',
       FEPP_NAME: '市内交通费',
       PARENT_FEPP_KY: 101,
       FORMULA: '' },
     { FEPP_KY: 2004,
       SYSV_FEPP_TYPE: 'AC',
       FEPP_NAME: '住宿费',
       PARENT_FEPP_KY: 101,
       FORMULA: '\'住宿费({{LIMIT_AC}}元) * 天数({{ATDC_DAY}}天) * 人数({{ATDC_HUMAN_CNT}}人) =<span class=\\\'sum_fee\\\'>\' + ({{LIMIT_AC}} * {{ATDC_DAY}} * {{ATDC_HUMAN_CNT}}).toFixed(2) + \'</span>元\';' },
     { FEPP_KY: 2005,
       SYSV_FEPP_TYPE: 'TM',
       FEPP_NAME: '差旅餐补',
       PARENT_FEPP_KY: 101,
       FORMULA: '\'餐补({{LIMIT_TM}}元) * 天数({{ATDC_DAY}}天) * 人数({{ATDC_HUMAN_CNT}}人) =<span class=\\\'sum_fee\\\'>\' + ({{LIMIT_TM}}*{{ATDC_DAY}}*{{ATDC_HUMAN_CNT}}).toFixed(2) + \'</span>元\';' },
     { FEPP_KY: 2006,
       SYSV_FEPP_TYPE: '',
       FEPP_NAME: '通信费',
       PARENT_FEPP_KY: 101,
       FORMULA: '' },
     { FEPP_KY: 2007,
       SYSV_FEPP_TYPE: '',
       FEPP_NAME: '水电费',
       PARENT_FEPP_KY: 101,
       FORMULA: '' },
     { FEPP_KY: 2008,
       SYSV_FEPP_TYPE: '',
       FEPP_NAME: '办公费',
       PARENT_FEPP_KY: 101,
       FORMULA: '' },
     { FEPP_KY: 2009,
       SYSV_FEPP_TYPE: '',
       FEPP_NAME: '办公用品',
       PARENT_FEPP_KY: 101,
       FORMULA: '' },
     { FEPP_KY: 2010,
       SYSV_FEPP_TYPE: '',
       FEPP_NAME: '租赁费',
       PARENT_FEPP_KY: 101,
       FORMULA: '' },
     { FEPP_KY: 2011,
       SYSV_FEPP_TYPE: '',
       FEPP_NAME: '快递费',
       PARENT_FEPP_KY: 101,
       FORMULA: '' },
     { FEPP_KY: 2099,
       SYSV_FEPP_TYPE: '',
       FEPP_NAME: '其他',
       PARENT_FEPP_KY: 101,
       FORMULA: '' },
     { FEPP_KY: 3001,
       SYSV_FEPP_TYPE: 'BH',
       FEPP_NAME: '业务招待费',
       PARENT_FEPP_KY: 102,
       FORMULA: '\'招待费({{LIMIT_BH}}元) * 人数({{ATDC_HUMAN_CNT}}人) = <span class=\\\'sum_fee\\\'>\' + ({{LIMIT_BH}}*{{ATDC_HUMAN_CNT}}).toFixed(2) + \'</span>元\';' },
     { FEPP_KY: 3002,
       SYSV_FEPP_TYPE: '',
       FEPP_NAME: '交通费',
       PARENT_FEPP_KY: 102,
       FORMULA: '' },
     { FEPP_KY: 3003,
       SYSV_FEPP_TYPE: '',
       FEPP_NAME: '市内交通费',
       PARENT_FEPP_KY: 102,
       FORMULA: '' },
     { FEPP_KY: 3004,
       SYSV_FEPP_TYPE: 'AC',
       FEPP_NAME: '住宿费',
       PARENT_FEPP_KY: 102,
       FORMULA: '\'住宿费({{LIMIT_AC}}元) * 天数({{ATDC_DAY}}天) * 人数({{ATDC_HUMAN_CNT}}人) =<span class=\\\'sum_fee\\\'>\' + ({{LIMIT_AC}} * {{ATDC_DAY}} * {{ATDC_HUMAN_CNT}}).toFixed(2) + \'</span>元\';' },
     { FEPP_KY: 3005,
       SYSV_FEPP_TYPE: 'TM',
       FEPP_NAME: '差旅餐补',
       PARENT_FEPP_KY: 102,
       FORMULA: '\'餐补({{LIMIT_TM}}元) * 天数({{ATDC_DAY}}天) * 人数({{ATDC_HUMAN_CNT}}人) =<span class=\\\'sum_fee\\\'>\' + ({{LIMIT_TM}}*{{ATDC_DAY}}*{{ATDC_HUMAN_CNT}}).toFixed(2) + \'</span>元\';' },
     { FEPP_KY: 3006,
       SYSV_FEPP_TYPE: '',
       FEPP_NAME: '通信费',
       PARENT_FEPP_KY: 102,
       FORMULA: '' },
     { FEPP_KY: 3007,
       SYSV_FEPP_TYPE: '',
       FEPP_NAME: '水电费',
       PARENT_FEPP_KY: 102,
       FORMULA: '' },
     { FEPP_KY: 3008,
       SYSV_FEPP_TYPE: '',
       FEPP_NAME: '办公费',
       PARENT_FEPP_KY: 102,
       FORMULA: '' },
     { FEPP_KY: 3009,
       SYSV_FEPP_TYPE: '',
       FEPP_NAME: '办公用品',
       PARENT_FEPP_KY: 102,
       FORMULA: '' },
     { FEPP_KY: 3010,
       SYSV_FEPP_TYPE: '',
       FEPP_NAME: '租赁费',
       PARENT_FEPP_KY: 102,
       FORMULA: '' },
     { FEPP_KY: 3011,
       SYSV_FEPP_TYPE: '',
       FEPP_NAME: '快递费',
       PARENT_FEPP_KY: 102,
       FORMULA: '' },
     { FEPP_KY: 3099,
       SYSV_FEPP_TYPE: '',
       FEPP_NAME: '其他',
       PARENT_FEPP_KY: 102,
       FORMULA: '' },
     { FEPP_KY: 4099,
       SYSV_FEPP_TYPE: '',
       FEPP_NAME: '其他',
       PARENT_FEPP_KY: 103,
       FORMULA: '' } ],
  oa_type: 
   [ { OA_TYPE: 'ATDC', OA_TYPE_NAME: '外勤报备' },
     { OA_TYPE: 'RBRB', OA_TYPE_NAME: '报销管理' },
     { OA_TYPE: 'LVLV', OA_TYPE_NAME: '请假' },
     { OA_TYPE: 'OTBL', OA_TYPE_NAME: '加班申请' } ] }

2019-03-21T10:05:58.128 TRACE default  api_json接收到前台的参数: { m: 'SELECT', SP_NAME: 'SP_DPPS_ALARM_SHOW' }

2019-03-21T10:05:58.184 TRACE default  api_json传给前台数据: [ { OA_LINK: '#reportIndex',
    OA_TYPE_DESC: '外勤待审核数',
    OA_TYPE: 'ATDC',
    WCOUNT: 1,
    EHUSER: 6 },
  { OA_LINK: '#askForLive',
    OA_TYPE_DESC: '员工请假待审核数',
    OA_TYPE: 'LVLV',
    WCOUNT: 4,
    EHUSER: 6 },
  { OA_LINK: '#overTime',
    OA_TYPE_DESC: '加班申请待审核数',
    OA_TYPE: 'OTBL',
    WCOUNT: 4,
    EHUSER: 6 },
  { OA_LINK: '#reimburseMain',
    OA_TYPE_DESC: '报销待审核数',
    OA_TYPE: 'RBRB',
    WCOUNT: 9,
    EHUSER: 6 } ]

2019-03-21T10:05:58.199 TRACE default  api_json传给前台数据: [ { WCOUNT: 18, EHUSER: 6 } ]

2019-03-21T10:06:03.119 TRACE default  api_json接收到前台的参数: { m: 'SELECT', SP_NAME: 'SP_DPPS_ALARM_SHOW' }

2019-03-21T10:06:03.127 TRACE default  api_json接收到前台的参数: { m: 'LIST',
  REVIEW_IND: 'Y',
  SP_NAME: 'SP_ATDC_ATTENDANCE_INFO_LIST' }

2019-03-21T10:06:03.151 TRACE default  api_json传给前台数据: [ { WCOUNT: 18, EHUSER: 6 } ]

2019-03-21T10:06:03.218 TRACE default  api_json传给前台数据: { total: 1,
  rows: 
   [ { ATDC_KY: 4412,
       MEME_KY: 10008,
       GPGP_KY: 1002,
       MEME_NAME: '徐鹏',
       MEME_EMP_ID: '008',
       ATDC_STS: '121',
       ATDC_STS_DESC: '部门待审核',
       SYSV_ATDC_TYPE: 'ETTN',
       SYSV_ATDC_TYPE_DESC: '外勤',
       ATDC_ID: 'AT201902140001',
       ATDC_SITE: '53',
       ATDC_DESC: '',
       BSTR_ID: '',
       BSTR_NAME: '',
       ATDC_APPLY_DT: '2019-02-14',
       ATDC_DAY: 1,
       ATDC_HOUR: 0,
       ATDC_HUMAN_CNT: 2,
       ATDC_START_DT: '2019-02-15',
       ATDC_END_DT: '2019-02-16',
       REVIEW_IND: 'Y',
       AUDIT_BUTTON_FEATURE: 'AUDIT' } ] }

2019-03-21T10:06:04.344 TRACE default  api_json接收到前台的参数: { m: 'LIST',
  REVIEW_IND: 'Y',
  SP_NAME: 'SP_RBRB_REIMBURSE_INFO_LIST' }

2019-03-21T10:06:04.436 TRACE default  api_json传给前台数据: { total: 7,
  rows: 
   [ { RBRB_KEY_STRING: '4402',
       MEME_KY: 10006,
       GPGP_KY: 1002,
       DPPS_KY: 6,
       MEME_NAME: '系统管理员',
       MEME_EMP_ID: '006',
       RBRB_STS: '221',
       RBRB_STS_DESC: '部门待审核',
       RBRB_ID_STRING: 'RB201902140002',
       FEPP_KY: 3003,
       PURPOSE: '',
       FEPP_NAME: '市内交通费',
       RBRB_APPLY_DT: '2019-02-14',
       RBRB_APPLY_AMT: '22.00',
       PARENT_FEPP_KY: 102,
       REVIEW_IND: 'Y' },
     { RBRB_KEY_STRING: '4393',
       MEME_KY: 10008,
       GPGP_KY: 1002,
       DPPS_KY: 8,
       MEME_NAME: '徐鹏',
       MEME_EMP_ID: '008',
       RBRB_STS: '221',
       RBRB_STS_DESC: '部门待审核',
       RBRB_ID_STRING: 'RB201902140001',
       FEPP_KY: 3004,
       PURPOSE: '',
       FEPP_NAME: '住宿费',
       RBRB_APPLY_DT: '2019-02-14',
       RBRB_APPLY_AMT: '2.00',
       PARENT_FEPP_KY: 102,
       REVIEW_IND: 'Y' },
     { RBRB_KEY_STRING: '4389',
       MEME_KY: 10006,
       GPGP_KY: 1002,
       DPPS_KY: 6,
       MEME_NAME: '系统管理员',
       MEME_EMP_ID: '006',
       RBRB_STS: '221',
       RBRB_STS_DESC: '部门待审核',
       RBRB_ID_STRING: 'RB201901210003',
       FEPP_KY: 3004,
       PURPOSE: '',
       FEPP_NAME: '住宿费',
       RBRB_APPLY_DT: '2019-01-21',
       RBRB_APPLY_AMT: '20.00',
       PARENT_FEPP_KY: 102,
       REVIEW_IND: 'Y' },
     { RBRB_KEY_STRING: '4386',
       MEME_KY: 10006,
       GPGP_KY: 1002,
       DPPS_KY: 6,
       MEME_NAME: '系统管理员',
       MEME_EMP_ID: '006',
       RBRB_STS: '221',
       RBRB_STS_DESC: '部门待审核',
       RBRB_ID_STRING: 'RB201901210001',
       FEPP_KY: 2005,
       PURPOSE: '',
       FEPP_NAME: '差旅餐补',
       RBRB_APPLY_DT: '2019-01-20',
       RBRB_APPLY_AMT: '5000.00',
       PARENT_FEPP_KY: 101,
       REVIEW_IND: 'Y' },
     { RBRB_KEY_STRING: '4311',
       MEME_KY: 10006,
       GPGP_KY: 1002,
       DPPS_KY: 6,
       MEME_NAME: '系统管理员',
       MEME_EMP_ID: '006',
       RBRB_STS: '221',
       RBRB_STS_DESC: '部门待审核',
       RBRB_ID_STRING: 'RB201901100002',
       FEPP_KY: 1006,
       PURPOSE: '',
       FEPP_NAME: '通信费',
       RBRB_APPLY_DT: '2019-01-10',
       RBRB_APPLY_AMT: '201.02',
       PARENT_FEPP_KY: 100,
       REVIEW_IND: 'Y' },
     { RBRB_KEY_STRING: '4346,4357',
       MEME_KY: 10006,
       GPGP_KY: 1002,
       DPPS_KY: 6,
       MEME_NAME: '系统管理员',
       MEME_EMP_ID: '006',
       RBRB_STS: '221',
       RBRB_STS_DESC: '部门待审核',
       RBRB_ID_STRING: 'RB201901110001,RB201901150002',
       FEPP_KY: 4099,
       PURPOSE: '',
       FEPP_NAME: '住宿费',
       RBRB_APPLY_DT: '2019-01-09',
       RBRB_APPLY_AMT: '25.20',
       PARENT_FEPP_KY: 103,
       REVIEW_IND: 'Y' },
     { RBRB_KEY_STRING: '4275,4277',
       MEME_KY: 10006,
       GPGP_KY: 1002,
       DPPS_KY: 6,
       MEME_NAME: '系统管理员',
       MEME_EMP_ID: '006',
       RBRB_STS: '221',
       RBRB_STS_DESC: '部门待审核',
       RBRB_ID_STRING: 'RB201901020001,RB201901020002',
       FEPP_KY: 1004,
       PURPOSE: '',
       FEPP_NAME: '住宿费',
       RBRB_APPLY_DT: '2019-01-02',
       RBRB_APPLY_AMT: '7132.00',
       PARENT_FEPP_KY: 100,
       REVIEW_IND: 'Y' } ] }

2019-03-21T10:06:05.763 TRACE default  api_json接收到前台的参数: { m: 'LIST',
  REVIEW_IND: 'Y',
  SP_NAME: 'SP_ATDC_ATTENDANCE_INFO_LIST' }

2019-03-21T10:06:05.847 TRACE default  api_json传给前台数据: { total: 1,
  rows: 
   [ { ATDC_KY: 4412,
       MEME_KY: 10008,
       GPGP_KY: 1002,
       MEME_NAME: '徐鹏',
       MEME_EMP_ID: '008',
       ATDC_STS: '121',
       ATDC_STS_DESC: '部门待审核',
       SYSV_ATDC_TYPE: 'ETTN',
       SYSV_ATDC_TYPE_DESC: '外勤',
       ATDC_ID: 'AT201902140001',
       ATDC_SITE: '53',
       ATDC_DESC: '',
       BSTR_ID: '',
       BSTR_NAME: '',
       ATDC_APPLY_DT: '2019-02-14',
       ATDC_DAY: 1,
       ATDC_HOUR: 0,
       ATDC_HUMAN_CNT: 2,
       ATDC_START_DT: '2019-02-15',
       ATDC_END_DT: '2019-02-16',
       REVIEW_IND: 'Y',
       AUDIT_BUTTON_FEATURE: 'AUDIT' } ] }

2019-03-21T10:06:11.600 TRACE default  api_json接收到前台的参数: { m: 'LIST',
  REVIEW_IND: 'Y',
  SP_NAME: 'SP_RBRB_REIMBURSE_INFO_LIST' }

2019-03-21T10:06:11.687 TRACE default  api_json传给前台数据: { total: 7,
  rows: 
   [ { RBRB_KEY_STRING: '4402',
       MEME_KY: 10006,
       GPGP_KY: 1002,
       DPPS_KY: 6,
       MEME_NAME: '系统管理员',
       MEME_EMP_ID: '006',
       RBRB_STS: '221',
       RBRB_STS_DESC: '部门待审核',
       RBRB_ID_STRING: 'RB201902140002',
       FEPP_KY: 3003,
       PURPOSE: '',
       FEPP_NAME: '市内交通费',
       RBRB_APPLY_DT: '2019-02-14',
       RBRB_APPLY_AMT: '22.00',
       PARENT_FEPP_KY: 102,
       REVIEW_IND: 'Y' },
     { RBRB_KEY_STRING: '4393',
       MEME_KY: 10008,
       GPGP_KY: 1002,
       DPPS_KY: 8,
       MEME_NAME: '徐鹏',
       MEME_EMP_ID: '008',
       RBRB_STS: '221',
       RBRB_STS_DESC: '部门待审核',
       RBRB_ID_STRING: 'RB201902140001',
       FEPP_KY: 3004,
       PURPOSE: '',
       FEPP_NAME: '住宿费',
       RBRB_APPLY_DT: '2019-02-14',
       RBRB_APPLY_AMT: '2.00',
       PARENT_FEPP_KY: 102,
       REVIEW_IND: 'Y' },
     { RBRB_KEY_STRING: '4389',
       MEME_KY: 10006,
       GPGP_KY: 1002,
       DPPS_KY: 6,
       MEME_NAME: '系统管理员',
       MEME_EMP_ID: '006',
       RBRB_STS: '221',
       RBRB_STS_DESC: '部门待审核',
       RBRB_ID_STRING: 'RB201901210003',
       FEPP_KY: 3004,
       PURPOSE: '',
       FEPP_NAME: '住宿费',
       RBRB_APPLY_DT: '2019-01-21',
       RBRB_APPLY_AMT: '20.00',
       PARENT_FEPP_KY: 102,
       REVIEW_IND: 'Y' },
     { RBRB_KEY_STRING: '4386',
       MEME_KY: 10006,
       GPGP_KY: 1002,
       DPPS_KY: 6,
       MEME_NAME: '系统管理员',
       MEME_EMP_ID: '006',
       RBRB_STS: '221',
       RBRB_STS_DESC: '部门待审核',
       RBRB_ID_STRING: 'RB201901210001',
       FEPP_KY: 2005,
       PURPOSE: '',
       FEPP_NAME: '差旅餐补',
       RBRB_APPLY_DT: '2019-01-20',
       RBRB_APPLY_AMT: '5000.00',
       PARENT_FEPP_KY: 101,
       REVIEW_IND: 'Y' },
     { RBRB_KEY_STRING: '4311',
       MEME_KY: 10006,
       GPGP_KY: 1002,
       DPPS_KY: 6,
       MEME_NAME: '系统管理员',
       MEME_EMP_ID: '006',
       RBRB_STS: '221',
       RBRB_STS_DESC: '部门待审核',
       RBRB_ID_STRING: 'RB201901100002',
       FEPP_KY: 1006,
       PURPOSE: '',
       FEPP_NAME: '通信费',
       RBRB_APPLY_DT: '2019-01-10',
       RBRB_APPLY_AMT: '201.02',
       PARENT_FEPP_KY: 100,
       REVIEW_IND: 'Y' },
     { RBRB_KEY_STRING: '4346,4357',
       MEME_KY: 10006,
       GPGP_KY: 1002,
       DPPS_KY: 6,
       MEME_NAME: '系统管理员',
       MEME_EMP_ID: '006',
       RBRB_STS: '221',
       RBRB_STS_DESC: '部门待审核',
       RBRB_ID_STRING: 'RB201901110001,RB201901150002',
       FEPP_KY: 4099,
       PURPOSE: '',
       FEPP_NAME: '住宿费',
       RBRB_APPLY_DT: '2019-01-09',
       RBRB_APPLY_AMT: '25.20',
       PARENT_FEPP_KY: 103,
       REVIEW_IND: 'Y' },
     { RBRB_KEY_STRING: '4275,4277',
       MEME_KY: 10006,
       GPGP_KY: 1002,
       DPPS_KY: 6,
       MEME_NAME: '系统管理员',
       MEME_EMP_ID: '006',
       RBRB_STS: '221',
       RBRB_STS_DESC: '部门待审核',
       RBRB_ID_STRING: 'RB201901020001,RB201901020002',
       FEPP_KY: 1004,
       PURPOSE: '',
       FEPP_NAME: '住宿费',
       RBRB_APPLY_DT: '2019-01-02',
       RBRB_APPLY_AMT: '7132.00',
       PARENT_FEPP_KY: 100,
       REVIEW_IND: 'Y' } ] }

2019-03-21T11:01:28.038 TRACE default  api_json接收到前台的参数: { m: 'SELECT', SP_NAME: 'SP_DPPS_ALARM_SHOW' }

2019-03-21T11:01:28.210 TRACE default  api_json接收到前台的参数: { m: 'LIST',
  REVIEW_IND: 'Y',
  SP_NAME: 'SP_ATDC_ATTENDANCE_INFO_LIST' }

2019-03-21T11:01:28.267 TRACE default  api_json传给前台数据: [ { WCOUNT: 18, EHUSER: 6 } ]

2019-03-21T11:01:28.326 TRACE default  api_json传给前台数据: { total: 1,
  rows: 
   [ { ATDC_KY: 4412,
       MEME_KY: 10008,
       GPGP_KY: 1002,
       MEME_NAME: '徐鹏',
       MEME_EMP_ID: '008',
       ATDC_STS: '121',
       ATDC_STS_DESC: '部门待审核',
       SYSV_ATDC_TYPE: 'ETTN',
       SYSV_ATDC_TYPE_DESC: '外勤',
       ATDC_ID: 'AT201902140001',
       ATDC_SITE: '53',
       ATDC_DESC: '',
       BSTR_ID: '',
       BSTR_NAME: '',
       ATDC_APPLY_DT: '2019-02-14',
       ATDC_DAY: 1,
       ATDC_HOUR: 0,
       ATDC_HUMAN_CNT: 2,
       ATDC_START_DT: '2019-02-15',
       ATDC_END_DT: '2019-02-16',
       REVIEW_IND: 'Y',
       AUDIT_BUTTON_FEATURE: 'AUDIT' } ] }

2019-03-21T13:11:05.597 TRACE default  api_json接收到前台的参数: { m: 'LIST',
  REVIEW_IND: 'Y',
  SP_NAME: 'SP_RBRB_REIMBURSE_INFO_LIST' }

2019-03-21T13:11:06.246 TRACE default  api_json接收到前台的参数: { m: 'LIST',
  REVIEW_IND: 'Y',
  SP_NAME: 'SP_LVLV_LEAVE_INFO_LIST' }

2019-03-21T13:11:06.834 TRACE default  api_json接收到前台的参数: { m: 'LIST',
  REVIEW_IND: 'Y',
  SP_NAME: 'SP_OTBL_OVERTIME_BILL_INFO_LIST' }

2019-03-21T13:11:07.112 TRACE default  api_json传给前台数据: { total: 7,
  rows: 
   [ { RBRB_KEY_STRING: '4402',
       MEME_KY: 10006,
       GPGP_KY: 1002,
       DPPS_KY: 6,
       MEME_NAME: '系统管理员',
       MEME_EMP_ID: '006',
       RBRB_STS: '221',
       RBRB_STS_DESC: '部门待审核',
       RBRB_ID_STRING: 'RB201902140002',
       FEPP_KY: 3003,
       PURPOSE: '',
       FEPP_NAME: '市内交通费',
       RBRB_APPLY_DT: '2019-02-14',
       RBRB_APPLY_AMT: '22.00',
       PARENT_FEPP_KY: 102,
       REVIEW_IND: 'Y' },
     { RBRB_KEY_STRING: '4393',
       MEME_KY: 10008,
       GPGP_KY: 1002,
       DPPS_KY: 8,
       MEME_NAME: '徐鹏',
       MEME_EMP_ID: '008',
       RBRB_STS: '221',
       RBRB_STS_DESC: '部门待审核',
       RBRB_ID_STRING: 'RB201902140001',
       FEPP_KY: 3004,
       PURPOSE: '',
       FEPP_NAME: '住宿费',
       RBRB_APPLY_DT: '2019-02-14',
       RBRB_APPLY_AMT: '2.00',
       PARENT_FEPP_KY: 102,
       REVIEW_IND: 'Y' },
     { RBRB_KEY_STRING: '4389',
       MEME_KY: 10006,
       GPGP_KY: 1002,
       DPPS_KY: 6,
       MEME_NAME: '系统管理员',
       MEME_EMP_ID: '006',
       RBRB_STS: '221',
       RBRB_STS_DESC: '部门待审核',
       RBRB_ID_STRING: 'RB201901210003',
       FEPP_KY: 3004,
       PURPOSE: '',
       FEPP_NAME: '住宿费',
       RBRB_APPLY_DT: '2019-01-21',
       RBRB_APPLY_AMT: '20.00',
       PARENT_FEPP_KY: 102,
       REVIEW_IND: 'Y' },
     { RBRB_KEY_STRING: '4386',
       MEME_KY: 10006,
       GPGP_KY: 1002,
       DPPS_KY: 6,
       MEME_NAME: '系统管理员',
       MEME_EMP_ID: '006',
       RBRB_STS: '221',
       RBRB_STS_DESC: '部门待审核',
       RBRB_ID_STRING: 'RB201901210001',
       FEPP_KY: 2005,
       PURPOSE: '',
       FEPP_NAME: '差旅餐补',
       RBRB_APPLY_DT: '2019-01-20',
       RBRB_APPLY_AMT: '5000.00',
       PARENT_FEPP_KY: 101,
       REVIEW_IND: 'Y' },
     { RBRB_KEY_STRING: '4311',
       MEME_KY: 10006,
       GPGP_KY: 1002,
       DPPS_KY: 6,
       MEME_NAME: '系统管理员',
       MEME_EMP_ID: '006',
       RBRB_STS: '221',
       RBRB_STS_DESC: '部门待审核',
       RBRB_ID_STRING: 'RB201901100002',
       FEPP_KY: 1006,
       PURPOSE: '',
       FEPP_NAME: '通信费',
       RBRB_APPLY_DT: '2019-01-10',
       RBRB_APPLY_AMT: '201.02',
       PARENT_FEPP_KY: 100,
       REVIEW_IND: 'Y' },
     { RBRB_KEY_STRING: '4346,4357',
       MEME_KY: 10006,
       GPGP_KY: 1002,
       DPPS_KY: 6,
       MEME_NAME: '系统管理员',
       MEME_EMP_ID: '006',
       RBRB_STS: '221',
       RBRB_STS_DESC: '部门待审核',
       RBRB_ID_STRING: 'RB201901110001,RB201901150002',
       FEPP_KY: 4099,
       PURPOSE: '',
       FEPP_NAME: '住宿费',
       RBRB_APPLY_DT: '2019-01-09',
       RBRB_APPLY_AMT: '25.20',
       PARENT_FEPP_KY: 103,
       REVIEW_IND: 'Y' },
     { RBRB_KEY_STRING: '4275,4277',
       MEME_KY: 10006,
       GPGP_KY: 1002,
       DPPS_KY: 6,
       MEME_NAME: '系统管理员',
       MEME_EMP_ID: '006',
       RBRB_STS: '221',
       RBRB_STS_DESC: '部门待审核',
       RBRB_ID_STRING: 'RB201901020001,RB201901020002',
       FEPP_KY: 1004,
       PURPOSE: '',
       FEPP_NAME: '住宿费',
       RBRB_APPLY_DT: '2019-01-02',
       RBRB_APPLY_AMT: '7132.00',
       PARENT_FEPP_KY: 100,
       REVIEW_IND: 'Y' } ] }

2019-03-21T13:11:08.010 TRACE default  api_json传给前台数据: { total: 4,
  rows: 
   [ { LVLV_KY: 4392,
       MEME_KY: 10007,
       GPGP_KY: 1001,
       MEME_NAME: '董洪阳',
       MEME_EMP_ID: '007',
       LVLV_STS: '321',
       LVLV_STS_DESC: '部门待审核',
       SYSV_LVLV_TYPE: 'AL',
       SYSV_LVLV_TYPE_DESC: '年假',
       LVLV_ID: 'LV201902140001',
       OTHER_TYPE_DESC: '',
       LVLV_ENTRY_DT: '2019-02-14',
       LVLV_HOUR: 16,
       REVIEW_HOUR: 0,
       LVLV_FRM_DTM: '2019-02-14 09:30',
       LVLV_TO_DTM: '2019-02-14 18:00',
       OPERATOR_EHUSER: '7',
       DPPS_KY: 7,
       LVLV_COMMENT: '个人',
       REFUSE_REASON: '',
       REVIEW_IND: 'Y',
       AUDIT_BUTTON_FEATURE: 'AUDIT' },
     { LVLV_KY: 4313,
       MEME_KY: 10006,
       GPGP_KY: 1002,
       MEME_NAME: '系统管理员',
       MEME_EMP_ID: '006',
       LVLV_STS: '321',
       LVLV_STS_DESC: '部门待审核',
       SYSV_LVLV_TYPE: 'SL',
       SYSV_LVLV_TYPE_DESC: '病假【提供病假单影像】',
       LVLV_ID: 'LV201901100001',
       OTHER_TYPE_DESC: '',
       LVLV_ENTRY_DT: '2019-01-10',
       LVLV_HOUR: 6,
       REVIEW_HOUR: 0,
       LVLV_FRM_DTM: '2019-01-10 09:30',
       LVLV_TO_DTM: '2019-01-10 18:00',
       OPERATOR_EHUSER: '6',
       DPPS_KY: 6,
       LVLV_COMMENT: '0.5',
       REFUSE_REASON: '',
       REVIEW_IND: 'Y',
       AUDIT_BUTTON_FEATURE: 'AUDIT' },
     { LVLV_KY: 4291,
       MEME_KY: 10006,
       GPGP_KY: 1002,
       MEME_NAME: '系统管理员',
       MEME_EMP_ID: '006',
       LVLV_STS: '321',
       LVLV_STS_DESC: '部门待审核',
       SYSV_LVLV_TYPE: 'AL',
       SYSV_LVLV_TYPE_DESC: '年假',
       LVLV_ID: 'LV201901090001',
       OTHER_TYPE_DESC: '',
       LVLV_ENTRY_DT: '2019-01-09',
       LVLV_HOUR: 4,
       REVIEW_HOUR: 0,
       LVLV_FRM_DTM: '2019-01-10 12:00',
       LVLV_TO_DTM: '2019-01-10 18:00',
       OPERATOR_EHUSER: '6',
       DPPS_KY: 6,
       LVLV_COMMENT: '半天啊',
       REFUSE_REASON: '',
       REVIEW_IND: 'Y',
       AUDIT_BUTTON_FEATURE: 'AUDIT' },
     { LVLV_KY: 4284,
       MEME_KY: 10006,
       GPGP_KY: 1002,
       MEME_NAME: '系统管理员',
       MEME_EMP_ID: '006',
       LVLV_STS: '321',
       LVLV_STS_DESC: '部门待审核',
       SYSV_LVLV_TYPE: 'CL',
       SYSV_LVLV_TYPE_DESC: '事假',
       LVLV_ID: 'LV201901070001',
       OTHER_TYPE_DESC: '',
       LVLV_ENTRY_DT: '2019-01-07',
       LVLV_HOUR: 9,
       REVIEW_HOUR: 0,
       LVLV_FRM_DTM: '2019-01-15 09:30',
       LVLV_TO_DTM: '2019-01-18 18:13',
       OPERATOR_EHUSER: '6',
       DPPS_KY: 6,
       LVLV_COMMENT: '67',
       REFUSE_REASON: '',
       REVIEW_IND: 'Y',
       AUDIT_BUTTON_FEATURE: 'AUDIT' } ] }

2019-03-21T13:11:08.111 TRACE default  api_json传给前台数据: { total: 4,
  rows: 
   [ { OTBL_KY: 4417,
       MEME_KY: 10008,
       GPGP_KY: 1002,
       MEME_NAME: '徐鹏',
       MEME_EMP_ID: '008',
       OTBL_STS: '421',
       OTBL_STS_DESC: '部门待审核',
       SYSV_OTBL_TYPE: '',
       SYSV_OTBL_TYPE_DESC: '',
       OTBL_ID: 'OT201902140001',
       OTBL_DESC: '0',
       OTBL_APPLY_DT: '2019-02-14',
       OTBL_HOUR: 2,
       OTBL_START_DT: '2019-02-14 18:00',
       OTBL_END_DT: '2019-02-16 20:00',
       OPERATOR_EHUSER: '6',
       DPPS_KY: 8,
       OTBL_COMMENT: '',
       REFUSE_REASON: '',
       REVIEW_IND: 'Y',
       AUDIT_FEATURE: 'AUDIT' },
     { OTBL_KY: 4307,
       MEME_KY: 10026,
       GPGP_KY: 1002,
       MEME_NAME: '李超',
       MEME_EMP_ID: '035',
       OTBL_STS: '421',
       OTBL_STS_DESC: '部门待审核',
       SYSV_OTBL_TYPE: '',
       SYSV_OTBL_TYPE_DESC: '',
       OTBL_ID: 'OT201901100003',
       OTBL_DESC: '022',
       OTBL_APPLY_DT: '2019-01-10',
       OTBL_HOUR: 2.5,
       OTBL_START_DT: '2019-01-10 18:00',
       OTBL_END_DT: '2019-01-10 20:00',
       OPERATOR_EHUSER: '26',
       DPPS_KY: 26,
       OTBL_COMMENT: '',
       REFUSE_REASON: '',
       REVIEW_IND: 'Y',
       AUDIT_FEATURE: 'AUDIT' },
     { OTBL_KY: 4305,
       MEME_KY: 10006,
       GPGP_KY: 1002,
       MEME_NAME: '系统管理员',
       MEME_EMP_ID: '006',
       OTBL_STS: '421',
       OTBL_STS_DESC: '部门待审核',
       SYSV_OTBL_TYPE: '',
       SYSV_OTBL_TYPE_DESC: '',
       OTBL_ID: 'OT201901100001',
       OTBL_DESC: '0',
       OTBL_APPLY_DT: '2019-01-10',
       OTBL_HOUR: 1,
       OTBL_START_DT: '2019-01-10 18:00',
       OTBL_END_DT: '2019-01-10 20:00',
       OPERATOR_EHUSER: '6',
       DPPS_KY: 6,
       OTBL_COMMENT: '',
       REFUSE_REASON: '',
       REVIEW_IND: 'Y',
       AUDIT_FEATURE: 'AUDIT' },
     { OTBL_KY: 4293,
       MEME_KY: 10026,
       GPGP_KY: 1002,
       MEME_NAME: '李超',
       MEME_EMP_ID: '035',
       OTBL_STS: '421',
       OTBL_STS_DESC: '部门待审核',
       SYSV_OTBL_TYPE: '',
       SYSV_OTBL_TYPE_DESC: '',
       OTBL_ID: 'OT201901090001',
       OTBL_DESC: '222',
       OTBL_APPLY_DT: '2019-01-09',
       OTBL_HOUR: 2,
       OTBL_START_DT: '2019-01-10 18:00',
       OTBL_END_DT: '2019-01-10 20:00',
       OPERATOR_EHUSER: '6',
       DPPS_KY: 26,
       OTBL_COMMENT: '',
       REFUSE_REASON: '',
       REVIEW_IND: 'Y',
       AUDIT_FEATURE: 'AUDIT' } ] }

