2019-03-19T15:24:41.659 TRACE default  api_preLogin接收到前台的参数: { m: 'multi_result',
  SP_NAME: 'SP_USER_LOGIN_BEF_SELECT',
  MEME_LOGIN: '006' }

2019-03-19T15:24:43.133 TRACE default  api_preLogin接收到后台的参数: { result: { RETURN_CODE: 0, RETURN_MESSAGE: '' },
  meme_info: [ { MEME_LOGIN: '006', MEME_NAME: '系统管理员', MEME_KY: 10006 } ],
  group_account: 
   [ { GPGP_NAME: '上海保滏信息技术有限公司',
       GPGP_ID: 'PCT',
       GPGP_KY: 1002,
       DPPS_KY: 6 } ] }

2019-03-19T15:24:47.421 TRACE default  api_login接收前台的参数: { MEME_LOGIN: '006', MEME_PASSWORD: 'Power123', GPGP_KY: '1002' }

2019-03-19T15:24:47.556 TRACE default  api_login接收到的后台的数据： { '@RETURN_VALUE': 0,
  GPGP_KY: 1002,
  MEME_KY: 10006,
  DPDP_KY: 102,
  PSPS_KY: 2222,
  MEME_EMAIL: 'julian.zhu@powerfultone.com',
  RETURN_NAME: '系统管理员',
  RETURN_CODE: 0,
  RETURN_MESSAGE: '登陆成功',
  EHUSER: 6 }

2019-03-19T15:24:47.685 INFO default  记下的session数据: { DPPS_KY: 6,
  MEME_KY: 10006,
  GPGP_KY: 1002,
  DPDP_KY: 102,
  PSPS_KY: 2222,
  LVAL_KY: 25,
  TOTAL_AL_DAY: 10,
  USAGE_AL_DAY: 1,
  APPLY_AL_DAY: 6,
  OTOT_KY: 3,
  APPLY_OT_HOUR: 67.6,
  USAGE_OT_HOUR: 14,
  MEME_LOGIN: '006',
  MEME_NAME: '系统管理员',
  MEME_EMP_ID: '006',
  SYSV_CERT_TYPE: 'C',
  MEME_CERT_ID_NUM: '310102198108133639',
  PSPS_NAME: '部门负责人',
  DPDP_NAME: 'IT技术部',
  GPGP_ID: 'PCT',
  GPGP_NAME: '上海保滏信息技术有限公司' }

2019-03-19T15:24:47.686 TRACE default  api_login传给前台的数据: { RETURN_CODE: 0, RETURN_MESSAGE: '登陆成功', EHUSER: 6 }

2019-03-19T15:24:47.978 TRACE default  api_json接收到前台的参数: { m: 'SELECT', SP_NAME: 'SP_DPPS_ALARM_SHOW' }

2019-03-19T15:24:47.995 TRACE default  api_json接收到前台的参数: { m: 'multi_result', SP_NAME: 'SP_VERIFY_LOAD' }

2019-03-19T15:24:48.013 TRACE default  api_json传给前台数据: [ { WCOUNT: 18, EHUSER: 6 } ]

2019-03-19T15:24:48.050 TRACE default  api_json接收到前台的参数: { m: 'SELECT', SP_NAME: 'SP_DPPS_ALARM_SHOW', TYPE: 'list' }

2019-03-19T15:24:48.086 TRACE default  api_json传给前台数据: { result: { RETURN_CODE: 0, RETURN_MESSAGE: '' },
  meme_info: 
   { DPPS_KY: 6,
     MEME_KY: 10006,
     GPGP_KY: 1002,
     DPDP_KY: 102,
     PSPS_KY: 2222,
     COMMENT: '',
     MEME_LOGIN: '006',
     MEME_NAME: '系统管理员',
     GPGP_NAME: '上海保滏信息技术有限公司',
     PSPS_NAME: '部门负责人',
     DPDP_NAME: 'IT技术部',
     MEME_STS: '01',
     MEME_EMP_ID: '006',
     MEME_EMAIL: 'julian.zhu@powerfultone.com' },
  menu_list: 
   [ { DPPS_KY: 6,
       SYCR_KY: 905,
       SYCR_NAME: '待审核',
       SYCR_LAB_TXT_CH: '待审核',
       SYCR_LINK: 'audited',
       SORT_ORDER: 0,
       SYCR_CLASS: 'icon-daishenhe' },
     { DPPS_KY: 6,
       SYCR_KY: 901,
       SYCR_NAME: '报销管理',
       SYCR_LAB_TXT_CH: '报销管理',
       SYCR_LINK: 'reimburse',
       SORT_ORDER: 5,
       SYCR_CLASS: 'icon-baoxiao1' },
     { DPPS_KY: 6,
       SYCR_KY: 902,
       SYCR_NAME: '外勤管理',
       SYCR_LAB_TXT_CH: '外勤管理',
       SYCR_LINK: 'report',
       SORT_ORDER: 10,
       SYCR_CLASS: 'icon-waiqin' },
     { DPPS_KY: 6,
       SYCR_KY: 903,
       SYCR_NAME: '员工请假',
       SYCR_LAB_TXT_CH: '员工请假',
       SYCR_LINK: 'askForLeave',
       SORT_ORDER: 15,
       SYCR_CLASS: 'icon-qingjia' },
     { DPPS_KY: 6,
       SYCR_KY: 904,
       SYCR_NAME: '加班申请',
       SYCR_LAB_TXT_CH: '加班申请',
       SYCR_LINK: 'overTime',
       SORT_ORDER: 20,
       SYCR_CLASS: 'icon-jiaban' },
     { DPPS_KY: 6,
       SYCR_KY: 906,
       SYCR_NAME: '其他',
       SYCR_LAB_TXT_CH: '其他',
       SYCR_LINK: 'other',
       SORT_ORDER: 25,
       SYCR_CLASS: 'icon-qita' } ],
  hr_notes_catalog: 
   [ { SYSV_KY: 701,
       SYSV_DESC: '出差',
       SYSV_VALUE: 'BSTP',
       SYSV_TYPE: 'SYSV_ATDC_TYPE',
       SYSV_CLIENT_DESC: '\'住宿费({{LIMIT_AC}}元) * 天数({{ATDC_DAY}}天) * 人数({{ATDC_HUMAN_CNT}}人) + 餐补({{LIMIT_TM}}元) * 天数({{ATDC_DAY}}天) * 人数({{ATDC_HUMAN_CNT}}人) =<span class=\\\'sum_fee\\\'>\' + ({{LIMIT_AC}} * {{ATDC_DAY}} * {{ATDC_HUMAN_CNT}} + {{LIMIT_TM}}*{{ATDC_DAY}}*{{ATDC_HUMAN_CNT}} ).toFixed(2) + \'</span>元\';' },
     { SYSV_KY: 702,
       SYSV_DESC: '外勤',
       SYSV_VALUE: 'ETTN',
       SYSV_TYPE: 'SYSV_ATDC_TYPE',
       SYSV_CLIENT_DESC: '\'招待费({{LIMIT_BH}}元) * 人数({{ATDC_HUMAN_CNT}}人) = <span class=\\\'sum_fee\\\'>\' + ({{LIMIT_BH}}*{{ATDC_HUMAN_CNT}}).toFixed(2) + \'</span>元\';' } ],
  hr_notes_area: 
   [ { BSTR_ID: 'A001', BSTR_NAME: 'A类城市', BSTR_DESC: '北京、上海、广州、深圳' },
     { BSTR_ID: 'B001', BSTR_NAME: 'B类城市', BSTR_DESC: '省会及发达地区' },
     { BSTR_ID: 'C001', BSTR_NAME: 'C类城市', BSTR_DESC: '除A、B类城市外其他城市' } ],
  finance_fee_type: 
   [ { FEPP_KY: 100,
       SYSV_FEPP_TYPE: '',
       FEPP_NAME: '销售费用',
       PARENT_FEPP_KY: 0,
       FORMULA: '' },
     { FEPP_KY: 101,
       SYSV_FEPP_TYPE: '',
       FEPP_NAME: '返佣',
       PARENT_FEPP_KY: 0,
       FORMULA: '' },
     { FEPP_KY: 102,
       SYSV_FEPP_TYPE: '',
       FEPP_NAME: '饭贴',
       PARENT_FEPP_KY: 0,
       FORMULA: '' },
     { FEPP_KY: 103,
       SYSV_FEPP_TYPE: '',
       FEPP_NAME: '其他',
       PARENT_FEPP_KY: 0,
       FORMULA: '' },
     { FEPP_KY: 1001,
       SYSV_FEPP_TYPE: 'BH',
       FEPP_NAME: '业务招待费',
       PARENT_FEPP_KY: 100,
       FORMULA: '\'招待费({{LIMIT_BH}}元) * 人数({{ATDC_HUMAN_CNT}}人) = <span class=\\\'sum_fee\\\'>\' + ({{LIMIT_BH}}*{{ATDC_HUMAN_CNT}}).toFixed(2) + \'</span>元\';' },
     { FEPP_KY: 1002,
       SYSV_FEPP_TYPE: '',
       FEPP_NAME: '交通费',
       PARENT_FEPP_KY: 100,
       FORMULA: '' },
     { FEPP_KY: 1003,
       SYSV_FEPP_TYPE: '',
       FEPP_NAME: '市内交通费',
       PARENT_FEPP_KY: 100,
       FORMULA: '' },
     { FEPP_KY: 1004,
       SYSV_FEPP_TYPE: 'AC',
       FEPP_NAME: '住宿费',
       PARENT_FEPP_KY: 100,
       FORMULA: '\'住宿费({{LIMIT_AC}}元) * 天数({{ATDC_DAY}}天) * 人数({{ATDC_HUMAN_CNT}}人) =<span class=\\\'sum_fee\\\'>\' + ({{LIMIT_AC}} * {{ATDC_DAY}} * {{ATDC_HUMAN_CNT}}).toFixed(2) + \'</span>元\';' },
     { FEPP_KY: 1005,
       SYSV_FEPP_TYPE: 'TM',
       FEPP_NAME: '差旅餐补',
       PARENT_FEPP_KY: 100,
       FORMULA: '\'餐补({{LIMIT_TM}}元) * 天数({{ATDC_DAY}}天) * 人数({{ATDC_HUMAN_CNT}}人) =<span class=\\\'sum_fee\\\'>\' + ({{LIMIT_TM}}*{{ATDC_DAY}}*{{ATDC_HUMAN_CNT}}).toFixed(2) + \'</span>元\';' },
     { FEPP_KY: 1006,
       SYSV_FEPP_TYPE: '',
       FEPP_NAME: '通信费',
       PARENT_FEPP_KY: 100,
       FORMULA: '' },
     { FEPP_KY: 1007,
       SYSV_FEPP_TYPE: '',
       FEPP_NAME: '水电费',
       PARENT_FEPP_KY: 100,
       FORMULA: '' },
     { FEPP_KY: 1008,
       SYSV_FEPP_TYPE: '',
       FEPP_NAME: '办公费',
       PARENT_FEPP_KY: 100,
       FORMULA: '' },
     { FEPP_KY: 1009,
       SYSV_FEPP_TYPE: '',
       FEPP_NAME: '办公用品',
       PARENT_FEPP_KY: 100,
       FORMULA: '' },
     { FEPP_KY: 1010,
       SYSV_FEPP_TYPE: '',
       FEPP_NAME: '租赁费',
       PARENT_FEPP_KY: 100,
       FORMULA: '' },
     { FEPP_KY: 1011,
       SYSV_FEPP_TYPE: '',
       FEPP_NAME: '快递费',
       PARENT_FEPP_KY: 100,
       FORMULA: '' },
     { FEPP_KY: 1099,
       SYSV_FEPP_TYPE: '',
       FEPP_NAME: '其他',
       PARENT_FEPP_KY: 100,
       FORMULA: '' },
     { FEPP_KY: 2001,
       SYSV_FEPP_TYPE: 'BH',
       FEPP_NAME: '业务招待费',
       PARENT_FEPP_KY: 101,
       FORMULA: '\'招待费({{LIMIT_BH}}元) * 人数({{ATDC_HUMAN_CNT}}人) = <span class=\\\'sum_fee\\\'>\' + ({{LIMIT_BH}}*{{ATDC_HUMAN_CNT}}).toFixed(2) + \'</span>元\';' },
     { FEPP_KY: 2002,
       SYSV_FEPP_TYPE: '',
       FEPP_NAME: '交通费',
       PARENT_FEPP_KY: 101,
       FORMULA: '' },
     { FEPP_KY: 2003,
       SYSV_FEPP_TYPE: '',
       FEPP_NAME: '市内交通费',
       PARENT_FEPP_KY: 101,
       FORMULA: '' },
     { FEPP_KY: 2004,
       SYSV_FEPP_TYPE: 'AC',
       FEPP_NAME: '住宿费',
       PARENT_FEPP_KY: 101,
       FORMULA: '\'住宿费({{LIMIT_AC}}元) * 天数({{ATDC_DAY}}天) * 人数({{ATDC_HUMAN_CNT}}人) =<span class=\\\'sum_fee\\\'>\' + ({{LIMIT_AC}} * {{ATDC_DAY}} * {{ATDC_HUMAN_CNT}}).toFixed(2) + \'</span>元\';' },
     { FEPP_KY: 2005,
       SYSV_FEPP_TYPE: 'TM',
       FEPP_NAME: '差旅餐补',
       PARENT_FEPP_KY: 101,
       FORMULA: '\'餐补({{LIMIT_TM}}元) * 天数({{ATDC_DAY}}天) * 人数({{ATDC_HUMAN_CNT}}人) =<span class=\\\'sum_fee\\\'>\' + ({{LIMIT_TM}}*{{ATDC_DAY}}*{{ATDC_HUMAN_CNT}}).toFixed(2) + \'</span>元\';' },
     { FEPP_KY: 2006,
       SYSV_FEPP_TYPE: '',
       FEPP_NAME: '通信费',
       PARENT_FEPP_KY: 101,
       FORMULA: '' },
     { FEPP_KY: 2007,
       SYSV_FEPP_TYPE: '',
       FEPP_NAME: '水电费',
       PARENT_FEPP_KY: 101,
       FORMULA: '' },
     { FEPP_KY: 2008,
       SYSV_FEPP_TYPE: '',
       FEPP_NAME: '办公费',
       PARENT_FEPP_KY: 101,
       FORMULA: '' },
     { FEPP_KY: 2009,
       SYSV_FEPP_TYPE: '',
       FEPP_NAME: '办公用品',
       PARENT_FEPP_KY: 101,
       FORMULA: '' },
     { FEPP_KY: 2010,
       SYSV_FEPP_TYPE: '',
       FEPP_NAME: '租赁费',
       PARENT_FEPP_KY: 101,
       FORMULA: '' },
     { FEPP_KY: 2011,
       SYSV_FEPP_TYPE: '',
       FEPP_NAME: '快递费',
       PARENT_FEPP_KY: 101,
       FORMULA: '' },
     { FEPP_KY: 2099,
       SYSV_FEPP_TYPE: '',
       FEPP_NAME: '其他',
       PARENT_FEPP_KY: 101,
       FORMULA: '' },
     { FEPP_KY: 3001,
       SYSV_FEPP_TYPE: 'BH',
       FEPP_NAME: '业务招待费',
       PARENT_FEPP_KY: 102,
       FORMULA: '\'招待费({{LIMIT_BH}}元) * 人数({{ATDC_HUMAN_CNT}}人) = <span class=\\\'sum_fee\\\'>\' + ({{LIMIT_BH}}*{{ATDC_HUMAN_CNT}}).toFixed(2) + \'</span>元\';' },
     { FEPP_KY: 3002,
       SYSV_FEPP_TYPE: '',
       FEPP_NAME: '交通费',
       PARENT_FEPP_KY: 102,
       FORMULA: '' },
     { FEPP_KY: 3003,
       SYSV_FEPP_TYPE: '',
       FEPP_NAME: '市内交通费',
       PARENT_FEPP_KY: 102,
       FORMULA: '' },
     { FEPP_KY: 3004,
       SYSV_FEPP_TYPE: 'AC',
       FEPP_NAME: '住宿费',
       PARENT_FEPP_KY: 102,
       FORMULA: '\'住宿费({{LIMIT_AC}}元) * 天数({{ATDC_DAY}}天) * 人数({{ATDC_HUMAN_CNT}}人) =<span class=\\\'sum_fee\\\'>\' + ({{LIMIT_AC}} * {{ATDC_DAY}} * {{ATDC_HUMAN_CNT}}).toFixed(2) + \'</span>元\';' },
     { FEPP_KY: 3005,
       SYSV_FEPP_TYPE: 'TM',
       FEPP_NAME: '差旅餐补',
       PARENT_FEPP_KY: 102,
       FORMULA: '\'餐补({{LIMIT_TM}}元) * 天数({{ATDC_DAY}}天) * 人数({{ATDC_HUMAN_CNT}}人) =<span class=\\\'sum_fee\\\'>\' + ({{LIMIT_TM}}*{{ATDC_DAY}}*{{ATDC_HUMAN_CNT}}).toFixed(2) + \'</span>元\';' },
     { FEPP_KY: 3006,
       SYSV_FEPP_TYPE: '',
       FEPP_NAME: '通信费',
       PARENT_FEPP_KY: 102,
       FORMULA: '' },
     { FEPP_KY: 3007,
       SYSV_FEPP_TYPE: '',
       FEPP_NAME: '水电费',
       PARENT_FEPP_KY: 102,
       FORMULA: '' },
     { FEPP_KY: 3008,
       SYSV_FEPP_TYPE: '',
       FEPP_NAME: '办公费',
       PARENT_FEPP_KY: 102,
       FORMULA: '' },
     { FEPP_KY: 3009,
       SYSV_FEPP_TYPE: '',
       FEPP_NAME: '办公用品',
       PARENT_FEPP_KY: 102,
       FORMULA: '' },
     { FEPP_KY: 3010,
       SYSV_FEPP_TYPE: '',
       FEPP_NAME: '租赁费',
       PARENT_FEPP_KY: 102,
       FORMULA: '' },
     { FEPP_KY: 3011,
       SYSV_FEPP_TYPE: '',
       FEPP_NAME: '快递费',
       PARENT_FEPP_KY: 102,
       FORMULA: '' },
     { FEPP_KY: 3099,
       SYSV_FEPP_TYPE: '',
       FEPP_NAME: '其他',
       PARENT_FEPP_KY: 102,
       FORMULA: '' },
     { FEPP_KY: 4099,
       SYSV_FEPP_TYPE: '',
       FEPP_NAME: '其他',
       PARENT_FEPP_KY: 103,
       FORMULA: '' } ],
  oa_type: 
   [ { OA_TYPE: 'ATDC', OA_TYPE_NAME: '外勤报备' },
     { OA_TYPE: 'RBRB', OA_TYPE_NAME: '报销管理' },
     { OA_TYPE: 'LVLV', OA_TYPE_NAME: '请假' },
     { OA_TYPE: 'OTBL', OA_TYPE_NAME: '加班申请' } ] }

2019-03-19T15:24:48.119 TRACE default  api_json接收到前台的参数: { m: 'SELECT', SP_NAME: 'SP_DPPS_ALARM_SHOW' }

2019-03-19T15:24:48.124 TRACE default  api_json传给前台数据: [ { OA_LINK: '#reportIndex',
    OA_TYPE_DESC: '外勤待审核数',
    OA_TYPE: 'ATDC',
    WCOUNT: 1,
    EHUSER: 6 },
  { OA_LINK: '#askForLive',
    OA_TYPE_DESC: '员工请假待审核数',
    OA_TYPE: 'LVLV',
    WCOUNT: 4,
    EHUSER: 6 },
  { OA_LINK: '#overTime',
    OA_TYPE_DESC: '加班申请待审核数',
    OA_TYPE: 'OTBL',
    WCOUNT: 4,
    EHUSER: 6 },
  { OA_LINK: '#reimburseMain',
    OA_TYPE_DESC: '报销待审核数',
    OA_TYPE: 'RBRB',
    WCOUNT: 9,
    EHUSER: 6 } ]

2019-03-19T15:24:48.191 TRACE default  api_json传给前台数据: [ { WCOUNT: 18, EHUSER: 6 } ]

2019-03-19T15:26:25.636 TRACE default  api_json接收到前台的参数: { m: 'SELECT', SP_NAME: 'SP_DPPS_ALARM_SHOW' }

2019-03-19T15:26:25.639 TRACE default  api_json接收到前台的参数: { SP_NAME: 'SP_RBRB_PRE_LOAD', m: 'multi_result', RBRB_KY: 0 }

2019-03-19T15:26:25.642 TRACE default  api_json接收到前台的参数: { m: 'SELECT',
  SP_NAME: 'TB_BSTR_COST_DROPDOWN_LIST',
  DPPS_KY: '6' }

2019-03-19T15:26:26.746 TRACE default  api_json传给前台数据: { result: { RETURN_CODE: 0, RETURN_MESSAGE: '' },
  bill_id: { RBRB_ID: 'RB201903190001' },
  rbrb_info: {},
  rbrb_images: [],
  rbrb_auditing: [] }

2019-03-19T15:26:26.750 TRACE default  api_json传给前台数据: [ { WCOUNT: 18, EHUSER: 6 } ]

2019-03-19T15:26:26.810 TRACE default  api_json传给前台数据: [ { BSTR_ID: 'A001',
    BSTR_NAME: 'A类城市',
    PSPS_KY: 2222,
    PSPS_NAME: '部门负责人',
    LIMIT_AC: '600.00',
    AC_COMMENT: '住宿标准',
    LIMIT_TM: '120.00',
    TM_COMMENT: '差旅餐补',
    LIMIT_BH: '200.00',
    BH_COMMENT: '业务招待费' },
  { BSTR_ID: 'B001',
    BSTR_NAME: 'B类城市',
    PSPS_KY: 2222,
    PSPS_NAME: '部门负责人',
    LIMIT_AC: '500.00',
    AC_COMMENT: '住宿标准',
    LIMIT_TM: '100.00',
    TM_COMMENT: '差旅餐补',
    LIMIT_BH: '150.00',
    BH_COMMENT: '业务招待费' },
  { BSTR_ID: 'C001',
    BSTR_NAME: 'C类城市',
    PSPS_KY: 2222,
    PSPS_NAME: '部门负责人',
    LIMIT_AC: '400.00',
    AC_COMMENT: '住宿标准',
    LIMIT_TM: '80.00',
    TM_COMMENT: '差旅餐补',
    LIMIT_BH: '100.00',
    BH_COMMENT: '业务招待费' } ]

2019-03-19T15:30:30.032 TRACE default  api_json接收到前台的参数: { m: 'LIST', SP_NAME: 'SP_DPPS_APPLY_LIST', MEME_QUERY: '' }

2019-03-19T15:30:30.115 TRACE default  api_json传给前台数据: { total: 12,
  rows: 
   [ { DPPS_KY: 11,
       MEME_KY: 10011,
       GPGP_KY: 1002,
       DPDP_KY: 102,
       PSPS_KY: 2222,
       COMMENT: '',
       MEME_LOGIN: '012',
       MEME_NAME: '陈屹',
       GPGP_NAME: '上海保滏信息技术有限公司',
       PSPS_NAME: '部门负责人',
       DPDP_NAME: 'IT技术部',
       MEME_STS: '01',
       MEME_EMP_ID: '012',
       MEME_EMAIL: 'cyril.chen@powerfultone.com' },
     { DPPS_KY: 5,
       MEME_KY: 10005,
       GPGP_KY: 1002,
       DPDP_KY: 102,
       PSPS_KY: 2222,
       COMMENT: '',
       MEME_LOGIN: '005',
       MEME_NAME: '邵俊杰',
       GPGP_NAME: '上海保滏信息技术有限公司',
       PSPS_NAME: '部门负责人',
       DPDP_NAME: 'IT技术部',
       MEME_STS: '01',
       MEME_EMP_ID: '005',
       MEME_EMAIL: 'kid.shao@powerfultone.com' },
     { DPPS_KY: 6,
       MEME_KY: 10006,
       GPGP_KY: 1002,
       DPDP_KY: 102,
       PSPS_KY: 2222,
       COMMENT: '',
       MEME_LOGIN: '006',
       MEME_NAME: '系统管理员',
       GPGP_NAME: '上海保滏信息技术有限公司',
       PSPS_NAME: '部门负责人',
       DPDP_NAME: 'IT技术部',
       MEME_STS: '01',
       MEME_EMP_ID: '006',
       MEME_EMAIL: 'julian.zhu@powerfultone.com' },
     { DPPS_KY: 26,
       MEME_KY: 10026,
       GPGP_KY: 1002,
       DPDP_KY: 102,
       PSPS_KY: 3333,
       COMMENT: '',
       MEME_LOGIN: '035',
       MEME_NAME: '李超',
       GPGP_NAME: '上海保滏信息技术有限公司',
       PSPS_NAME: '员工',
       DPDP_NAME: 'IT技术部',
       MEME_STS: '01',
       MEME_EMP_ID: '035',
       MEME_EMAIL: 'chao.li@powerfultone.com' },
     { DPPS_KY: 12,
       MEME_KY: 10012,
       GPGP_KY: 1002,
       DPDP_KY: 102,
       PSPS_KY: 3333,
       COMMENT: '',
       MEME_LOGIN: '013',
       MEME_NAME: '汤俊慧',
       GPGP_NAME: '上海保滏信息技术有限公司',
       PSPS_NAME: '员工',
       DPDP_NAME: 'IT技术部',
       MEME_STS: '01',
       MEME_EMP_ID: '013',
       MEME_EMAIL: 'dream.tang@powerfultone.com' },
     { DPPS_KY: 13,
       MEME_KY: 10013,
       GPGP_KY: 1002,
       DPDP_KY: 102,
       PSPS_KY: 3333,
       COMMENT: '',
       MEME_LOGIN: '014',
       MEME_NAME: '王军强',
       GPGP_NAME: '上海保滏信息技术有限公司',
       PSPS_NAME: '员工',
       DPDP_NAME: 'IT技术部',
       MEME_STS: '01',
       MEME_EMP_ID: '014',
       MEME_EMAIL: 'johnny.wang@powerfultone.com' },
     { DPPS_KY: 8,
       MEME_KY: 10008,
       GPGP_KY: 1002,
       DPDP_KY: 102,
       PSPS_KY: 3333,
       COMMENT: '',
       MEME_LOGIN: '008',
       MEME_NAME: '徐鹏',
       GPGP_NAME: '上海保滏信息技术有限公司',
       PSPS_NAME: '员工',
       DPDP_NAME: 'IT技术部',
       MEME_STS: '01',
       MEME_EMP_ID: '008',
       MEME_EMAIL: 'allen.xu@powerfultone.com' },
     { DPPS_KY: 37,
       MEME_KY: 10002,
       GPGP_KY: 1002,
       DPDP_KY: 101,
       PSPS_KY: 1111,
       COMMENT: '',
       MEME_LOGIN: '002',
       MEME_NAME: '刘峰',
       GPGP_NAME: '上海保滏信息技术有限公司',
       PSPS_NAME: '高级管理人员',
       DPDP_NAME: '总经办',
       MEME_STS: '01',
       MEME_EMP_ID: '002',
       MEME_EMAIL: 'tommy.liu@powerfultone.com' },
     { DPPS_KY: 34,
       MEME_KY: 10001,
       GPGP_KY: 1002,
       DPDP_KY: 101,
       PSPS_KY: 1111,
       COMMENT: '',
       MEME_LOGIN: '001',
       MEME_NAME: '谢毅',
       GPGP_NAME: '上海保滏信息技术有限公司',
       PSPS_NAME: '高级管理人员',
       DPDP_NAME: '总经办',
       MEME_STS: '01',
       MEME_EMP_ID: '001',
       MEME_EMAIL: 'hilfiger.tse@powerfultone.com' },
     { DPPS_KY: 25,
       MEME_KY: 10025,
       GPGP_KY: 1002,
       DPDP_KY: 106,
       PSPS_KY: 2222,
       COMMENT: '',
       MEME_LOGIN: '034',
       MEME_NAME: '罗金玉',
       GPGP_NAME: '上海保滏信息技术有限公司',
       PSPS_NAME: '部门负责人',
       DPDP_NAME: '齿科产品渠道销售部',
       MEME_STS: '01',
       MEME_EMP_ID: '034',
       MEME_EMAIL: 'yoyo.luo@powerfultone.com' },
     { DPPS_KY: 24,
       MEME_KY: 10024,
       GPGP_KY: 1002,
       DPDP_KY: 107,
       PSPS_KY: 2222,
       COMMENT: '',
       MEME_LOGIN: '031',
       MEME_NAME: '乔秀琼',
       GPGP_NAME: '上海保滏信息技术有限公司',
       PSPS_NAME: '部门负责人',
       DPDP_NAME: '医疗行业拓展事业部',
       MEME_STS: '01',
       MEME_EMP_ID: '031',
       MEME_EMAIL: '\nrita.qiao@powerfultone.com\n' },
     { DPPS_KY: 40,
       MEME_KY: 10010,
       GPGP_KY: 1002,
       DPDP_KY: 101,
       PSPS_KY: 3333,
       COMMENT: '',
       MEME_LOGIN: '010',
       MEME_NAME: '张蕾',
       GPGP_NAME: '上海保滏信息技术有限公司',
       PSPS_NAME: '员工',
       DPDP_NAME: '总经办',
       MEME_STS: '01',
       MEME_EMP_ID: '010',
       MEME_EMAIL: 'adah.zhang@powerfultone.com' } ] }

2019-03-19T15:30:31.317 TRACE default  api_json接收到前台的参数: { m: 'LIST', SP_NAME: 'SP_DPPS_APPLY_LIST', MEME_QUERY: '' }

2019-03-19T15:30:31.397 TRACE default  api_json传给前台数据: { total: 12,
  rows: 
   [ { DPPS_KY: 11,
       MEME_KY: 10011,
       GPGP_KY: 1002,
       DPDP_KY: 102,
       PSPS_KY: 2222,
       COMMENT: '',
       MEME_LOGIN: '012',
       MEME_NAME: '陈屹',
       GPGP_NAME: '上海保滏信息技术有限公司',
       PSPS_NAME: '部门负责人',
       DPDP_NAME: 'IT技术部',
       MEME_STS: '01',
       MEME_EMP_ID: '012',
       MEME_EMAIL: 'cyril.chen@powerfultone.com' },
     { DPPS_KY: 5,
       MEME_KY: 10005,
       GPGP_KY: 1002,
       DPDP_KY: 102,
       PSPS_KY: 2222,
       COMMENT: '',
       MEME_LOGIN: '005',
       MEME_NAME: '邵俊杰',
       GPGP_NAME: '上海保滏信息技术有限公司',
       PSPS_NAME: '部门负责人',
       DPDP_NAME: 'IT技术部',
       MEME_STS: '01',
       MEME_EMP_ID: '005',
       MEME_EMAIL: 'kid.shao@powerfultone.com' },
     { DPPS_KY: 6,
       MEME_KY: 10006,
       GPGP_KY: 1002,
       DPDP_KY: 102,
       PSPS_KY: 2222,
       COMMENT: '',
       MEME_LOGIN: '006',
       MEME_NAME: '系统管理员',
       GPGP_NAME: '上海保滏信息技术有限公司',
       PSPS_NAME: '部门负责人',
       DPDP_NAME: 'IT技术部',
       MEME_STS: '01',
       MEME_EMP_ID: '006',
       MEME_EMAIL: 'julian.zhu@powerfultone.com' },
     { DPPS_KY: 26,
       MEME_KY: 10026,
       GPGP_KY: 1002,
       DPDP_KY: 102,
       PSPS_KY: 3333,
       COMMENT: '',
       MEME_LOGIN: '035',
       MEME_NAME: '李超',
       GPGP_NAME: '上海保滏信息技术有限公司',
       PSPS_NAME: '员工',
       DPDP_NAME: 'IT技术部',
       MEME_STS: '01',
       MEME_EMP_ID: '035',
       MEME_EMAIL: 'chao.li@powerfultone.com' },
     { DPPS_KY: 12,
       MEME_KY: 10012,
       GPGP_KY: 1002,
       DPDP_KY: 102,
       PSPS_KY: 3333,
       COMMENT: '',
       MEME_LOGIN: '013',
       MEME_NAME: '汤俊慧',
       GPGP_NAME: '上海保滏信息技术有限公司',
       PSPS_NAME: '员工',
       DPDP_NAME: 'IT技术部',
       MEME_STS: '01',
       MEME_EMP_ID: '013',
       MEME_EMAIL: 'dream.tang@powerfultone.com' },
     { DPPS_KY: 13,
       MEME_KY: 10013,
       GPGP_KY: 1002,
       DPDP_KY: 102,
       PSPS_KY: 3333,
       COMMENT: '',
       MEME_LOGIN: '014',
       MEME_NAME: '王军强',
       GPGP_NAME: '上海保滏信息技术有限公司',
       PSPS_NAME: '员工',
       DPDP_NAME: 'IT技术部',
       MEME_STS: '01',
       MEME_EMP_ID: '014',
       MEME_EMAIL: 'johnny.wang@powerfultone.com' },
     { DPPS_KY: 8,
       MEME_KY: 10008,
       GPGP_KY: 1002,
       DPDP_KY: 102,
       PSPS_KY: 3333,
       COMMENT: '',
       MEME_LOGIN: '008',
       MEME_NAME: '徐鹏',
       GPGP_NAME: '上海保滏信息技术有限公司',
       PSPS_NAME: '员工',
       DPDP_NAME: 'IT技术部',
       MEME_STS: '01',
       MEME_EMP_ID: '008',
       MEME_EMAIL: 'allen.xu@powerfultone.com' },
     { DPPS_KY: 37,
       MEME_KY: 10002,
       GPGP_KY: 1002,
       DPDP_KY: 101,
       PSPS_KY: 1111,
       COMMENT: '',
       MEME_LOGIN: '002',
       MEME_NAME: '刘峰',
       GPGP_NAME: '上海保滏信息技术有限公司',
       PSPS_NAME: '高级管理人员',
       DPDP_NAME: '总经办',
       MEME_STS: '01',
       MEME_EMP_ID: '002',
       MEME_EMAIL: 'tommy.liu@powerfultone.com' },
     { DPPS_KY: 34,
       MEME_KY: 10001,
       GPGP_KY: 1002,
       DPDP_KY: 101,
       PSPS_KY: 1111,
       COMMENT: '',
       MEME_LOGIN: '001',
       MEME_NAME: '谢毅',
       GPGP_NAME: '上海保滏信息技术有限公司',
       PSPS_NAME: '高级管理人员',
       DPDP_NAME: '总经办',
       MEME_STS: '01',
       MEME_EMP_ID: '001',
       MEME_EMAIL: 'hilfiger.tse@powerfultone.com' },
     { DPPS_KY: 25,
       MEME_KY: 10025,
       GPGP_KY: 1002,
       DPDP_KY: 106,
       PSPS_KY: 2222,
       COMMENT: '',
       MEME_LOGIN: '034',
       MEME_NAME: '罗金玉',
       GPGP_NAME: '上海保滏信息技术有限公司',
       PSPS_NAME: '部门负责人',
       DPDP_NAME: '齿科产品渠道销售部',
       MEME_STS: '01',
       MEME_EMP_ID: '034',
       MEME_EMAIL: 'yoyo.luo@powerfultone.com' },
     { DPPS_KY: 24,
       MEME_KY: 10024,
       GPGP_KY: 1002,
       DPDP_KY: 107,
       PSPS_KY: 2222,
       COMMENT: '',
       MEME_LOGIN: '031',
       MEME_NAME: '乔秀琼',
       GPGP_NAME: '上海保滏信息技术有限公司',
       PSPS_NAME: '部门负责人',
       DPDP_NAME: '医疗行业拓展事业部',
       MEME_STS: '01',
       MEME_EMP_ID: '031',
       MEME_EMAIL: '\nrita.qiao@powerfultone.com\n' },
     { DPPS_KY: 40,
       MEME_KY: 10010,
       GPGP_KY: 1002,
       DPDP_KY: 101,
       PSPS_KY: 3333,
       COMMENT: '',
       MEME_LOGIN: '010',
       MEME_NAME: '张蕾',
       GPGP_NAME: '上海保滏信息技术有限公司',
       PSPS_NAME: '员工',
       DPDP_NAME: '总经办',
       MEME_STS: '01',
       MEME_EMP_ID: '010',
       MEME_EMAIL: 'adah.zhang@powerfultone.com' } ] }

2019-03-19T15:30:57.004 TRACE default  api_json接收到前台的参数: { SP_NAME: 'SP_ATDC_ATTENDANCE_INFO_FEPP_LIST',
  m: 'SELECT',
  QUERY: '',
  APPLY_EHUSER: '6',
  DATE: '2019-03-19' }

2019-03-19T15:30:57.079 TRACE default  api_json传给前台数据: [ { ATDC_KY: 3495,
    MEME_KY: 10006,
    GPGP_KY: 1002,
    MEME_NAME: '系统管理员',
    MEME_EMP_ID: '006',
    ATDC_STS: '131',
    ATDC_STS_DESC: 'HR待审核',
    SYSV_ATDC_TYPE: 'BSTP',
    SYSV_ATDC_DESC: '出差',
    SYSV_CLIENT_DESC: '\'住宿费({{LIMIT_AC}}元) * 天数({{ATDC_DAY}}天) * 人数({{ATDC_HUMAN_CNT}}人) + 餐补({{LIMIT_TM}}元) * 天数({{ATDC_DAY}}天) * 人数({{ATDC_HUMAN_CNT}}人) =<span class=\\\'sum_fee\\\'>\' + ({{LIMIT_AC}} * {{ATDC_DAY}} * {{ATDC_HUMAN_CNT}} + {{LIMIT_TM}}*{{ATDC_DAY}}*{{ATDC_HUMAN_CNT}} ).toFixed(2) + \'</span>元\';',
    ATDC_ID: 'AT201811050001',
    ATDC_SITE: '拉萨',
    ATDC_DESC: '',
    BSTR_ID: 'C001',
    BSTR_NAME: 'C类城市',
    ATDC_APPLY_DT: '2018-11-05',
    ATDC_DAY: 500,
    ATDC_HOUR: 0,
    ATDC_HUMAN_CNT: 2,
    ATDC_START_DT: '2018-11-06',
    ATDC_END_DT: '2020-03-20',
    FEEDBACK_DESC: '',
    FEEDBACK_DT: '',
    REVIEW_IND: 'Y' } ]

2019-03-19T15:32:31.704 TRACE default  api_json接收到前台的参数: { m: 'SELECT', SP_NAME: 'SP_DPPS_ALARM_SHOW' }

2019-03-19T15:32:31.711 TRACE default  api_json接收到前台的参数: { m: 'multi_result', SP_NAME: 'SP_VERIFY_LOAD' }

2019-03-19T15:32:31.738 TRACE default  api_json传给前台数据: [ { WCOUNT: 18, EHUSER: 6 } ]

2019-03-19T15:32:31.809 TRACE default  api_json传给前台数据: { result: { RETURN_CODE: 0, RETURN_MESSAGE: '' },
  meme_info: 
   { DPPS_KY: 6,
     MEME_KY: 10006,
     GPGP_KY: 1002,
     DPDP_KY: 102,
     PSPS_KY: 2222,
     COMMENT: '',
     MEME_LOGIN: '006',
     MEME_NAME: '系统管理员',
     GPGP_NAME: '上海保滏信息技术有限公司',
     PSPS_NAME: '部门负责人',
     DPDP_NAME: 'IT技术部',
     MEME_STS: '01',
     MEME_EMP_ID: '006',
     MEME_EMAIL: 'julian.zhu@powerfultone.com' },
  menu_list: 
   [ { DPPS_KY: 6,
       SYCR_KY: 905,
       SYCR_NAME: '待审核',
       SYCR_LAB_TXT_CH: '待审核',
       SYCR_LINK: 'audited',
       SORT_ORDER: 0,
       SYCR_CLASS: 'icon-daishenhe' },
     { DPPS_KY: 6,
       SYCR_KY: 901,
       SYCR_NAME: '报销管理',
       SYCR_LAB_TXT_CH: '报销管理',
       SYCR_LINK: 'reimburse',
       SORT_ORDER: 5,
       SYCR_CLASS: 'icon-baoxiao1' },
     { DPPS_KY: 6,
       SYCR_KY: 902,
       SYCR_NAME: '外勤管理',
       SYCR_LAB_TXT_CH: '外勤管理',
       SYCR_LINK: 'report',
       SORT_ORDER: 10,
       SYCR_CLASS: 'icon-waiqin' },
     { DPPS_KY: 6,
       SYCR_KY: 903,
       SYCR_NAME: '员工请假',
       SYCR_LAB_TXT_CH: '员工请假',
       SYCR_LINK: 'askForLeave',
       SORT_ORDER: 15,
       SYCR_CLASS: 'icon-qingjia' },
     { DPPS_KY: 6,
       SYCR_KY: 904,
       SYCR_NAME: '加班申请',
       SYCR_LAB_TXT_CH: '加班申请',
       SYCR_LINK: 'overTime',
       SORT_ORDER: 20,
       SYCR_CLASS: 'icon-jiaban' },
     { DPPS_KY: 6,
       SYCR_KY: 906,
       SYCR_NAME: '其他',
       SYCR_LAB_TXT_CH: '其他',
       SYCR_LINK: 'other',
       SORT_ORDER: 25,
       SYCR_CLASS: 'icon-qita' } ],
  hr_notes_catalog: 
   [ { SYSV_KY: 701,
       SYSV_DESC: '出差',
       SYSV_VALUE: 'BSTP',
       SYSV_TYPE: 'SYSV_ATDC_TYPE',
       SYSV_CLIENT_DESC: '\'住宿费({{LIMIT_AC}}元) * 天数({{ATDC_DAY}}天) * 人数({{ATDC_HUMAN_CNT}}人) + 餐补({{LIMIT_TM}}元) * 天数({{ATDC_DAY}}天) * 人数({{ATDC_HUMAN_CNT}}人) =<span class=\\\'sum_fee\\\'>\' + ({{LIMIT_AC}} * {{ATDC_DAY}} * {{ATDC_HUMAN_CNT}} + {{LIMIT_TM}}*{{ATDC_DAY}}*{{ATDC_HUMAN_CNT}} ).toFixed(2) + \'</span>元\';' },
     { SYSV_KY: 702,
       SYSV_DESC: '外勤',
       SYSV_VALUE: 'ETTN',
       SYSV_TYPE: 'SYSV_ATDC_TYPE',
       SYSV_CLIENT_DESC: '\'招待费({{LIMIT_BH}}元) * 人数({{ATDC_HUMAN_CNT}}人) = <span class=\\\'sum_fee\\\'>\' + ({{LIMIT_BH}}*{{ATDC_HUMAN_CNT}}).toFixed(2) + \'</span>元\';' } ],
  hr_notes_area: 
   [ { BSTR_ID: 'A001', BSTR_NAME: 'A类城市', BSTR_DESC: '北京、上海、广州、深圳' },
     { BSTR_ID: 'B001', BSTR_NAME: 'B类城市', BSTR_DESC: '省会及发达地区' },
     { BSTR_ID: 'C001', BSTR_NAME: 'C类城市', BSTR_DESC: '除A、B类城市外其他城市' } ],
  finance_fee_type: 
   [ { FEPP_KY: 100,
       SYSV_FEPP_TYPE: '',
       FEPP_NAME: '销售费用',
       PARENT_FEPP_KY: 0,
       FORMULA: '' },
     { FEPP_KY: 101,
       SYSV_FEPP_TYPE: '',
       FEPP_NAME: '返佣',
       PARENT_FEPP_KY: 0,
       FORMULA: '' },
     { FEPP_KY: 102,
       SYSV_FEPP_TYPE: '',
       FEPP_NAME: '饭贴',
       PARENT_FEPP_KY: 0,
       FORMULA: '' },
     { FEPP_KY: 103,
       SYSV_FEPP_TYPE: '',
       FEPP_NAME: '其他',
       PARENT_FEPP_KY: 0,
       FORMULA: '' },
     { FEPP_KY: 1001,
       SYSV_FEPP_TYPE: 'BH',
       FEPP_NAME: '业务招待费',
       PARENT_FEPP_KY: 100,
       FORMULA: '\'招待费({{LIMIT_BH}}元) * 人数({{ATDC_HUMAN_CNT}}人) = <span class=\\\'sum_fee\\\'>\' + ({{LIMIT_BH}}*{{ATDC_HUMAN_CNT}}).toFixed(2) + \'</span>元\';' },
     { FEPP_KY: 1002,
       SYSV_FEPP_TYPE: '',
       FEPP_NAME: '交通费',
       PARENT_FEPP_KY: 100,
       FORMULA: '' },
     { FEPP_KY: 1003,
       SYSV_FEPP_TYPE: '',
       FEPP_NAME: '市内交通费',
       PARENT_FEPP_KY: 100,
       FORMULA: '' },
     { FEPP_KY: 1004,
       SYSV_FEPP_TYPE: 'AC',
       FEPP_NAME: '住宿费',
       PARENT_FEPP_KY: 100,
       FORMULA: '\'住宿费({{LIMIT_AC}}元) * 天数({{ATDC_DAY}}天) * 人数({{ATDC_HUMAN_CNT}}人) =<span class=\\\'sum_fee\\\'>\' + ({{LIMIT_AC}} * {{ATDC_DAY}} * {{ATDC_HUMAN_CNT}}).toFixed(2) + \'</span>元\';' },
     { FEPP_KY: 1005,
       SYSV_FEPP_TYPE: 'TM',
       FEPP_NAME: '差旅餐补',
       PARENT_FEPP_KY: 100,
       FORMULA: '\'餐补({{LIMIT_TM}}元) * 天数({{ATDC_DAY}}天) * 人数({{ATDC_HUMAN_CNT}}人) =<span class=\\\'sum_fee\\\'>\' + ({{LIMIT_TM}}*{{ATDC_DAY}}*{{ATDC_HUMAN_CNT}}).toFixed(2) + \'</span>元\';' },
     { FEPP_KY: 1006,
       SYSV_FEPP_TYPE: '',
       FEPP_NAME: '通信费',
       PARENT_FEPP_KY: 100,
       FORMULA: '' },
     { FEPP_KY: 1007,
       SYSV_FEPP_TYPE: '',
       FEPP_NAME: '水电费',
       PARENT_FEPP_KY: 100,
       FORMULA: '' },
     { FEPP_KY: 1008,
       SYSV_FEPP_TYPE: '',
       FEPP_NAME: '办公费',
       PARENT_FEPP_KY: 100,
       FORMULA: '' },
     { FEPP_KY: 1009,
       SYSV_FEPP_TYPE: '',
       FEPP_NAME: '办公用品',
       PARENT_FEPP_KY: 100,
       FORMULA: '' },
     { FEPP_KY: 1010,
       SYSV_FEPP_TYPE: '',
       FEPP_NAME: '租赁费',
       PARENT_FEPP_KY: 100,
       FORMULA: '' },
     { FEPP_KY: 1011,
       SYSV_FEPP_TYPE: '',
       FEPP_NAME: '快递费',
       PARENT_FEPP_KY: 100,
       FORMULA: '' },
     { FEPP_KY: 1099,
       SYSV_FEPP_TYPE: '',
       FEPP_NAME: '其他',
       PARENT_FEPP_KY: 100,
       FORMULA: '' },
     { FEPP_KY: 2001,
       SYSV_FEPP_TYPE: 'BH',
       FEPP_NAME: '业务招待费',
       PARENT_FEPP_KY: 101,
       FORMULA: '\'招待费({{LIMIT_BH}}元) * 人数({{ATDC_HUMAN_CNT}}人) = <span class=\\\'sum_fee\\\'>\' + ({{LIMIT_BH}}*{{ATDC_HUMAN_CNT}}).toFixed(2) + \'</span>元\';' },
     { FEPP_KY: 2002,
       SYSV_FEPP_TYPE: '',
       FEPP_NAME: '交通费',
       PARENT_FEPP_KY: 101,
       FORMULA: '' },
     { FEPP_KY: 2003,
       SYSV_FEPP_TYPE: '',
       FEPP_NAME: '市内交通费',
       PARENT_FEPP_KY: 101,
       FORMULA: '' },
     { FEPP_KY: 2004,
       SYSV_FEPP_TYPE: 'AC',
       FEPP_NAME: '住宿费',
       PARENT_FEPP_KY: 101,
       FORMULA: '\'住宿费({{LIMIT_AC}}元) * 天数({{ATDC_DAY}}天) * 人数({{ATDC_HUMAN_CNT}}人) =<span class=\\\'sum_fee\\\'>\' + ({{LIMIT_AC}} * {{ATDC_DAY}} * {{ATDC_HUMAN_CNT}}).toFixed(2) + \'</span>元\';' },
     { FEPP_KY: 2005,
       SYSV_FEPP_TYPE: 'TM',
       FEPP_NAME: '差旅餐补',
       PARENT_FEPP_KY: 101,
       FORMULA: '\'餐补({{LIMIT_TM}}元) * 天数({{ATDC_DAY}}天) * 人数({{ATDC_HUMAN_CNT}}人) =<span class=\\\'sum_fee\\\'>\' + ({{LIMIT_TM}}*{{ATDC_DAY}}*{{ATDC_HUMAN_CNT}}).toFixed(2) + \'</span>元\';' },
     { FEPP_KY: 2006,
       SYSV_FEPP_TYPE: '',
       FEPP_NAME: '通信费',
       PARENT_FEPP_KY: 101,
       FORMULA: '' },
     { FEPP_KY: 2007,
       SYSV_FEPP_TYPE: '',
       FEPP_NAME: '水电费',
       PARENT_FEPP_KY: 101,
       FORMULA: '' },
     { FEPP_KY: 2008,
       SYSV_FEPP_TYPE: '',
       FEPP_NAME: '办公费',
       PARENT_FEPP_KY: 101,
       FORMULA: '' },
     { FEPP_KY: 2009,
       SYSV_FEPP_TYPE: '',
       FEPP_NAME: '办公用品',
       PARENT_FEPP_KY: 101,
       FORMULA: '' },
     { FEPP_KY: 2010,
       SYSV_FEPP_TYPE: '',
       FEPP_NAME: '租赁费',
       PARENT_FEPP_KY: 101,
       FORMULA: '' },
     { FEPP_KY: 2011,
       SYSV_FEPP_TYPE: '',
       FEPP_NAME: '快递费',
       PARENT_FEPP_KY: 101,
       FORMULA: '' },
     { FEPP_KY: 2099,
       SYSV_FEPP_TYPE: '',
       FEPP_NAME: '其他',
       PARENT_FEPP_KY: 101,
       FORMULA: '' },
     { FEPP_KY: 3001,
       SYSV_FEPP_TYPE: 'BH',
       FEPP_NAME: '业务招待费',
       PARENT_FEPP_KY: 102,
       FORMULA: '\'招待费({{LIMIT_BH}}元) * 人数({{ATDC_HUMAN_CNT}}人) = <span class=\\\'sum_fee\\\'>\' + ({{LIMIT_BH}}*{{ATDC_HUMAN_CNT}}).toFixed(2) + \'</span>元\';' },
     { FEPP_KY: 3002,
       SYSV_FEPP_TYPE: '',
       FEPP_NAME: '交通费',
       PARENT_FEPP_KY: 102,
       FORMULA: '' },
     { FEPP_KY: 3003,
       SYSV_FEPP_TYPE: '',
       FEPP_NAME: '市内交通费',
       PARENT_FEPP_KY: 102,
       FORMULA: '' },
     { FEPP_KY: 3004,
       SYSV_FEPP_TYPE: 'AC',
       FEPP_NAME: '住宿费',
       PARENT_FEPP_KY: 102,
       FORMULA: '\'住宿费({{LIMIT_AC}}元) * 天数({{ATDC_DAY}}天) * 人数({{ATDC_HUMAN_CNT}}人) =<span class=\\\'sum_fee\\\'>\' + ({{LIMIT_AC}} * {{ATDC_DAY}} * {{ATDC_HUMAN_CNT}}).toFixed(2) + \'</span>元\';' },
     { FEPP_KY: 3005,
       SYSV_FEPP_TYPE: 'TM',
       FEPP_NAME: '差旅餐补',
       PARENT_FEPP_KY: 102,
       FORMULA: '\'餐补({{LIMIT_TM}}元) * 天数({{ATDC_DAY}}天) * 人数({{ATDC_HUMAN_CNT}}人) =<span class=\\\'sum_fee\\\'>\' + ({{LIMIT_TM}}*{{ATDC_DAY}}*{{ATDC_HUMAN_CNT}}).toFixed(2) + \'</span>元\';' },
     { FEPP_KY: 3006,
       SYSV_FEPP_TYPE: '',
       FEPP_NAME: '通信费',
       PARENT_FEPP_KY: 102,
       FORMULA: '' },
     { FEPP_KY: 3007,
       SYSV_FEPP_TYPE: '',
       FEPP_NAME: '水电费',
       PARENT_FEPP_KY: 102,
       FORMULA: '' },
     { FEPP_KY: 3008,
       SYSV_FEPP_TYPE: '',
       FEPP_NAME: '办公费',
       PARENT_FEPP_KY: 102,
       FORMULA: '' },
     { FEPP_KY: 3009,
       SYSV_FEPP_TYPE: '',
       FEPP_NAME: '办公用品',
       PARENT_FEPP_KY: 102,
       FORMULA: '' },
     { FEPP_KY: 3010,
       SYSV_FEPP_TYPE: '',
       FEPP_NAME: '租赁费',
       PARENT_FEPP_KY: 102,
       FORMULA: '' },
     { FEPP_KY: 3011,
       SYSV_FEPP_TYPE: '',
       FEPP_NAME: '快递费',
       PARENT_FEPP_KY: 102,
       FORMULA: '' },
     { FEPP_KY: 3099,
       SYSV_FEPP_TYPE: '',
       FEPP_NAME: '其他',
       PARENT_FEPP_KY: 102,
       FORMULA: '' },
     { FEPP_KY: 4099,
       SYSV_FEPP_TYPE: '',
       FEPP_NAME: '其他',
       PARENT_FEPP_KY: 103,
       FORMULA: '' } ],
  oa_type: 
   [ { OA_TYPE: 'ATDC', OA_TYPE_NAME: '外勤报备' },
     { OA_TYPE: 'RBRB', OA_TYPE_NAME: '报销管理' },
     { OA_TYPE: 'LVLV', OA_TYPE_NAME: '请假' },
     { OA_TYPE: 'OTBL', OA_TYPE_NAME: '加班申请' } ] }

2019-03-19T15:32:31.824 TRACE default  api_json接收到前台的参数: { m: 'SELECT', SP_NAME: 'SP_DPPS_ALARM_SHOW' }

2019-03-19T15:32:31.895 TRACE default  api_json传给前台数据: [ { WCOUNT: 18, EHUSER: 6 } ]

2019-03-19T15:32:34.707 TRACE default  api_json接收到前台的参数: { m: 'SELECT', SP_NAME: 'SP_DPPS_ALARM_SHOW' }

2019-03-19T15:32:34.712 TRACE default  api_json接收到前台的参数: { m: 'multi_result',
  SP_NAME: 'SP_LVLV_PRE_LOAD',
  APPLY_EHUSER: '6' }

2019-03-19T15:32:34.733 TRACE default  api_json传给前台数据: [ { WCOUNT: 18, EHUSER: 6 } ]

2019-03-19T15:32:34.870 TRACE default  api_json传给前台数据: { result: { RETURN_CODE: 0, RETURN_MESSAGE: '' },
  bill_id: { LVLV_ID: 'LV201903190001' },
  position: 
   [ { MEME_KY: 10006,
       GPGP_KY: 1002,
       PSPS_KY: 2222,
       APPLY_EHUSER: 6,
       OPERATOR_EHUSER: '0' } ],
  lvav: { MEME_KY: 10006, APPLY_AL_DAY: 6 },
  lvot: { MEME_KY: 10006, APPLY_OT_HOUR: 68.6 },
  lv_type: 
   [ { SYSV_LVLV_TYPE: 'AL',
       SYSV_LVLV_TYPE_DESC: '年假',
       SYSV_CLIENT_DESC: '' },
     { SYSV_LVLV_TYPE: 'BD',
       SYSV_LVLV_TYPE_DESC: '调休',
       SYSV_CLIENT_DESC: '' },
     { SYSV_LVLV_TYPE: 'SL',
       SYSV_LVLV_TYPE_DESC: '病假【提供病假单影像】',
       SYSV_CLIENT_DESC: 'Y' },
     { SYSV_LVLV_TYPE: 'CL',
       SYSV_LVLV_TYPE_DESC: '事假',
       SYSV_CLIENT_DESC: '' },
     { SYSV_LVLV_TYPE: 'MH',
       SYSV_LVLV_TYPE_DESC: '婚假【提供结婚证影像】',
       SYSV_CLIENT_DESC: 'Y' },
     { SYSV_LVLV_TYPE: 'FL',
       SYSV_LVLV_TYPE_DESC: '丧假【提供死亡证明影像】',
       SYSV_CLIENT_DESC: 'Y' },
     { SYSV_LVLV_TYPE: 'ML',
       SYSV_LVLV_TYPE_DESC: '产假',
       SYSV_CLIENT_DESC: '' },
     { SYSV_LVLV_TYPE: 'NL',
       SYSV_LVLV_TYPE_DESC: '护理假',
       SYSV_CLIENT_DESC: '' },
     { SYSV_LVLV_TYPE: 'OT',
       SYSV_LVLV_TYPE_DESC: '其他',
       SYSV_CLIENT_DESC: '' } ],
  lvlv_info: {},
  lvlv_images: [],
  lvlv_auditing: [],
  meme_info: 
   { DPPS_KY: 6,
     MEME_KY: 10006,
     GPGP_KY: 1002,
     DPDP_KY: 102,
     PSPS_KY: 2222,
     LVAL_KY: 25,
     TOTAL_AL_DAY: 10,
     USAGE_AL_DAY: 1,
     APPLY_AL_DAY: 6,
     OTOT_KY: 3,
     APPLY_OT_HOUR: 67.6,
     USAGE_OT_HOUR: 14,
     MEME_LOGIN: '006',
     MEME_NAME: '系统管理员',
     MEME_EMP_ID: '006',
     SYSV_CERT_TYPE: 'C',
     MEME_CERT_ID_NUM: '310102198108133639',
     PSPS_NAME: '部门负责人',
     DPDP_NAME: 'IT技术部',
     GPGP_ID: 'PCT',
     GPGP_NAME: '上海保滏信息技术有限公司' } }

2019-03-19T15:35:50.389 TRACE default  api_json接收到前台的参数: { m: 'LIST', SP_NAME: 'SP_DPPS_APPLY_LIST', MEME_QUERY: '' }

2019-03-19T15:35:50.472 TRACE default  api_json传给前台数据: { total: 12,
  rows: 
   [ { DPPS_KY: 11,
       MEME_KY: 10011,
       GPGP_KY: 1002,
       DPDP_KY: 102,
       PSPS_KY: 2222,
       COMMENT: '',
       MEME_LOGIN: '012',
       MEME_NAME: '陈屹',
       GPGP_NAME: '上海保滏信息技术有限公司',
       PSPS_NAME: '部门负责人',
       DPDP_NAME: 'IT技术部',
       MEME_STS: '01',
       MEME_EMP_ID: '012',
       MEME_EMAIL: 'cyril.chen@powerfultone.com' },
     { DPPS_KY: 5,
       MEME_KY: 10005,
       GPGP_KY: 1002,
       DPDP_KY: 102,
       PSPS_KY: 2222,
       COMMENT: '',
       MEME_LOGIN: '005',
       MEME_NAME: '邵俊杰',
       GPGP_NAME: '上海保滏信息技术有限公司',
       PSPS_NAME: '部门负责人',
       DPDP_NAME: 'IT技术部',
       MEME_STS: '01',
       MEME_EMP_ID: '005',
       MEME_EMAIL: 'kid.shao@powerfultone.com' },
     { DPPS_KY: 6,
       MEME_KY: 10006,
       GPGP_KY: 1002,
       DPDP_KY: 102,
       PSPS_KY: 2222,
       COMMENT: '',
       MEME_LOGIN: '006',
       MEME_NAME: '系统管理员',
       GPGP_NAME: '上海保滏信息技术有限公司',
       PSPS_NAME: '部门负责人',
       DPDP_NAME: 'IT技术部',
       MEME_STS: '01',
       MEME_EMP_ID: '006',
       MEME_EMAIL: 'julian.zhu@powerfultone.com' },
     { DPPS_KY: 26,
       MEME_KY: 10026,
       GPGP_KY: 1002,
       DPDP_KY: 102,
       PSPS_KY: 3333,
       COMMENT: '',
       MEME_LOGIN: '035',
       MEME_NAME: '李超',
       GPGP_NAME: '上海保滏信息技术有限公司',
       PSPS_NAME: '员工',
       DPDP_NAME: 'IT技术部',
       MEME_STS: '01',
       MEME_EMP_ID: '035',
       MEME_EMAIL: 'chao.li@powerfultone.com' },
     { DPPS_KY: 12,
       MEME_KY: 10012,
       GPGP_KY: 1002,
       DPDP_KY: 102,
       PSPS_KY: 3333,
       COMMENT: '',
       MEME_LOGIN: '013',
       MEME_NAME: '汤俊慧',
       GPGP_NAME: '上海保滏信息技术有限公司',
       PSPS_NAME: '员工',
       DPDP_NAME: 'IT技术部',
       MEME_STS: '01',
       MEME_EMP_ID: '013',
       MEME_EMAIL: 'dream.tang@powerfultone.com' },
     { DPPS_KY: 13,
       MEME_KY: 10013,
       GPGP_KY: 1002,
       DPDP_KY: 102,
       PSPS_KY: 3333,
       COMMENT: '',
       MEME_LOGIN: '014',
       MEME_NAME: '王军强',
       GPGP_NAME: '上海保滏信息技术有限公司',
       PSPS_NAME: '员工',
       DPDP_NAME: 'IT技术部',
       MEME_STS: '01',
       MEME_EMP_ID: '014',
       MEME_EMAIL: 'johnny.wang@powerfultone.com' },
     { DPPS_KY: 8,
       MEME_KY: 10008,
       GPGP_KY: 1002,
       DPDP_KY: 102,
       PSPS_KY: 3333,
       COMMENT: '',
       MEME_LOGIN: '008',
       MEME_NAME: '徐鹏',
       GPGP_NAME: '上海保滏信息技术有限公司',
       PSPS_NAME: '员工',
       DPDP_NAME: 'IT技术部',
       MEME_STS: '01',
       MEME_EMP_ID: '008',
       MEME_EMAIL: 'allen.xu@powerfultone.com' },
     { DPPS_KY: 37,
       MEME_KY: 10002,
       GPGP_KY: 1002,
       DPDP_KY: 101,
       PSPS_KY: 1111,
       COMMENT: '',
       MEME_LOGIN: '002',
       MEME_NAME: '刘峰',
       GPGP_NAME: '上海保滏信息技术有限公司',
       PSPS_NAME: '高级管理人员',
       DPDP_NAME: '总经办',
       MEME_STS: '01',
       MEME_EMP_ID: '002',
       MEME_EMAIL: 'tommy.liu@powerfultone.com' },
     { DPPS_KY: 34,
       MEME_KY: 10001,
       GPGP_KY: 1002,
       DPDP_KY: 101,
       PSPS_KY: 1111,
       COMMENT: '',
       MEME_LOGIN: '001',
       MEME_NAME: '谢毅',
       GPGP_NAME: '上海保滏信息技术有限公司',
       PSPS_NAME: '高级管理人员',
       DPDP_NAME: '总经办',
       MEME_STS: '01',
       MEME_EMP_ID: '001',
       MEME_EMAIL: 'hilfiger.tse@powerfultone.com' },
     { DPPS_KY: 25,
       MEME_KY: 10025,
       GPGP_KY: 1002,
       DPDP_KY: 106,
       PSPS_KY: 2222,
       COMMENT: '',
       MEME_LOGIN: '034',
       MEME_NAME: '罗金玉',
       GPGP_NAME: '上海保滏信息技术有限公司',
       PSPS_NAME: '部门负责人',
       DPDP_NAME: '齿科产品渠道销售部',
       MEME_STS: '01',
       MEME_EMP_ID: '034',
       MEME_EMAIL: 'yoyo.luo@powerfultone.com' },
     { DPPS_KY: 24,
       MEME_KY: 10024,
       GPGP_KY: 1002,
       DPDP_KY: 107,
       PSPS_KY: 2222,
       COMMENT: '',
       MEME_LOGIN: '031',
       MEME_NAME: '乔秀琼',
       GPGP_NAME: '上海保滏信息技术有限公司',
       PSPS_NAME: '部门负责人',
       DPDP_NAME: '医疗行业拓展事业部',
       MEME_STS: '01',
       MEME_EMP_ID: '031',
       MEME_EMAIL: '\nrita.qiao@powerfultone.com\n' },
     { DPPS_KY: 40,
       MEME_KY: 10010,
       GPGP_KY: 1002,
       DPDP_KY: 101,
       PSPS_KY: 3333,
       COMMENT: '',
       MEME_LOGIN: '010',
       MEME_NAME: '张蕾',
       GPGP_NAME: '上海保滏信息技术有限公司',
       PSPS_NAME: '员工',
       DPDP_NAME: '总经办',
       MEME_STS: '01',
       MEME_EMP_ID: '010',
       MEME_EMAIL: 'adah.zhang@powerfultone.com' } ] }

2019-03-19T15:39:38.259 TRACE default  api_json接收到前台的参数: { m: 'SELECT', SP_NAME: 'SP_DPPS_ALARM_SHOW' }

2019-03-19T15:39:38.264 TRACE default  api_json接收到前台的参数: { m: 'LIST',
  SP_NAME: 'SP_LVLV_LEAVE_INFO_LIST',
  SELF_IND: 'Y',
  QUERY: '',
  DATE_FRM: '2019-03-19',
  DATE_TO: '2019-03-19',
  page: 1,
  rows: 10 }

2019-03-19T15:39:38.284 TRACE default  api_json传给前台数据: [ { WCOUNT: 18, EHUSER: 6 } ]

2019-03-19T15:39:38.428 TRACE default  api_json传给前台数据: { total: 0, rows: [] }

2019-03-19T15:41:16.210 TRACE default  api_json接收到前台的参数: { m: 'LIST',
  SP_NAME: 'SP_LVLV_LEAVE_INFO_LIST',
  SELF_IND: 'Y',
  QUERY: '',
  DATE_FRM: '2019-03-01',
  DATE_TO: '2019-03-31',
  page: 1,
  rows: 10 }

2019-03-19T15:41:16.289 TRACE default  api_json传给前台数据: { total: 1,
  rows: 
   [ { LVLV_KY: 4421,
       MEME_KY: 10006,
       GPGP_KY: 1002,
       MEME_NAME: '系统管理员',
       MEME_EMP_ID: '006',
       LVLV_STS: '341',
       LVLV_STS_DESC: '老板待审核',
       SYSV_LVLV_TYPE: 'BD',
       SYSV_LVLV_TYPE_DESC: '调休',
       LVLV_ID: 'LV201903110001',
       OTHER_TYPE_DESC: '',
       LVLV_ENTRY_DT: '2019-03-11',
       LVLV_HOUR: 2,
       REVIEW_HOUR: 0,
       LVLV_FRM_DTM: '2019-03-11 09:30',
       LVLV_TO_DTM: '2019-03-11 18:00',
       OPERATOR_EHUSER: '6',
       DPPS_KY: 6,
       LVLV_COMMENT: '00',
       REFUSE_REASON: '',
       REVIEW_IND: 'Y',
       AUDIT_BUTTON_FEATURE: '' } ] }

2019-03-19T15:46:04.264 TRACE default  api_json接收到前台的参数: { m: 'LIST',
  SP_NAME: 'SP_LVLV_LEAVE_INFO_LIST',
  SELF_IND: 'Y',
  QUERY: '',
  DATE_FRM: '2019-03-01',
  DATE_TO: '2019-03-31',
  page: 1,
  rows: 10 }

2019-03-19T15:46:04.351 TRACE default  api_json传给前台数据: { total: 1,
  rows: 
   [ { LVLV_KY: 4421,
       MEME_KY: 10006,
       GPGP_KY: 1002,
       MEME_NAME: '系统管理员',
       MEME_EMP_ID: '006',
       LVLV_STS: '341',
       LVLV_STS_DESC: '老板待审核',
       SYSV_LVLV_TYPE: 'BD',
       SYSV_LVLV_TYPE_DESC: '调休',
       LVLV_ID: 'LV201903110001',
       OTHER_TYPE_DESC: '',
       LVLV_ENTRY_DT: '2019-03-11',
       LVLV_HOUR: 2,
       REVIEW_HOUR: 0,
       LVLV_FRM_DTM: '2019-03-11 09:30',
       LVLV_TO_DTM: '2019-03-11 18:00',
       OPERATOR_EHUSER: '6',
       DPPS_KY: 6,
       LVLV_COMMENT: '00',
       REFUSE_REASON: '',
       REVIEW_IND: 'Y',
       AUDIT_BUTTON_FEATURE: '' } ] }

2019-03-19T15:50:29.412 TRACE default  api_json接收到前台的参数: { m: 'SELECT', SP_NAME: 'SP_DPPS_ALARM_SHOW' }

2019-03-19T15:50:29.422 TRACE default  api_json接收到前台的参数: { m: 'multi_result',
  SP_NAME: 'SP_LVLV_PRE_LOAD',
  APPLY_EHUSER: '6' }

2019-03-19T15:50:29.514 TRACE default  api_json传给前台数据: [ { WCOUNT: 18, EHUSER: 6 } ]

2019-03-19T15:50:29.530 TRACE default  api_json传给前台数据: { result: { RETURN_CODE: 0, RETURN_MESSAGE: '' },
  bill_id: { LVLV_ID: 'LV201903190001' },
  position: 
   [ { MEME_KY: 10006,
       GPGP_KY: 1002,
       PSPS_KY: 2222,
       APPLY_EHUSER: 6,
       OPERATOR_EHUSER: '0' } ],
  lvav: { MEME_KY: 10006, APPLY_AL_DAY: 6 },
  lvot: { MEME_KY: 10006, APPLY_OT_HOUR: 68.6 },
  lv_type: 
   [ { SYSV_LVLV_TYPE: 'AL',
       SYSV_LVLV_TYPE_DESC: '年假',
       SYSV_CLIENT_DESC: '' },
     { SYSV_LVLV_TYPE: 'BD',
       SYSV_LVLV_TYPE_DESC: '调休',
       SYSV_CLIENT_DESC: '' },
     { SYSV_LVLV_TYPE: 'SL',
       SYSV_LVLV_TYPE_DESC: '病假【提供病假单影像】',
       SYSV_CLIENT_DESC: 'Y' },
     { SYSV_LVLV_TYPE: 'CL',
       SYSV_LVLV_TYPE_DESC: '事假',
       SYSV_CLIENT_DESC: '' },
     { SYSV_LVLV_TYPE: 'MH',
       SYSV_LVLV_TYPE_DESC: '婚假【提供结婚证影像】',
       SYSV_CLIENT_DESC: 'Y' },
     { SYSV_LVLV_TYPE: 'FL',
       SYSV_LVLV_TYPE_DESC: '丧假【提供死亡证明影像】',
       SYSV_CLIENT_DESC: 'Y' },
     { SYSV_LVLV_TYPE: 'ML',
       SYSV_LVLV_TYPE_DESC: '产假',
       SYSV_CLIENT_DESC: '' },
     { SYSV_LVLV_TYPE: 'NL',
       SYSV_LVLV_TYPE_DESC: '护理假',
       SYSV_CLIENT_DESC: '' },
     { SYSV_LVLV_TYPE: 'OT',
       SYSV_LVLV_TYPE_DESC: '其他',
       SYSV_CLIENT_DESC: '' } ],
  lvlv_info: {},
  lvlv_images: [],
  lvlv_auditing: [],
  meme_info: 
   { DPPS_KY: 6,
     MEME_KY: 10006,
     GPGP_KY: 1002,
     DPDP_KY: 102,
     PSPS_KY: 2222,
     LVAL_KY: 25,
     TOTAL_AL_DAY: 10,
     USAGE_AL_DAY: 1,
     APPLY_AL_DAY: 6,
     OTOT_KY: 3,
     APPLY_OT_HOUR: 67.6,
     USAGE_OT_HOUR: 14,
     MEME_LOGIN: '006',
     MEME_NAME: '系统管理员',
     MEME_EMP_ID: '006',
     SYSV_CERT_TYPE: 'C',
     MEME_CERT_ID_NUM: '310102198108133639',
     PSPS_NAME: '部门负责人',
     DPDP_NAME: 'IT技术部',
     GPGP_ID: 'PCT',
     GPGP_NAME: '上海保滏信息技术有限公司' } }

2019-03-19T15:50:30.612 TRACE default  api_json接收到前台的参数: { m: 'SELECT', SP_NAME: 'SP_DPPS_ALARM_SHOW' }

2019-03-19T15:50:30.617 TRACE default  api_json接收到前台的参数: { m: 'LIST',
  SP_NAME: 'SP_LVLV_LEAVE_INFO_LIST',
  SELF_IND: 'Y',
  QUERY: '',
  DATE_FRM: '2019-03-01',
  DATE_TO: '2019-03-31',
  page: 1,
  rows: 10 }

2019-03-19T15:50:30.643 TRACE default  api_json传给前台数据: [ { WCOUNT: 18, EHUSER: 6 } ]

2019-03-19T15:50:30.706 TRACE default  api_json传给前台数据: { total: 1,
  rows: 
   [ { LVLV_KY: 4421,
       MEME_KY: 10006,
       GPGP_KY: 1002,
       MEME_NAME: '系统管理员',
       MEME_EMP_ID: '006',
       LVLV_STS: '341',
       LVLV_STS_DESC: '老板待审核',
       SYSV_LVLV_TYPE: 'BD',
       SYSV_LVLV_TYPE_DESC: '调休',
       LVLV_ID: 'LV201903110001',
       OTHER_TYPE_DESC: '',
       LVLV_ENTRY_DT: '2019-03-11',
       LVLV_HOUR: 2,
       REVIEW_HOUR: 0,
       LVLV_FRM_DTM: '2019-03-11 09:30',
       LVLV_TO_DTM: '2019-03-11 18:00',
       OPERATOR_EHUSER: '6',
       DPPS_KY: 6,
       LVLV_COMMENT: '00',
       REFUSE_REASON: '',
       REVIEW_IND: 'Y',
       AUDIT_BUTTON_FEATURE: '' } ] }

2019-03-19T15:53:41.378 TRACE default  api_json接收到前台的参数: { m: 'SELECT', SP_NAME: 'SP_DPPS_ALARM_SHOW' }

2019-03-19T15:53:41.385 TRACE default  api_json接收到前台的参数: { m: 'multi_result',
  SP_NAME: 'SP_LVLV_PRE_LOAD',
  LVLV_KY: '4421' }

2019-03-19T15:53:41.453 TRACE default  api_json传给前台数据: [ { WCOUNT: 18, EHUSER: 6 } ]

2019-03-19T15:53:41.520 TRACE default  api_json传给前台数据: { result: { RETURN_CODE: 0, RETURN_MESSAGE: '' },
  bill_id: { LVLV_ID: 'LV201903110001' },
  position: 
   [ { MEME_KY: 10006,
       GPGP_KY: 1002,
       PSPS_KY: 2222,
       APPLY_EHUSER: 6,
       OPERATOR_EHUSER: '6' } ],
  lvav: { MEME_KY: 10006, APPLY_AL_DAY: 6 },
  lvot: { MEME_KY: 10006, APPLY_OT_HOUR: 68.6 },
  lv_type: 
   [ { SYSV_LVLV_TYPE: 'AL',
       SYSV_LVLV_TYPE_DESC: '年假',
       SYSV_CLIENT_DESC: '' },
     { SYSV_LVLV_TYPE: 'BD',
       SYSV_LVLV_TYPE_DESC: '调休',
       SYSV_CLIENT_DESC: '' },
     { SYSV_LVLV_TYPE: 'SL',
       SYSV_LVLV_TYPE_DESC: '病假【提供病假单影像】',
       SYSV_CLIENT_DESC: 'Y' },
     { SYSV_LVLV_TYPE: 'CL',
       SYSV_LVLV_TYPE_DESC: '事假',
       SYSV_CLIENT_DESC: '' },
     { SYSV_LVLV_TYPE: 'MH',
       SYSV_LVLV_TYPE_DESC: '婚假【提供结婚证影像】',
       SYSV_CLIENT_DESC: 'Y' },
     { SYSV_LVLV_TYPE: 'FL',
       SYSV_LVLV_TYPE_DESC: '丧假【提供死亡证明影像】',
       SYSV_CLIENT_DESC: 'Y' },
     { SYSV_LVLV_TYPE: 'ML',
       SYSV_LVLV_TYPE_DESC: '产假',
       SYSV_CLIENT_DESC: '' },
     { SYSV_LVLV_TYPE: 'NL',
       SYSV_LVLV_TYPE_DESC: '护理假',
       SYSV_CLIENT_DESC: '' },
     { SYSV_LVLV_TYPE: 'OT',
       SYSV_LVLV_TYPE_DESC: '其他',
       SYSV_CLIENT_DESC: '' } ],
  lvlv_info: 
   { LVLV_KY: 4421,
     MEME_KY: 10006,
     GPGP_KY: 1002,
     SYSV_LVLV_TYPE: 'BD',
     OTHER_TYPE_DESC: '',
     LVLV_STS: '341',
     LVLV_FRM_DTM: '2019-03-11 09:30',
     LVLV_TO_DTM: '2019-03-11 18:00',
     LVLV_HOUR: 2,
     REVIEW_HOUR: 0,
     LVLV_ENTRY_DT: '2019-03-11',
     LVLV_REVIEW_DT: '',
     LVLV_FINAL_DT: '',
     OPERATOR_EHUSER: '6',
     DPPS_KY: 6,
     REFUSE_REASON: '',
     LVLV_COMMENT: '00',
     LVLV_STS_DESC: '老板待审核',
     SYSV_LVLV_TYPE_DESC: '调休',
     MEME_NAME: '系统管理员',
     DPDP_NAME: 'IT技术部',
     AUDIT_BUTTON_FEATURE: '' },
  lvlv_images: 
   [ { IMIM_KY: 4422,
       SYS_KY: 4421,
       IMIM_ID: '',
       IMIM_NAME_PATH: 'e:\\FILE_UPLOAD\\190311\\veer-135892015.jpg' } ],
  lvlv_auditing: 
   [ { MEME_NAME: '秦麟晨',
       LVLV_KY: 4421,
       STLG_DTM: '2019-03-11 12:53',
       STLG_STS_DESC: '老板待审核',
       STLG_COMMENT: 'aasdads' },
     { MEME_NAME: '系统管理员',
       LVLV_KY: 4421,
       STLG_DTM: '2019-03-11 12:51',
       STLG_STS_DESC: 'HR待审核',
       STLG_COMMENT: '' },
     { MEME_NAME: '系统管理员',
       LVLV_KY: 4421,
       STLG_DTM: '2019-03-11 12:51',
       STLG_STS_DESC: '部门待审核',
       STLG_COMMENT: '' },
     { MEME_NAME: '系统管理员',
       LVLV_KY: 4421,
       STLG_DTM: '2019-03-11 12:51',
       STLG_STS_DESC: '请假申请',
       STLG_COMMENT: '00' } ],
  meme_info: 
   { DPPS_KY: 6,
     MEME_KY: 10006,
     GPGP_KY: 1002,
     DPDP_KY: 102,
     PSPS_KY: 2222,
     LVAL_KY: 25,
     TOTAL_AL_DAY: 10,
     USAGE_AL_DAY: 1,
     APPLY_AL_DAY: 6,
     OTOT_KY: 3,
     APPLY_OT_HOUR: 67.6,
     USAGE_OT_HOUR: 14,
     MEME_LOGIN: '006',
     MEME_NAME: '系统管理员',
     MEME_EMP_ID: '006',
     SYSV_CERT_TYPE: 'C',
     MEME_CERT_ID_NUM: '310102198108133639',
     PSPS_NAME: '部门负责人',
     DPDP_NAME: 'IT技术部',
     GPGP_ID: 'PCT',
     GPGP_NAME: '上海保滏信息技术有限公司' } }

2019-03-19T15:53:41.584 INFO default  图片位置: e:\FILE_UPLOAD\190311\veer-135892015.jpg

2019-03-19T15:53:42.814 TRACE default  api_json接收到前台的参数: { m: 'SELECT', SP_NAME: 'SP_DPPS_ALARM_SHOW' }

2019-03-19T15:53:42.818 TRACE default  api_json接收到前台的参数: { m: 'LIST',
  SP_NAME: 'SP_LVLV_LEAVE_INFO_LIST',
  SELF_IND: 'Y',
  QUERY: '',
  DATE_FRM: '2019-03-01',
  DATE_TO: '2019-03-31',
  page: 1,
  rows: 10 }

2019-03-19T15:53:42.841 TRACE default  api_json传给前台数据: [ { WCOUNT: 18, EHUSER: 6 } ]

2019-03-19T15:53:42.896 TRACE default  api_json传给前台数据: { total: 1,
  rows: 
   [ { LVLV_KY: 4421,
       MEME_KY: 10006,
       GPGP_KY: 1002,
       MEME_NAME: '系统管理员',
       MEME_EMP_ID: '006',
       LVLV_STS: '341',
       LVLV_STS_DESC: '老板待审核',
       SYSV_LVLV_TYPE: 'BD',
       SYSV_LVLV_TYPE_DESC: '调休',
       LVLV_ID: 'LV201903110001',
       OTHER_TYPE_DESC: '',
       LVLV_ENTRY_DT: '2019-03-11',
       LVLV_HOUR: 2,
       REVIEW_HOUR: 0,
       LVLV_FRM_DTM: '2019-03-11 09:30',
       LVLV_TO_DTM: '2019-03-11 18:00',
       OPERATOR_EHUSER: '6',
       DPPS_KY: 6,
       LVLV_COMMENT: '00',
       REFUSE_REASON: '',
       REVIEW_IND: 'Y',
       AUDIT_BUTTON_FEATURE: '' } ] }

2019-03-19T15:55:02.046 TRACE default  api_json接收到前台的参数: { m: 'SELECT', SP_NAME: 'SP_DPPS_ALARM_SHOW' }

2019-03-19T15:55:02.051 TRACE default  api_json接收到前台的参数: { m: 'multi_result',
  SP_NAME: 'SP_LVLV_PRE_LOAD',
  APPLY_EHUSER: '6' }

2019-03-19T15:55:02.119 TRACE default  api_json传给前台数据: [ { WCOUNT: 18, EHUSER: 6 } ]

2019-03-19T15:55:02.181 TRACE default  api_json传给前台数据: { result: { RETURN_CODE: 0, RETURN_MESSAGE: '' },
  bill_id: { LVLV_ID: 'LV201903190001' },
  position: 
   [ { MEME_KY: 10006,
       GPGP_KY: 1002,
       PSPS_KY: 2222,
       APPLY_EHUSER: 6,
       OPERATOR_EHUSER: '0' } ],
  lvav: { MEME_KY: 10006, APPLY_AL_DAY: 6 },
  lvot: { MEME_KY: 10006, APPLY_OT_HOUR: 68.6 },
  lv_type: 
   [ { SYSV_LVLV_TYPE: 'AL',
       SYSV_LVLV_TYPE_DESC: '年假',
       SYSV_CLIENT_DESC: '' },
     { SYSV_LVLV_TYPE: 'BD',
       SYSV_LVLV_TYPE_DESC: '调休',
       SYSV_CLIENT_DESC: '' },
     { SYSV_LVLV_TYPE: 'SL',
       SYSV_LVLV_TYPE_DESC: '病假【提供病假单影像】',
       SYSV_CLIENT_DESC: 'Y' },
     { SYSV_LVLV_TYPE: 'CL',
       SYSV_LVLV_TYPE_DESC: '事假',
       SYSV_CLIENT_DESC: '' },
     { SYSV_LVLV_TYPE: 'MH',
       SYSV_LVLV_TYPE_DESC: '婚假【提供结婚证影像】',
       SYSV_CLIENT_DESC: 'Y' },
     { SYSV_LVLV_TYPE: 'FL',
       SYSV_LVLV_TYPE_DESC: '丧假【提供死亡证明影像】',
       SYSV_CLIENT_DESC: 'Y' },
     { SYSV_LVLV_TYPE: 'ML',
       SYSV_LVLV_TYPE_DESC: '产假',
       SYSV_CLIENT_DESC: '' },
     { SYSV_LVLV_TYPE: 'NL',
       SYSV_LVLV_TYPE_DESC: '护理假',
       SYSV_CLIENT_DESC: '' },
     { SYSV_LVLV_TYPE: 'OT',
       SYSV_LVLV_TYPE_DESC: '其他',
       SYSV_CLIENT_DESC: '' } ],
  lvlv_info: {},
  lvlv_images: [],
  lvlv_auditing: [],
  meme_info: 
   { DPPS_KY: 6,
     MEME_KY: 10006,
     GPGP_KY: 1002,
     DPDP_KY: 102,
     PSPS_KY: 2222,
     LVAL_KY: 25,
     TOTAL_AL_DAY: 10,
     USAGE_AL_DAY: 1,
     APPLY_AL_DAY: 6,
     OTOT_KY: 3,
     APPLY_OT_HOUR: 67.6,
     USAGE_OT_HOUR: 14,
     MEME_LOGIN: '006',
     MEME_NAME: '系统管理员',
     MEME_EMP_ID: '006',
     SYSV_CERT_TYPE: 'C',
     MEME_CERT_ID_NUM: '310102198108133639',
     PSPS_NAME: '部门负责人',
     DPDP_NAME: 'IT技术部',
     GPGP_ID: 'PCT',
     GPGP_NAME: '上海保滏信息技术有限公司' } }

2019-03-19T15:58:42.540 TRACE default  api_json接收到前台的参数: { m: 'LIST', SP_NAME: 'SP_DPPS_APPLY_LIST', MEME_QUERY: '' }

2019-03-19T15:58:42.618 TRACE default  api_json传给前台数据: { total: 12,
  rows: 
   [ { DPPS_KY: 11,
       MEME_KY: 10011,
       GPGP_KY: 1002,
       DPDP_KY: 102,
       PSPS_KY: 2222,
       COMMENT: '',
       MEME_LOGIN: '012',
       MEME_NAME: '陈屹',
       GPGP_NAME: '上海保滏信息技术有限公司',
       PSPS_NAME: '部门负责人',
       DPDP_NAME: 'IT技术部',
       MEME_STS: '01',
       MEME_EMP_ID: '012',
       MEME_EMAIL: 'cyril.chen@powerfultone.com' },
     { DPPS_KY: 5,
       MEME_KY: 10005,
       GPGP_KY: 1002,
       DPDP_KY: 102,
       PSPS_KY: 2222,
       COMMENT: '',
       MEME_LOGIN: '005',
       MEME_NAME: '邵俊杰',
       GPGP_NAME: '上海保滏信息技术有限公司',
       PSPS_NAME: '部门负责人',
       DPDP_NAME: 'IT技术部',
       MEME_STS: '01',
       MEME_EMP_ID: '005',
       MEME_EMAIL: 'kid.shao@powerfultone.com' },
     { DPPS_KY: 6,
       MEME_KY: 10006,
       GPGP_KY: 1002,
       DPDP_KY: 102,
       PSPS_KY: 2222,
       COMMENT: '',
       MEME_LOGIN: '006',
       MEME_NAME: '系统管理员',
       GPGP_NAME: '上海保滏信息技术有限公司',
       PSPS_NAME: '部门负责人',
       DPDP_NAME: 'IT技术部',
       MEME_STS: '01',
       MEME_EMP_ID: '006',
       MEME_EMAIL: 'julian.zhu@powerfultone.com' },
     { DPPS_KY: 26,
       MEME_KY: 10026,
       GPGP_KY: 1002,
       DPDP_KY: 102,
       PSPS_KY: 3333,
       COMMENT: '',
       MEME_LOGIN: '035',
       MEME_NAME: '李超',
       GPGP_NAME: '上海保滏信息技术有限公司',
       PSPS_NAME: '员工',
       DPDP_NAME: 'IT技术部',
       MEME_STS: '01',
       MEME_EMP_ID: '035',
       MEME_EMAIL: 'chao.li@powerfultone.com' },
     { DPPS_KY: 12,
       MEME_KY: 10012,
       GPGP_KY: 1002,
       DPDP_KY: 102,
       PSPS_KY: 3333,
       COMMENT: '',
       MEME_LOGIN: '013',
       MEME_NAME: '汤俊慧',
       GPGP_NAME: '上海保滏信息技术有限公司',
       PSPS_NAME: '员工',
       DPDP_NAME: 'IT技术部',
       MEME_STS: '01',
       MEME_EMP_ID: '013',
       MEME_EMAIL: 'dream.tang@powerfultone.com' },
     { DPPS_KY: 13,
       MEME_KY: 10013,
       GPGP_KY: 1002,
       DPDP_KY: 102,
       PSPS_KY: 3333,
       COMMENT: '',
       MEME_LOGIN: '014',
       MEME_NAME: '王军强',
       GPGP_NAME: '上海保滏信息技术有限公司',
       PSPS_NAME: '员工',
       DPDP_NAME: 'IT技术部',
       MEME_STS: '01',
       MEME_EMP_ID: '014',
       MEME_EMAIL: 'johnny.wang@powerfultone.com' },
     { DPPS_KY: 8,
       MEME_KY: 10008,
       GPGP_KY: 1002,
       DPDP_KY: 102,
       PSPS_KY: 3333,
       COMMENT: '',
       MEME_LOGIN: '008',
       MEME_NAME: '徐鹏',
       GPGP_NAME: '上海保滏信息技术有限公司',
       PSPS_NAME: '员工',
       DPDP_NAME: 'IT技术部',
       MEME_STS: '01',
       MEME_EMP_ID: '008',
       MEME_EMAIL: 'allen.xu@powerfultone.com' },
     { DPPS_KY: 37,
       MEME_KY: 10002,
       GPGP_KY: 1002,
       DPDP_KY: 101,
       PSPS_KY: 1111,
       COMMENT: '',
       MEME_LOGIN: '002',
       MEME_NAME: '刘峰',
       GPGP_NAME: '上海保滏信息技术有限公司',
       PSPS_NAME: '高级管理人员',
       DPDP_NAME: '总经办',
       MEME_STS: '01',
       MEME_EMP_ID: '002',
       MEME_EMAIL: 'tommy.liu@powerfultone.com' },
     { DPPS_KY: 34,
       MEME_KY: 10001,
       GPGP_KY: 1002,
       DPDP_KY: 101,
       PSPS_KY: 1111,
       COMMENT: '',
       MEME_LOGIN: '001',
       MEME_NAME: '谢毅',
       GPGP_NAME: '上海保滏信息技术有限公司',
       PSPS_NAME: '高级管理人员',
       DPDP_NAME: '总经办',
       MEME_STS: '01',
       MEME_EMP_ID: '001',
       MEME_EMAIL: 'hilfiger.tse@powerfultone.com' },
     { DPPS_KY: 25,
       MEME_KY: 10025,
       GPGP_KY: 1002,
       DPDP_KY: 106,
       PSPS_KY: 2222,
       COMMENT: '',
       MEME_LOGIN: '034',
       MEME_NAME: '罗金玉',
       GPGP_NAME: '上海保滏信息技术有限公司',
       PSPS_NAME: '部门负责人',
       DPDP_NAME: '齿科产品渠道销售部',
       MEME_STS: '01',
       MEME_EMP_ID: '034',
       MEME_EMAIL: 'yoyo.luo@powerfultone.com' },
     { DPPS_KY: 24,
       MEME_KY: 10024,
       GPGP_KY: 1002,
       DPDP_KY: 107,
       PSPS_KY: 2222,
       COMMENT: '',
       MEME_LOGIN: '031',
       MEME_NAME: '乔秀琼',
       GPGP_NAME: '上海保滏信息技术有限公司',
       PSPS_NAME: '部门负责人',
       DPDP_NAME: '医疗行业拓展事业部',
       MEME_STS: '01',
       MEME_EMP_ID: '031',
       MEME_EMAIL: '\nrita.qiao@powerfultone.com\n' },
     { DPPS_KY: 40,
       MEME_KY: 10010,
       GPGP_KY: 1002,
       DPDP_KY: 101,
       PSPS_KY: 3333,
       COMMENT: '',
       MEME_LOGIN: '010',
       MEME_NAME: '张蕾',
       GPGP_NAME: '上海保滏信息技术有限公司',
       PSPS_NAME: '员工',
       DPDP_NAME: '总经办',
       MEME_STS: '01',
       MEME_EMP_ID: '010',
       MEME_EMAIL: 'adah.zhang@powerfultone.com' } ] }

2019-03-19T15:59:39.935 TRACE default  api_json接收到前台的参数: { m: 'SELECT', SP_NAME: 'SP_DPPS_ALARM_SHOW' }

2019-03-19T15:59:39.948 TRACE default  api_json接收到前台的参数: { m: 'multi_result', SP_NAME: 'SP_VERIFY_LOAD' }

2019-03-19T15:59:40.027 TRACE default  api_json传给前台数据: [ { WCOUNT: 18, EHUSER: 6 } ]

2019-03-19T15:59:40.048 TRACE default  api_json传给前台数据: { result: { RETURN_CODE: 0, RETURN_MESSAGE: '' },
  meme_info: 
   { DPPS_KY: 6,
     MEME_KY: 10006,
     GPGP_KY: 1002,
     DPDP_KY: 102,
     PSPS_KY: 2222,
     COMMENT: '',
     MEME_LOGIN: '006',
     MEME_NAME: '系统管理员',
     GPGP_NAME: '上海保滏信息技术有限公司',
     PSPS_NAME: '部门负责人',
     DPDP_NAME: 'IT技术部',
     MEME_STS: '01',
     MEME_EMP_ID: '006',
     MEME_EMAIL: 'julian.zhu@powerfultone.com' },
  menu_list: 
   [ { DPPS_KY: 6,
       SYCR_KY: 905,
       SYCR_NAME: '待审核',
       SYCR_LAB_TXT_CH: '待审核',
       SYCR_LINK: 'audited',
       SORT_ORDER: 0,
       SYCR_CLASS: 'icon-daishenhe' },
     { DPPS_KY: 6,
       SYCR_KY: 901,
       SYCR_NAME: '报销管理',
       SYCR_LAB_TXT_CH: '报销管理',
       SYCR_LINK: 'reimburse',
       SORT_ORDER: 5,
       SYCR_CLASS: 'icon-baoxiao1' },
     { DPPS_KY: 6,
       SYCR_KY: 902,
       SYCR_NAME: '外勤管理',
       SYCR_LAB_TXT_CH: '外勤管理',
       SYCR_LINK: 'report',
       SORT_ORDER: 10,
       SYCR_CLASS: 'icon-waiqin' },
     { DPPS_KY: 6,
       SYCR_KY: 903,
       SYCR_NAME: '员工请假',
       SYCR_LAB_TXT_CH: '员工请假',
       SYCR_LINK: 'askForLeave',
       SORT_ORDER: 15,
       SYCR_CLASS: 'icon-qingjia' },
     { DPPS_KY: 6,
       SYCR_KY: 904,
       SYCR_NAME: '加班申请',
       SYCR_LAB_TXT_CH: '加班申请',
       SYCR_LINK: 'overTime',
       SORT_ORDER: 20,
       SYCR_CLASS: 'icon-jiaban' },
     { DPPS_KY: 6,
       SYCR_KY: 906,
       SYCR_NAME: '其他',
       SYCR_LAB_TXT_CH: '其他',
       SYCR_LINK: 'other',
       SORT_ORDER: 25,
       SYCR_CLASS: 'icon-qita' } ],
  hr_notes_catalog: 
   [ { SYSV_KY: 701,
       SYSV_DESC: '出差',
       SYSV_VALUE: 'BSTP',
       SYSV_TYPE: 'SYSV_ATDC_TYPE',
       SYSV_CLIENT_DESC: '\'住宿费({{LIMIT_AC}}元) * 天数({{ATDC_DAY}}天) * 人数({{ATDC_HUMAN_CNT}}人) + 餐补({{LIMIT_TM}}元) * 天数({{ATDC_DAY}}天) * 人数({{ATDC_HUMAN_CNT}}人) =<span class=\\\'sum_fee\\\'>\' + ({{LIMIT_AC}} * {{ATDC_DAY}} * {{ATDC_HUMAN_CNT}} + {{LIMIT_TM}}*{{ATDC_DAY}}*{{ATDC_HUMAN_CNT}} ).toFixed(2) + \'</span>元\';' },
     { SYSV_KY: 702,
       SYSV_DESC: '外勤',
       SYSV_VALUE: 'ETTN',
       SYSV_TYPE: 'SYSV_ATDC_TYPE',
       SYSV_CLIENT_DESC: '\'招待费({{LIMIT_BH}}元) * 人数({{ATDC_HUMAN_CNT}}人) = <span class=\\\'sum_fee\\\'>\' + ({{LIMIT_BH}}*{{ATDC_HUMAN_CNT}}).toFixed(2) + \'</span>元\';' } ],
  hr_notes_area: 
   [ { BSTR_ID: 'A001', BSTR_NAME: 'A类城市', BSTR_DESC: '北京、上海、广州、深圳' },
     { BSTR_ID: 'B001', BSTR_NAME: 'B类城市', BSTR_DESC: '省会及发达地区' },
     { BSTR_ID: 'C001', BSTR_NAME: 'C类城市', BSTR_DESC: '除A、B类城市外其他城市' } ],
  finance_fee_type: 
   [ { FEPP_KY: 100,
       SYSV_FEPP_TYPE: '',
       FEPP_NAME: '销售费用',
       PARENT_FEPP_KY: 0,
       FORMULA: '' },
     { FEPP_KY: 101,
       SYSV_FEPP_TYPE: '',
       FEPP_NAME: '返佣',
       PARENT_FEPP_KY: 0,
       FORMULA: '' },
     { FEPP_KY: 102,
       SYSV_FEPP_TYPE: '',
       FEPP_NAME: '饭贴',
       PARENT_FEPP_KY: 0,
       FORMULA: '' },
     { FEPP_KY: 103,
       SYSV_FEPP_TYPE: '',
       FEPP_NAME: '其他',
       PARENT_FEPP_KY: 0,
       FORMULA: '' },
     { FEPP_KY: 1001,
       SYSV_FEPP_TYPE: 'BH',
       FEPP_NAME: '业务招待费',
       PARENT_FEPP_KY: 100,
       FORMULA: '\'招待费({{LIMIT_BH}}元) * 人数({{ATDC_HUMAN_CNT}}人) = <span class=\\\'sum_fee\\\'>\' + ({{LIMIT_BH}}*{{ATDC_HUMAN_CNT}}).toFixed(2) + \'</span>元\';' },
     { FEPP_KY: 1002,
       SYSV_FEPP_TYPE: '',
       FEPP_NAME: '交通费',
       PARENT_FEPP_KY: 100,
       FORMULA: '' },
     { FEPP_KY: 1003,
       SYSV_FEPP_TYPE: '',
       FEPP_NAME: '市内交通费',
       PARENT_FEPP_KY: 100,
       FORMULA: '' },
     { FEPP_KY: 1004,
       SYSV_FEPP_TYPE: 'AC',
       FEPP_NAME: '住宿费',
       PARENT_FEPP_KY: 100,
       FORMULA: '\'住宿费({{LIMIT_AC}}元) * 天数({{ATDC_DAY}}天) * 人数({{ATDC_HUMAN_CNT}}人) =<span class=\\\'sum_fee\\\'>\' + ({{LIMIT_AC}} * {{ATDC_DAY}} * {{ATDC_HUMAN_CNT}}).toFixed(2) + \'</span>元\';' },
     { FEPP_KY: 1005,
       SYSV_FEPP_TYPE: 'TM',
       FEPP_NAME: '差旅餐补',
       PARENT_FEPP_KY: 100,
       FORMULA: '\'餐补({{LIMIT_TM}}元) * 天数({{ATDC_DAY}}天) * 人数({{ATDC_HUMAN_CNT}}人) =<span class=\\\'sum_fee\\\'>\' + ({{LIMIT_TM}}*{{ATDC_DAY}}*{{ATDC_HUMAN_CNT}}).toFixed(2) + \'</span>元\';' },
     { FEPP_KY: 1006,
       SYSV_FEPP_TYPE: '',
       FEPP_NAME: '通信费',
       PARENT_FEPP_KY: 100,
       FORMULA: '' },
     { FEPP_KY: 1007,
       SYSV_FEPP_TYPE: '',
       FEPP_NAME: '水电费',
       PARENT_FEPP_KY: 100,
       FORMULA: '' },
     { FEPP_KY: 1008,
       SYSV_FEPP_TYPE: '',
       FEPP_NAME: '办公费',
       PARENT_FEPP_KY: 100,
       FORMULA: '' },
     { FEPP_KY: 1009,
       SYSV_FEPP_TYPE: '',
       FEPP_NAME: '办公用品',
       PARENT_FEPP_KY: 100,
       FORMULA: '' },
     { FEPP_KY: 1010,
       SYSV_FEPP_TYPE: '',
       FEPP_NAME: '租赁费',
       PARENT_FEPP_KY: 100,
       FORMULA: '' },
     { FEPP_KY: 1011,
       SYSV_FEPP_TYPE: '',
       FEPP_NAME: '快递费',
       PARENT_FEPP_KY: 100,
       FORMULA: '' },
     { FEPP_KY: 1099,
       SYSV_FEPP_TYPE: '',
       FEPP_NAME: '其他',
       PARENT_FEPP_KY: 100,
       FORMULA: '' },
     { FEPP_KY: 2001,
       SYSV_FEPP_TYPE: 'BH',
       FEPP_NAME: '业务招待费',
       PARENT_FEPP_KY: 101,
       FORMULA: '\'招待费({{LIMIT_BH}}元) * 人数({{ATDC_HUMAN_CNT}}人) = <span class=\\\'sum_fee\\\'>\' + ({{LIMIT_BH}}*{{ATDC_HUMAN_CNT}}).toFixed(2) + \'</span>元\';' },
     { FEPP_KY: 2002,
       SYSV_FEPP_TYPE: '',
       FEPP_NAME: '交通费',
       PARENT_FEPP_KY: 101,
       FORMULA: '' },
     { FEPP_KY: 2003,
       SYSV_FEPP_TYPE: '',
       FEPP_NAME: '市内交通费',
       PARENT_FEPP_KY: 101,
       FORMULA: '' },
     { FEPP_KY: 2004,
       SYSV_FEPP_TYPE: 'AC',
       FEPP_NAME: '住宿费',
       PARENT_FEPP_KY: 101,
       FORMULA: '\'住宿费({{LIMIT_AC}}元) * 天数({{ATDC_DAY}}天) * 人数({{ATDC_HUMAN_CNT}}人) =<span class=\\\'sum_fee\\\'>\' + ({{LIMIT_AC}} * {{ATDC_DAY}} * {{ATDC_HUMAN_CNT}}).toFixed(2) + \'</span>元\';' },
     { FEPP_KY: 2005,
       SYSV_FEPP_TYPE: 'TM',
       FEPP_NAME: '差旅餐补',
       PARENT_FEPP_KY: 101,
       FORMULA: '\'餐补({{LIMIT_TM}}元) * 天数({{ATDC_DAY}}天) * 人数({{ATDC_HUMAN_CNT}}人) =<span class=\\\'sum_fee\\\'>\' + ({{LIMIT_TM}}*{{ATDC_DAY}}*{{ATDC_HUMAN_CNT}}).toFixed(2) + \'</span>元\';' },
     { FEPP_KY: 2006,
       SYSV_FEPP_TYPE: '',
       FEPP_NAME: '通信费',
       PARENT_FEPP_KY: 101,
       FORMULA: '' },
     { FEPP_KY: 2007,
       SYSV_FEPP_TYPE: '',
       FEPP_NAME: '水电费',
       PARENT_FEPP_KY: 101,
       FORMULA: '' },
     { FEPP_KY: 2008,
       SYSV_FEPP_TYPE: '',
       FEPP_NAME: '办公费',
       PARENT_FEPP_KY: 101,
       FORMULA: '' },
     { FEPP_KY: 2009,
       SYSV_FEPP_TYPE: '',
       FEPP_NAME: '办公用品',
       PARENT_FEPP_KY: 101,
       FORMULA: '' },
     { FEPP_KY: 2010,
       SYSV_FEPP_TYPE: '',
       FEPP_NAME: '租赁费',
       PARENT_FEPP_KY: 101,
       FORMULA: '' },
     { FEPP_KY: 2011,
       SYSV_FEPP_TYPE: '',
       FEPP_NAME: '快递费',
       PARENT_FEPP_KY: 101,
       FORMULA: '' },
     { FEPP_KY: 2099,
       SYSV_FEPP_TYPE: '',
       FEPP_NAME: '其他',
       PARENT_FEPP_KY: 101,
       FORMULA: '' },
     { FEPP_KY: 3001,
       SYSV_FEPP_TYPE: 'BH',
       FEPP_NAME: '业务招待费',
       PARENT_FEPP_KY: 102,
       FORMULA: '\'招待费({{LIMIT_BH}}元) * 人数({{ATDC_HUMAN_CNT}}人) = <span class=\\\'sum_fee\\\'>\' + ({{LIMIT_BH}}*{{ATDC_HUMAN_CNT}}).toFixed(2) + \'</span>元\';' },
     { FEPP_KY: 3002,
       SYSV_FEPP_TYPE: '',
       FEPP_NAME: '交通费',
       PARENT_FEPP_KY: 102,
       FORMULA: '' },
     { FEPP_KY: 3003,
       SYSV_FEPP_TYPE: '',
       FEPP_NAME: '市内交通费',
       PARENT_FEPP_KY: 102,
       FORMULA: '' },
     { FEPP_KY: 3004,
       SYSV_FEPP_TYPE: 'AC',
       FEPP_NAME: '住宿费',
       PARENT_FEPP_KY: 102,
       FORMULA: '\'住宿费({{LIMIT_AC}}元) * 天数({{ATDC_DAY}}天) * 人数({{ATDC_HUMAN_CNT}}人) =<span class=\\\'sum_fee\\\'>\' + ({{LIMIT_AC}} * {{ATDC_DAY}} * {{ATDC_HUMAN_CNT}}).toFixed(2) + \'</span>元\';' },
     { FEPP_KY: 3005,
       SYSV_FEPP_TYPE: 'TM',
       FEPP_NAME: '差旅餐补',
       PARENT_FEPP_KY: 102,
       FORMULA: '\'餐补({{LIMIT_TM}}元) * 天数({{ATDC_DAY}}天) * 人数({{ATDC_HUMAN_CNT}}人) =<span class=\\\'sum_fee\\\'>\' + ({{LIMIT_TM}}*{{ATDC_DAY}}*{{ATDC_HUMAN_CNT}}).toFixed(2) + \'</span>元\';' },
     { FEPP_KY: 3006,
       SYSV_FEPP_TYPE: '',
       FEPP_NAME: '通信费',
       PARENT_FEPP_KY: 102,
       FORMULA: '' },
     { FEPP_KY: 3007,
       SYSV_FEPP_TYPE: '',
       FEPP_NAME: '水电费',
       PARENT_FEPP_KY: 102,
       FORMULA: '' },
     { FEPP_KY: 3008,
       SYSV_FEPP_TYPE: '',
       FEPP_NAME: '办公费',
       PARENT_FEPP_KY: 102,
       FORMULA: '' },
     { FEPP_KY: 3009,
       SYSV_FEPP_TYPE: '',
       FEPP_NAME: '办公用品',
       PARENT_FEPP_KY: 102,
       FORMULA: '' },
     { FEPP_KY: 3010,
       SYSV_FEPP_TYPE: '',
       FEPP_NAME: '租赁费',
       PARENT_FEPP_KY: 102,
       FORMULA: '' },
     { FEPP_KY: 3011,
       SYSV_FEPP_TYPE: '',
       FEPP_NAME: '快递费',
       PARENT_FEPP_KY: 102,
       FORMULA: '' },
     { FEPP_KY: 3099,
       SYSV_FEPP_TYPE: '',
       FEPP_NAME: '其他',
       PARENT_FEPP_KY: 102,
       FORMULA: '' },
     { FEPP_KY: 4099,
       SYSV_FEPP_TYPE: '',
       FEPP_NAME: '其他',
       PARENT_FEPP_KY: 103,
       FORMULA: '' } ],
  oa_type: 
   [ { OA_TYPE: 'ATDC', OA_TYPE_NAME: '外勤报备' },
     { OA_TYPE: 'RBRB', OA_TYPE_NAME: '报销管理' },
     { OA_TYPE: 'LVLV', OA_TYPE_NAME: '请假' },
     { OA_TYPE: 'OTBL', OA_TYPE_NAME: '加班申请' } ] }

2019-03-19T15:59:40.078 TRACE default  api_json接收到前台的参数: { m: 'SELECT', SP_NAME: 'SP_DPPS_ALARM_SHOW' }

2019-03-19T15:59:40.149 TRACE default  api_json传给前台数据: [ { WCOUNT: 18, EHUSER: 6 } ]

